#
# There is insufficient memory for the Java Runtime Environment to continue.
# Native memory allocation (mmap) failed to map 266338304 bytes for G1 virtual space
# Possible reasons:
#   The system is out of physical RAM or swap space
#   The process is running with CompressedOops enabled, and the Java Heap may be blocking the growth of the native heap
# Possible solutions:
#   Reduce memory load on the system
#   Increase physical memory or swap space
#   Check if swap backing store is full
#   Decrease Java heap size (-Xmx/-Xms)
#   Decrease number of Java threads
#   Decrease Java thread stack sizes (-Xss)
#   Set larger code cache with -XX:ReservedCodeCacheSize=
#   JVM is running with Zero Based Compressed Oops mode in which the Java heap is
#     placed in the first 32GB address space. The Java Heap base address is the
#     maximum limit for the native heap growth. Please use -XX:HeapBaseMinAddress
#     to set the Java Heap base and to place the Java Heap above 32GB virtual address.
# This output file may be truncated or incomplete.
#
#  Out of Memory Error (os_windows.cpp:3552), pid=48544, tid=39484
#
# JRE version:  (17.0.9+11) (build )
# Java VM: Java HotSpot(TM) 64-Bit Server VM (17.0.9+11-LTS-201, mixed mode, emulated-client, sharing, tiered, compressed oops, compressed class ptrs, g1 gc, windows-amd64)
# No core dump will be written. Minidumps are not enabled by default on client versions of Windows
#

---------------  S U M M A R Y ------------

Command Line: -XX:TieredStopAtLevel=1 -Dspring.output.ansi.enabled=always -Dcom.sun.management.jmxremote -Dspring.jmx.enabled=true -Dspring.liveBeansView.mbeanDomain -Dspring.application.admin.enabled=true -Dmanagement.endpoints.jmx.exposure.include=* -javaagent:D:\IntelliJ IDEA 2023.3.4\lib\idea_rt.jar=62342:D:\IntelliJ IDEA 2023.3.4\bin -Dfile.encoding=UTF-8 demo.MainApplication

Host: Intel(R) Core(TM) i7-10750H CPU @ 2.60GHz, 12 cores, 15G,  Windows 11 , 64 bit Build 22621 (10.0.22621.3235)
Time: Sun Mar 24 18:05:05 2024 SE Asia Standard Time elapsed time: 0.026086 seconds (0d 0h 0m 0s)

---------------  T H R E A D  ---------------

Current thread (0x000001fa84a2a410):  JavaThread "Unknown thread" [_thread_in_vm, id=39484, stack(0x000000400ae00000,0x000000400af00000)]

Stack: [0x000000400ae00000,0x000000400af00000]
Native frames: (J=compiled Java code, j=interpreted, Vv=VM code, C=native code)
V  [jvm.dll+0x678a4a]
V  [jvm.dll+0x7d9cfd]
V  [jvm.dll+0x7db60e]
V  [jvm.dll+0x7dbc73]
V  [jvm.dll+0x245e1f]
V  [jvm.dll+0x6758f9]
V  [jvm.dll+0x66a2a2]
V  [jvm.dll+0x303686]
V  [jvm.dll+0x30ac06]
V  [jvm.dll+0x35a48e]
V  [jvm.dll+0x35a6bf]
V  [jvm.dll+0x2da678]
V  [jvm.dll+0x2db5e4]
V  [jvm.dll+0x7ab6b1]
V  [jvm.dll+0x368041]
V  [jvm.dll+0x78a749]
V  [jvm.dll+0x3ebd4f]
V  [jvm.dll+0x3ed7d1]
C  [jli.dll+0x5297]
C  [ucrtbase.dll+0x29363]
C  [KERNEL32.DLL+0x1257d]
C  [ntdll.dll+0x5aa58]


---------------  P R O C E S S  ---------------

Threads class SMR info:
_java_thread_list=0x00007ffbe68589d8, length=0, elements={
}

Java Threads: ( => current thread )

Other Threads:
  0x000001fa84a91640 GCTaskThread "GC Thread#0" [stack: 0x000000400af00000,0x000000400b000000] [id=13100]
  0x000001fa84aa21e0 ConcurrentGCThread "G1 Main Marker" [stack: 0x000000400b000000,0x000000400b100000] [id=54168]
  0x000001fa84aa2bf0 ConcurrentGCThread "G1 Conc#0" [stack: 0x000000400b100000,0x000000400b200000] [id=50276]

[error occurred during error reporting (printing all threads), id 0xc0000005, EXCEPTION_ACCESS_VIOLATION (0xc0000005) at pc=0x00007ffbe608b2d7]

VM state: not at safepoint (not fully initialized)

VM Mutex/Monitor currently owned by a thread:  ([mutex/lock_event])
[0x000001fa84a256d0] Heap_lock - owner thread: 0x000001fa84a2a410

Heap address: 0x0000000703a00000, size: 4038 MB, Compressed Oops mode: Zero based, Oop shift amount: 3

CDS archive(s) mapped at: [0x0000000000000000-0x0000000000000000-0x0000000000000000), size 0, SharedBaseAddress: 0x0000000800000000, ArchiveRelocationMode: 1.
Narrow klass base: 0x0000000000000000, Narrow klass shift: 0, Narrow klass range: 0x0

GC Precious Log:
<Empty>

Heap:
 garbage-first heap   total 0K, used 0K [0x0000000703a00000, 0x0000000800000000)
  region size 2048K, 0 young (0K), 0 survivors (0K)

[error occurred during error reporting (printing heap information), id 0xc0000005, EXCEPTION_ACCESS_VIOLATION (0xc0000005) at pc=0x00007ffbe6472229]

GC Heap History (0 events):
No events

Deoptimization events (0 events):
No events

Classes unloaded (0 events):
No events

Classes redefined (0 events):
No events

Internal exceptions (0 events):
No events

VM Operations (0 events):
No events

Events (1 events):
Event: 0.020 Loaded shared library C:\Program Files\Java\jdk-17\bin\java.dll


Dynamic libraries:
0x00007ff6fb730000 - 0x00007ff6fb740000 	C:\Program Files\Java\jdk-17\bin\java.exe
0x00007ffc310b0000 - 0x00007ffc312c6000 	C:\WINDOWS\SYSTEM32\ntdll.dll
0x00007ffc2f9d0000 - 0x00007ffc2fa94000 	C:\WINDOWS\System32\KERNEL32.DLL
0x00007ffc2e600000 - 0x00007ffc2e9a6000 	C:\WINDOWS\System32\KERNELBASE.dll
0x00007ffc2ea20000 - 0x00007ffc2eb31000 	C:\WINDOWS\System32\ucrtbase.dll
0x00007ffc1b8a0000 - 0x00007ffc1b8b9000 	C:\Program Files\Java\jdk-17\bin\jli.dll
0x00007ffc2fcc0000 - 0x00007ffc2fd72000 	C:\WINDOWS\System32\ADVAPI32.dll
0x00007ffc30490000 - 0x00007ffc30537000 	C:\WINDOWS\System32\msvcrt.dll
0x00007ffc2f190000 - 0x00007ffc2f238000 	C:\WINDOWS\System32\sechost.dll
0x00007ffc1abd0000 - 0x00007ffc1abeb000 	C:\Program Files\Java\jdk-17\bin\VCRUNTIME140.dll
0x00007ffc2eb40000 - 0x00007ffc2eb68000 	C:\WINDOWS\System32\bcrypt.dll
0x00007ffc2ef60000 - 0x00007ffc2f075000 	C:\WINDOWS\System32\RPCRT4.dll
0x00007ffc2fe60000 - 0x00007ffc3000d000 	C:\WINDOWS\System32\USER32.dll
0x00007ffc2e490000 - 0x00007ffc2e4b6000 	C:\WINDOWS\System32\win32u.dll
0x00007ffc2f080000 - 0x00007ffc2f0a9000 	C:\WINDOWS\System32\GDI32.dll
0x00007ffc2eb70000 - 0x00007ffc2ec88000 	C:\WINDOWS\System32\gdi32full.dll
0x00007ffc05df0000 - 0x00007ffc06083000 	C:\WINDOWS\WinSxS\amd64_microsoft.windows.common-controls_6595b64144ccf1df_6.0.22621.3235_none_270f74e173860f98\COMCTL32.dll
0x00007ffc2e3f0000 - 0x00007ffc2e48a000 	C:\WINDOWS\System32\msvcp_win.dll
0x00007ffc2de70000 - 0x00007ffc2de7a000 	C:\WINDOWS\SYSTEM32\VERSION.dll
0x00007ffc31030000 - 0x00007ffc31061000 	C:\WINDOWS\System32\IMM32.DLL
0x000000006f170000 - 0x000000006f17c000 	C:\Program Files (x86)\360\Total Security\safemon\SafeWrapper.dll
0x00007ffc16360000 - 0x00007ffc163f2000 	C:\Program Files (x86)\360\Total Security\safemon\libzdtp64.dll
0x00007ffc307d0000 - 0x00007ffc3102d000 	C:\WINDOWS\System32\SHELL32.dll
0x00007ffc2ef00000 - 0x00007ffc2ef5e000 	C:\WINDOWS\System32\SHLWAPI.dll
0x00007ffc29910000 - 0x00007ffc2991c000 	C:\Program Files\Java\jdk-17\bin\vcruntime140_1.dll
0x00007ffc07f60000 - 0x00007ffc07fee000 	C:\Program Files\Java\jdk-17\bin\msvcp140.dll
0x00007ffbe5da0000 - 0x00007ffbe6981000 	C:\Program Files\Java\jdk-17\bin\server\jvm.dll
0x00007ffc2fca0000 - 0x00007ffc2fca8000 	C:\WINDOWS\System32\PSAPI.DLL
0x00007ffc29190000 - 0x00007ffc29199000 	C:\WINDOWS\SYSTEM32\WSOCK32.dll
0x00007ffc2f240000 - 0x00007ffc2f2b1000 	C:\WINDOWS\System32\WS2_32.dll
0x00007ffc26b50000 - 0x00007ffc26b84000 	C:\WINDOWS\SYSTEM32\WINMM.dll
0x00007ffc2d4b0000 - 0x00007ffc2d4c8000 	C:\WINDOWS\SYSTEM32\kernel.appcore.dll
0x00007ffc298f0000 - 0x00007ffc298fa000 	C:\Program Files\Java\jdk-17\bin\jimage.dll
0x00007ffc2bca0000 - 0x00007ffc2bed3000 	C:\WINDOWS\SYSTEM32\DBGHELP.DLL
0x00007ffc2f4e0000 - 0x00007ffc2f868000 	C:\WINDOWS\System32\combase.dll
0x00007ffc2f0b0000 - 0x00007ffc2f187000 	C:\WINDOWS\System32\OLEAUT32.dll
0x00007ffc23d30000 - 0x00007ffc23d62000 	C:\WINDOWS\SYSTEM32\dbgcore.DLL
0x00007ffc2e580000 - 0x00007ffc2e5fa000 	C:\WINDOWS\System32\bcryptPrimitives.dll
0x00007ffc29930000 - 0x00007ffc2993e000 	C:\Program Files\Java\jdk-17\bin\instrument.dll
0x00007ffc17530000 - 0x00007ffc17555000 	C:\Program Files\Java\jdk-17\bin\java.dll

dbghelp: loaded successfully - version: 4.0.5 - missing functions: none
symbol engine: initialized successfully - sym options: 0x614 - pdb path: .;C:\Program Files\Java\jdk-17\bin;C:\WINDOWS\SYSTEM32;C:\WINDOWS\WinSxS\amd64_microsoft.windows.common-controls_6595b64144ccf1df_6.0.22621.3235_none_270f74e173860f98;C:\Program Files (x86)\360\Total Security\safemon;C:\Program Files\Java\jdk-17\bin\server

VM Arguments:
jvm_args: -XX:TieredStopAtLevel=1 -Dspring.output.ansi.enabled=always -Dcom.sun.management.jmxremote -Dspring.jmx.enabled=true -Dspring.liveBeansView.mbeanDomain -Dspring.application.admin.enabled=true -Dmanagement.endpoints.jmx.exposure.include=* -javaagent:D:\IntelliJ IDEA 2023.3.4\lib\idea_rt.jar=62342:D:\IntelliJ IDEA 2023.3.4\bin -Dfile.encoding=UTF-8 
java_command: demo.MainApplication
java_class_path (initial): D:\spring test\demo\target\classes;C:\Users\ADMIN\.m2\repository\org\springframework\boot\spring-boot-starter-data-jpa\3.2.3\spring-boot-starter-data-jpa-3.2.3.jar;C:\Users\ADMIN\.m2\repository\org\springframework\boot\spring-boot-starter-aop\3.2.3\spring-boot-starter-aop-3.2.3.jar;C:\Users\ADMIN\.m2\repository\org\springframework\spring-aop\6.1.4\spring-aop-6.1.4.jar;C:\Users\ADMIN\.m2\repository\org\aspectj\aspectjweaver\1.9.21\aspectjweaver-1.9.21.jar;C:\Users\ADMIN\.m2\repository\org\springframework\boot\spring-boot-starter-jdbc\3.2.3\spring-boot-starter-jdbc-3.2.3.jar;C:\Users\ADMIN\.m2\repository\com\zaxxer\HikariCP\5.0.1\HikariCP-5.0.1.jar;C:\Users\ADMIN\.m2\repository\org\springframework\spring-jdbc\6.1.4\spring-jdbc-6.1.4.jar;C:\Users\ADMIN\.m2\repository\org\hibernate\orm\hibernate-core\6.4.4.Final\hibernate-core-6.4.4.Final.jar;C:\Users\ADMIN\.m2\repository\jakarta\persistence\jakarta.persistence-api\3.1.0\jakarta.persistence-api-3.1.0.jar;C:\Users\ADMIN\.m2\repository\jakarta\transaction\jakarta.transaction-api\2.0.1\jakarta.transaction-api-2.0.1.jar;C:\Users\ADMIN\.m2\repository\org\jboss\logging\jboss-logging\3.5.3.Final\jboss-logging-3.5.3.Final.jar;C:\Users\ADMIN\.m2\repository\org\hibernate\common\hibernate-commons-annotations\6.0.6.Final\hibernate-commons-annotations-6.0.6.Final.jar;C:\Users\ADMIN\.m2\repository\io\smallrye\jandex\3.1.2\jandex-3.1.2.jar;C:\Users\ADMIN\.m2\repository\com\fasterxml\classmate\1.6.0\classmate-1.6.0.jar;C:\Users\ADMIN\.m2\repository\net\bytebuddy\byte-buddy\1.14.12\byte-buddy-1.14.12.jar;C:\Users\ADMIN\.m2\repository\org\glassfish\jaxb\jaxb-runtime\4.0.4\jaxb-runtime-4.0.4.jar;C:\Users\ADMIN\.m2\repository\org\glassfish\jaxb\jaxb-core\4.0.4\jaxb-core-4.0.4.jar;C:\Users\ADMIN\.m2\repository\org\eclipse\angus\angus-activation\2.0.1\angus-activation-2.0.1.jar;C:\Users\ADMIN\.m2\repository\org\glassfish\jaxb\txw2\4.0.4\txw2-4.0.4.jar;C:\Users\ADMIN\.m2\repository\com\sun\istack\istack-commons-ru
Launcher Type: SUN_STANDARD

[Global flags]
     intx CICompilerCount                          = 4                                         {product} {ergonomic}
     uint ConcGCThreads                            = 3                                         {product} {ergonomic}
     uint G1ConcRefinementThreads                  = 10                                        {product} {ergonomic}
   size_t G1HeapRegionSize                         = 2097152                                   {product} {ergonomic}
    uintx GCDrainStackTargetSize                   = 64                                        {product} {ergonomic}
   size_t InitialHeapSize                          = 266338304                                 {product} {ergonomic}
     bool ManagementServer                         = true                                      {product} {command line}
   size_t MarkStackSize                            = 4194304                                   {product} {ergonomic}
   size_t MaxHeapSize                              = 4234149888                                {product} {ergonomic}
   size_t MinHeapDeltaBytes                        = 2097152                                   {product} {ergonomic}
   size_t MinHeapSize                              = 8388608                                   {product} {ergonomic}
    uintx NonProfiledCodeHeapSize                  = 0                                      {pd product} {ergonomic}
     bool ProfileInterpreter                       = false                                  {pd product} {command line}
    uintx ProfiledCodeHeapSize                     = 0                                      {pd product} {ergonomic}
   size_t SoftMaxHeapSize                          = 4234149888                             {manageable} {ergonomic}
     intx TieredStopAtLevel                        = 1                                         {product} {command line}
     bool UseCompressedClassPointers               = true                           {product lp64_product} {ergonomic}
     bool UseCompressedOops                        = true                           {product lp64_product} {ergonomic}
     bool UseG1GC                                  = true                                      {product} {ergonomic}
     bool UseLargePagesIndividualAllocation        = false                                  {pd product} {ergonomic}

Logging:
Log output configuration:
 #0: stdout all=warning uptime,level,tags
 #1: stderr all=off uptime,level,tags

Environment Variables:
PATH=C:\Program Files\Eclipse Adoptium\jdk-17.0.8.101-hotspot\bin;C:\Program Files\Common Files\Oracle\Java\javapath;C:\Program Files\Microsoft MPI\Bin\;C:\WINDOWS\system32;C:\WINDOWS;C:\WINDOWS\System32\Wbem;C:\WINDOWS\System32\WindowsPowerShell\v1.0\;C:\WINDOWS\System32\OpenSSH\;C:\Program Files (x86)\Microsoft SQL Server\160\Tools\Binn\;C:\Program Files\Microsoft SQL Server\160\Tools\Binn\;C:\Program Files\Microsoft SQL Server\Client SDK\ODBC\170\Tools\Binn\;C:\Program Files\Microsoft SQL Server\160\DTS\Binn\;C:\Program Files (x86)\Microsoft SQL Server\160\DTS\Binn\;C:\Program Files\Azure Data Studio\bin;E:\Git\cmd;C:\Program Files\Java\jdk-17\bin;C:\Program Files\nodejs\;C:\Program Files\PuTTY\;C:\Program Files\dotnet\;C:\Users\ADMIN\AppData\Local\Microsoft\WindowsApps;;C:\Program Files\Azure Data Studio\bin;D:\Microsoft VS Code\bin;C:\Users\ADMIN\AppData\Roaming\npm;C:\Program Files\heroku\bin
USERNAME=ADMIN
OS=Windows_NT
PROCESSOR_IDENTIFIER=Intel64 Family 6 Model 165 Stepping 2, GenuineIntel



---------------  S Y S T E M  ---------------

OS:
 Windows 11 , 64 bit Build 22621 (10.0.22621.3235)
OS uptime: 2 days 2:27 hours

CPU: total 12 (initial active 12) (6 cores per cpu, 2 threads per core) family 6 model 165 stepping 2 microcode 0xf8, cx8, cmov, fxsr, ht, mmx, 3dnowpref, sse, sse2, sse3, ssse3, sse4.1, sse4.2, popcnt, lzcnt, tsc, tscinvbit, avx, avx2, aes, erms, clmul, bmi1, bmi2, adx, fma, vzeroupper, clflush, clflushopt

Memory: 4k page, system-wide physical 16145M (1236M free)
TotalPageFile size 30592M (AvailPageFile size 204M)
current process WorkingSet (physical memory assigned to process): 12M, peak: 12M
current process commit charge ("private bytes"): 60M, peak: 314M

vm_info: Java HotSpot(TM) 64-Bit Server VM (17.0.9+11-LTS-201) for windows-amd64 JRE (17.0.9+11-LTS-201), built on Oct 10 2023 23:16:06 by "mach5one" with MS VC++ 17.1 (VS2022)

END.
