#
# There is insufficient memory for the Java Runtime Environment to continue.
# Native memory allocation (mmap) failed to map 121634816 bytes for G1 virtual space
# Possible reasons:
#   The system is out of physical RAM or swap space
#   The process is running with CompressedOops enabled, and the Java Heap may be blocking the growth of the native heap
# Possible solutions:
#   Reduce memory load on the system
#   Increase physical memory or swap space
#   Check if swap backing store is full
#   Decrease Java heap size (-Xmx/-Xms)
#   Decrease number of Java threads
#   Decrease Java thread stack sizes (-Xss)
#   Set larger code cache with -XX:ReservedCodeCacheSize=
#   JVM is running with Zero Based Compressed Oops mode in which the Java heap is
#     placed in the first 32GB address space. The Java Heap base address is the
#     maximum limit for the native heap growth. Please use -XX:HeapBaseMinAddress
#     to set the Java Heap base and to place the Java Heap above 32GB virtual address.
# This output file may be truncated or incomplete.
#
#  Out of Memory Error (os_windows.cpp:3530), pid=21844, tid=28788
#
# JRE version: Java(TM) SE Runtime Environment (18.0.2.1+1) (build 18.0.2.1+1-1)
# Java VM: Java HotSpot(TM) 64-Bit Server VM (18.0.2.1+1-1, mixed mode, sharing, tiered, compressed oops, compressed class ptrs, g1 gc, windows-amd64)
# No core dump will be written. Minidumps are not enabled by default on client versions of Windows
#

---------------  S U M M A R Y ------------

Command Line: C:\Users\ADMIN\AppData\Local\Temp\surefire2417037067570515344\surefirebooter-20240406180453569_3.jar C:\Users\ADMIN\AppData\Local\Temp\surefire2417037067570515344 2024-04-06T18-04-53_426-jvmRun1 surefire-20240406180453569_1tmp surefire_0-20240406180453569_2tmp

Host: Intel(R) Core(TM) i7-10750H CPU @ 2.60GHz, 12 cores, 15G,  Windows 11 , 64 bit Build 22621 (10.0.22621.3235)
Time: Sat Apr  6 18:05:02 2024 SE Asia Standard Time elapsed time: 8.492336 seconds (0d 0h 0m 8s)

---------------  T H R E A D  ---------------

Current thread (0x000001c05a2ea540):  VMThread "VM Thread" [stack: 0x0000005982700000,0x0000005982800000] [id=28788]

Stack: [0x0000005982700000,0x0000005982800000]
Native frames: (J=compiled Java code, j=interpreted, Vv=VM code, C=native code)
V  [jvm.dll+0x6993aa]
V  [jvm.dll+0x7f46dd]
V  [jvm.dll+0x7f5fee]
V  [jvm.dll+0x7f66a3]
V  [jvm.dll+0x25cf1f]
V  [jvm.dll+0x6962f9]
V  [jvm.dll+0x68ae2a]
V  [jvm.dll+0x32255b]
V  [jvm.dll+0x329f36]
V  [jvm.dll+0x37eade]
V  [jvm.dll+0x37ed0f]
V  [jvm.dll+0x2fa2da]
V  [jvm.dll+0x2fa387]
V  [jvm.dll+0x33e8c2]
V  [jvm.dll+0x33ce64]
V  [jvm.dll+0x2f9ab0]
V  [jvm.dll+0x33c43b]
V  [jvm.dll+0x7fb48b]
V  [jvm.dll+0x7fc224]
V  [jvm.dll+0x7fc75c]
V  [jvm.dll+0x7fcbb4]
V  [jvm.dll+0x7fcc77]
V  [jvm.dll+0x7a120a]
V  [jvm.dll+0x698255]
C  [ucrtbase.dll+0x29363]
C  [KERNEL32.DLL+0x1257d]
C  [ntdll.dll+0x5aa58]

VM_Operation (0x00000059821faeb0): G1CollectForAllocation, mode: safepoint, requested by thread 0x000001c05a253eb0


---------------  P R O C E S S  ---------------

Threads class SMR info:
_java_thread_list=0x000001c005004a80, length=19, elements={
0x000001c05a253eb0, 0x000001c07cede7f0, 0x000001c07cee3460, 0x000001c07cef7510,
0x000001c07cef8ec0, 0x000001c07cef9860, 0x000001c07cefa200, 0x000001c07cefeee0,
0x000001c07cf018d0, 0x000001c07cf042c0, 0x000001c07d581230, 0x000001c07d584750,
0x000001c07dca6140, 0x000001c07dac3e10, 0x000001c004e22930, 0x000001c004e21f90,
0x000001c004e22460, 0x000001c005ff42f0, 0x000001c005ff6b70
}

Java Threads: ( => current thread )
  0x000001c05a253eb0 JavaThread "main" [_thread_blocked, id=32260, stack(0x0000005982100000,0x0000005982200000)]
  0x000001c07cede7f0 JavaThread "Reference Handler" daemon [_thread_blocked, id=27468, stack(0x0000005982800000,0x0000005982900000)]
  0x000001c07cee3460 JavaThread "Finalizer" daemon [_thread_blocked, id=33948, stack(0x0000005982900000,0x0000005982a00000)]
  0x000001c07cef7510 JavaThread "Signal Dispatcher" daemon [_thread_blocked, id=14164, stack(0x0000005982a00000,0x0000005982b00000)]
  0x000001c07cef8ec0 JavaThread "Attach Listener" daemon [_thread_blocked, id=28632, stack(0x0000005982b00000,0x0000005982c00000)]
  0x000001c07cef9860 JavaThread "Service Thread" daemon [_thread_blocked, id=3808, stack(0x0000005982c00000,0x0000005982d00000)]
  0x000001c07cefa200 JavaThread "Monitor Deflation Thread" daemon [_thread_blocked, id=16552, stack(0x0000005982d00000,0x0000005982e00000)]
  0x000001c07cefeee0 JavaThread "C2 CompilerThread0" daemon [_thread_blocked, id=33756, stack(0x0000005982e00000,0x0000005982f00000)]
  0x000001c07cf018d0 JavaThread "C1 CompilerThread0" daemon [_thread_blocked, id=4340, stack(0x0000005982f00000,0x0000005983000000)]
  0x000001c07cf042c0 JavaThread "Sweeper thread" daemon [_thread_blocked, id=12384, stack(0x0000005983000000,0x0000005983100000)]
  0x000001c07d581230 JavaThread "Notification Thread" daemon [_thread_blocked, id=8832, stack(0x0000005983100000,0x0000005983200000)]
  0x000001c07d584750 JavaThread "Common-Cleaner" daemon [_thread_blocked, id=29756, stack(0x0000005983300000,0x0000005983400000)]
  0x000001c07dca6140 JavaThread "surefire-forkedjvm-stream-flusher" daemon [_thread_blocked, id=13052, stack(0x0000005983500000,0x0000005983600000)]
  0x000001c07dac3e10 JavaThread "surefire-forkedjvm-command-thread" daemon [_thread_in_native, id=23636, stack(0x0000005983600000,0x0000005983700000)]
  0x000001c004e22930 JavaThread "mssql-jdbc-shared-timer-core-0" daemon [_thread_blocked, id=31636, stack(0x0000005984400000,0x0000005984500000)]
  0x000001c004e21f90 JavaThread "HikariPool-1 housekeeper" daemon [_thread_blocked, id=12076, stack(0x0000005984500000,0x0000005984600000)]
  0x000001c004e22460 JavaThread "HikariPool-1 connection adder" daemon [_thread_blocked, id=21388, stack(0x0000005984600000,0x0000005984700000)]
  0x000001c005ff42f0 JavaThread "C2 CompilerThread1" daemon [_thread_blocked, id=31212, stack(0x0000005983400000,0x0000005983500000)]
  0x000001c005ff6b70 JavaThread "C2 CompilerThread2" daemon [_thread_blocked, id=16304, stack(0x0000005984100000,0x0000005984200000)]

Other Threads:
=>0x000001c05a2ea540 VMThread "VM Thread" [stack: 0x0000005982700000,0x0000005982800000] [id=28788]
  0x000001c07d583f20 WatcherThread "VM Periodic Task Thread" [stack: 0x0000005983200000,0x0000005983300000] [id=29216]
  0x000001c05a2c26d0 WorkerThread "GC Thread#0" [stack: 0x0000005982200000,0x0000005982300000] [id=6748]
  0x000001c07e31bd80 WorkerThread "GC Thread#1" [stack: 0x0000005983700000,0x0000005983800000] [id=10428]
  0x000001c07e16b400 WorkerThread "GC Thread#2" [stack: 0x0000005983800000,0x0000005983900000] [id=6476]
  0x000001c07deab190 WorkerThread "GC Thread#3" [stack: 0x0000005983900000,0x0000005983a00000] [id=17308]
  0x000001c07e096860 WorkerThread "GC Thread#4" [stack: 0x0000005983a00000,0x0000005983b00000] [id=23320]
  0x000001c07e452c10 WorkerThread "GC Thread#5" [stack: 0x0000005983b00000,0x0000005983c00000] [id=7672]
  0x000001c07e7a2a60 WorkerThread "GC Thread#6" [stack: 0x0000005983c00000,0x0000005983d00000] [id=31416]
  0x000001c07eb33890 WorkerThread "GC Thread#7" [stack: 0x0000005983d00000,0x0000005983e00000] [id=28380]
  0x000001c07e7b5270 WorkerThread "GC Thread#8" [stack: 0x0000005983e00000,0x0000005983f00000] [id=25668]
  0x000001c0041eb5a0 WorkerThread "GC Thread#9" [stack: 0x0000005984000000,0x0000005984100000] [id=20216]
  0x000001c05a2d3250 ConcurrentGCThread "G1 Main Marker" [stack: 0x0000005982300000,0x0000005982400000] [id=30196]
  0x000001c05a2d4c50 WorkerThread "G1 Conc#0" [stack: 0x0000005982400000,0x0000005982500000] [id=22568]
  0x000001c0041eb840 WorkerThread "G1 Conc#1" [stack: 0x0000005984200000,0x0000005984300000] [id=19044]
  0x000001c0041ebd80 WorkerThread "G1 Conc#2" [stack: 0x0000005984300000,0x0000005984400000] [id=4332]
  0x000001c07cd985f0 ConcurrentGCThread "G1 Refine#0" [stack: 0x0000005982500000,0x0000005982600000] [id=4604]
  0x000001c07cd98f00 ConcurrentGCThread "G1 Service" [stack: 0x0000005982600000,0x0000005982700000] [id=32504]

Threads with active compile tasks:
C2 CompilerThread0     8524 8212   !   4       org.springframework.core.annotation.AnnotationsScanner::processClassInheritedAnnotations (250 bytes)

VM state: at safepoint (normal execution)

VM Mutex/Monitor currently owned by a thread:  ([mutex/lock_event])
[0x000001c05a252f40] Threads_lock - owner thread: 0x000001c05a2ea540
[0x000001c05a2529a0] Heap_lock - owner thread: 0x000001c05a253eb0

Heap address: 0x0000000703a00000, size: 4038 MB, Compressed Oops mode: Zero based, Oop shift amount: 3

CDS archive(s) mapped at: [0x0000000800000000-0x0000000800ba0000-0x0000000800ba0000), size 12189696, SharedBaseAddress: 0x0000000800000000, ArchiveRelocationMode: 0.
Compressed class space mapped at: 0x0000000800c00000-0x0000000840c00000, reserved size: 1073741824
Narrow klass base: 0x0000000800000000, Narrow klass shift: 0, Narrow klass range: 0x100000000

GC Precious Log:
 CardTable entry size: 512
 Card Set container configuration: InlinePtr #cards 4 size 8 Array Of Cards #cards 16 size 48 Howl #buckets 8 coarsen threshold 3686 Howl Bitmap #cards 512 size 80 coarsen threshold 460 Card regions per heap region 1 cards per card region 4096
 CPUs: 12 total, 12 available
 Memory: 16145M
 Large Page Support: Disabled
 NUMA Support: Disabled
 Compressed Oops: Enabled (Zero based)
 Heap Region Size: 2M
 Heap Min Capacity: 8M
 Heap Initial Capacity: 254M
 Heap Max Capacity: 4038M
 Pre-touch: Disabled
 Parallel Workers: 10
 Concurrent Workers: 3
 Concurrent Refinement Workers: 10
 Periodic GC: Disabled

Heap:
 garbage-first heap   total 141312K, used 64843K [0x0000000703a00000, 0x0000000800000000)
  region size 2048K, 1 young (2048K), 1 survivors (2048K)
 Metaspace       used 78958K, committed 79744K, reserved 1179648K
  class space    used 10882K, committed 11264K, reserved 1048576K

Heap Regions: E=young(eden), S=young(survivor), O=old, HS=humongous(starts), HC=humongous(continues), CS=collection set, F=free, OA=open archive, CA=closed archive, TAMS=top-at-mark-start (previous, next)
|   0|0x0000000703a00000, 0x0000000703c00000, 0x0000000703c00000|100%| O|  |TAMS 0x0000000703c00000, 0x0000000703a00000| Untracked 
|   1|0x0000000703c00000, 0x0000000703e00000, 0x0000000703e00000|100%| O|  |TAMS 0x0000000703e00000, 0x0000000703c00000| Untracked 
|   2|0x0000000703e00000, 0x0000000704000000, 0x0000000704000000|100%| O|  |TAMS 0x0000000704000000, 0x0000000703e00000| Untracked 
|   3|0x0000000704000000, 0x0000000704200000, 0x0000000704200000|100%| O|  |TAMS 0x0000000704200000, 0x0000000704000000| Untracked 
|   4|0x0000000704200000, 0x0000000704400000, 0x0000000704400000|100%| O|  |TAMS 0x0000000704400000, 0x0000000704200000| Untracked 
|   5|0x0000000704400000, 0x0000000704600000, 0x0000000704600000|100%| O|  |TAMS 0x0000000704600000, 0x0000000704400000| Untracked 
|   6|0x0000000704600000, 0x0000000704800000, 0x0000000704800000|100%| O|  |TAMS 0x0000000704800000, 0x0000000704600000| Untracked 
|   7|0x0000000704800000, 0x0000000704a00000, 0x0000000704a00000|100%| O|  |TAMS 0x0000000704a00000, 0x0000000704800000| Untracked 
|   8|0x0000000704a00000, 0x0000000704c00000, 0x0000000704c00000|100%| O|  |TAMS 0x0000000704c00000, 0x0000000704a00000| Untracked 
|   9|0x0000000704c00000, 0x0000000704e00000, 0x0000000704e00000|100%| O|  |TAMS 0x0000000704e00000, 0x0000000704c00000| Untracked 
|  10|0x0000000704e00000, 0x0000000705000000, 0x0000000705000000|100%| O|  |TAMS 0x0000000705000000, 0x0000000704e00000| Untracked 
|  11|0x0000000705000000, 0x0000000705200000, 0x0000000705200000|100%| O|  |TAMS 0x0000000705200000, 0x0000000705000000| Untracked 
|  12|0x0000000705200000, 0x0000000705400000, 0x0000000705400000|100%| O|  |TAMS 0x0000000705400000, 0x0000000705200000| Untracked 
|  13|0x0000000705400000, 0x0000000705551400, 0x0000000705600000| 65%| O|  |TAMS 0x0000000705551400, 0x0000000705400000| Untracked 
|  14|0x0000000705600000, 0x0000000705800000, 0x0000000705800000|100%| O|  |TAMS 0x0000000705800000, 0x0000000705600000| Untracked 
|  15|0x0000000705800000, 0x0000000705a00000, 0x0000000705a00000|100%| O|  |TAMS 0x0000000705a00000, 0x0000000705800000| Untracked 
|  16|0x0000000705a00000, 0x0000000705c00000, 0x0000000705c00000|100%| O|  |TAMS 0x0000000705c00000, 0x0000000705a00000| Untracked 
|  17|0x0000000705c00000, 0x0000000705e00000, 0x0000000705e00000|100%| O|  |TAMS 0x0000000705e00000, 0x0000000705c00000| Untracked 
|  18|0x0000000705e00000, 0x0000000706000000, 0x0000000706000000|100%| O|  |TAMS 0x0000000706000000, 0x0000000705e00000| Untracked 
|  19|0x0000000706000000, 0x0000000706200000, 0x0000000706200000|100%| O|  |TAMS 0x0000000706200000, 0x0000000706000000| Complete 
|  20|0x0000000706200000, 0x0000000706200000, 0x0000000706400000|  0%| F|  |TAMS 0x0000000706200000, 0x0000000706200000| Untracked 
|  21|0x0000000706400000, 0x0000000706600000, 0x0000000706600000|100%| O|  |TAMS 0x0000000706600000, 0x0000000706400000| Untracked 
|  22|0x0000000706600000, 0x0000000706600000, 0x0000000706800000|  0%| F|  |TAMS 0x0000000706600000, 0x0000000706600000| Untracked 
|  23|0x0000000706800000, 0x0000000706800000, 0x0000000706a00000|  0%| F|  |TAMS 0x0000000706800000, 0x0000000706800000| Untracked 
|  24|0x0000000706a00000, 0x0000000706a00000, 0x0000000706c00000|  0%| F|  |TAMS 0x0000000706a00000, 0x0000000706a00000| Untracked 
|  25|0x0000000706c00000, 0x0000000706e00000, 0x0000000706e00000|100%| O|  |TAMS 0x0000000706c00000, 0x0000000706c00000| Untracked 
|  26|0x0000000706e00000, 0x0000000706e00000, 0x0000000707000000|  0%| F|  |TAMS 0x0000000706e00000, 0x0000000706e00000| Untracked 
|  27|0x0000000707000000, 0x0000000707200000, 0x0000000707200000|100%| O|  |TAMS 0x0000000707200000, 0x0000000707000000| Untracked 
|  28|0x0000000707200000, 0x0000000707200000, 0x0000000707400000|  0%| F|  |TAMS 0x0000000707200000, 0x0000000707200000| Untracked 
|  29|0x0000000707400000, 0x0000000707600000, 0x0000000707600000|100%| O|  |TAMS 0x0000000707600000, 0x0000000707400000| Untracked 
|  30|0x0000000707600000, 0x0000000707800000, 0x0000000707800000|100%| O|  |TAMS 0x0000000707800000, 0x0000000707600000| Untracked 
|  31|0x0000000707800000, 0x0000000707a00000, 0x0000000707a00000|100%| O|  |TAMS 0x0000000707a00000, 0x0000000707800000| Untracked 
|  32|0x0000000707a00000, 0x0000000707c00000, 0x0000000707c00000|100%| O|  |TAMS 0x0000000707c00000, 0x0000000707a00000| Complete 
|  33|0x0000000707c00000, 0x0000000707c00000, 0x0000000707e00000|  0%| F|  |TAMS 0x0000000707c00000, 0x0000000707c00000| Untracked 
|  34|0x0000000707e00000, 0x0000000708000000, 0x0000000708000000|100%| O|  |TAMS 0x0000000707e00000, 0x0000000707e00000| Untracked 
|  35|0x0000000708000000, 0x0000000708200000, 0x0000000708200000|100%| O|  |TAMS 0x0000000708000000, 0x0000000708000000| Untracked 
|  36|0x0000000708200000, 0x0000000708400000, 0x0000000708400000|100%| O|  |TAMS 0x0000000708200000, 0x0000000708200000| Untracked 
|  37|0x0000000708400000, 0x0000000708600000, 0x0000000708600000|100%| O|  |TAMS 0x0000000708400000, 0x0000000708400000| Untracked 
|  38|0x0000000708600000, 0x000000070875fe00, 0x0000000708800000| 68%| O|  |TAMS 0x0000000708600000, 0x0000000708600000| Untracked 
|  39|0x0000000708800000, 0x0000000708800000, 0x0000000708a00000|  0%| F|  |TAMS 0x0000000708800000, 0x0000000708800000| Untracked 
|  40|0x0000000708a00000, 0x0000000708a00000, 0x0000000708c00000|  0%| F|  |TAMS 0x0000000708a00000, 0x0000000708a00000| Untracked 
|  41|0x0000000708c00000, 0x0000000708c00000, 0x0000000708e00000|  0%| F|  |TAMS 0x0000000708c00000, 0x0000000708c00000| Untracked 
|  42|0x0000000708e00000, 0x0000000708e00000, 0x0000000709000000|  0%| F|  |TAMS 0x0000000708e00000, 0x0000000708e00000| Untracked 
|  43|0x0000000709000000, 0x0000000709000000, 0x0000000709200000|  0%| F|  |TAMS 0x0000000709000000, 0x0000000709000000| Untracked 
|  44|0x0000000709200000, 0x0000000709200000, 0x0000000709400000|  0%| F|  |TAMS 0x0000000709200000, 0x0000000709200000| Untracked 
|  45|0x0000000709400000, 0x0000000709400000, 0x0000000709600000|  0%| F|  |TAMS 0x0000000709400000, 0x0000000709400000| Untracked 
|  46|0x0000000709600000, 0x0000000709600000, 0x0000000709800000|  0%| F|  |TAMS 0x0000000709600000, 0x0000000709600000| Untracked 
|  47|0x0000000709800000, 0x0000000709800000, 0x0000000709a00000|  0%| F|  |TAMS 0x0000000709800000, 0x0000000709800000| Untracked 
|  48|0x0000000709a00000, 0x0000000709a00000, 0x0000000709c00000|  0%| F|  |TAMS 0x0000000709a00000, 0x0000000709a00000| Untracked 
|  49|0x0000000709c00000, 0x0000000709c00000, 0x0000000709e00000|  0%| F|  |TAMS 0x0000000709c00000, 0x0000000709c00000| Untracked 
|  50|0x0000000709e00000, 0x0000000709e00000, 0x000000070a000000|  0%| F|  |TAMS 0x0000000709e00000, 0x0000000709e00000| Untracked 
|  51|0x000000070a000000, 0x000000070a000000, 0x000000070a200000|  0%| F|  |TAMS 0x000000070a000000, 0x000000070a000000| Untracked 
|  52|0x000000070a200000, 0x000000070a200000, 0x000000070a400000|  0%| F|  |TAMS 0x000000070a200000, 0x000000070a200000| Untracked 
|  53|0x000000070a400000, 0x000000070a400000, 0x000000070a600000|  0%| F|  |TAMS 0x000000070a400000, 0x000000070a400000| Untracked 
|  54|0x000000070a600000, 0x000000070a600000, 0x000000070a800000|  0%| F|  |TAMS 0x000000070a600000, 0x000000070a600000| Untracked 
|  55|0x000000070a800000, 0x000000070a800000, 0x000000070aa00000|  0%| F|  |TAMS 0x000000070a800000, 0x000000070a800000| Untracked 
|  56|0x000000070aa00000, 0x000000070aa00000, 0x000000070ac00000|  0%| F|  |TAMS 0x000000070aa00000, 0x000000070aa00000| Untracked 
|  57|0x000000070ac00000, 0x000000070ac00000, 0x000000070ae00000|  0%| F|  |TAMS 0x000000070ac00000, 0x000000070ac00000| Untracked 
|  58|0x000000070ae00000, 0x000000070ae00000, 0x000000070b000000|  0%| F|  |TAMS 0x000000070ae00000, 0x000000070ae00000| Untracked 
|  59|0x000000070b000000, 0x000000070b000000, 0x000000070b200000|  0%| F|  |TAMS 0x000000070b000000, 0x000000070b000000| Untracked 
|  60|0x000000070b200000, 0x000000070b200000, 0x000000070b400000|  0%| F|  |TAMS 0x000000070b200000, 0x000000070b200000| Untracked 
|  61|0x000000070b400000, 0x000000070b400000, 0x000000070b600000|  0%| F|  |TAMS 0x000000070b400000, 0x000000070b400000| Untracked 
|  62|0x000000070b600000, 0x000000070b600000, 0x000000070b800000|  0%| F|  |TAMS 0x000000070b600000, 0x000000070b600000| Untracked 
|  63|0x000000070b800000, 0x000000070b800000, 0x000000070ba00000|  0%| F|  |TAMS 0x000000070b800000, 0x000000070b800000| Untracked 
|  64|0x000000070ba00000, 0x000000070ba00000, 0x000000070bc00000|  0%| F|  |TAMS 0x000000070ba00000, 0x000000070ba00000| Untracked 
|  65|0x000000070bc00000, 0x000000070bc00000, 0x000000070be00000|  0%| F|  |TAMS 0x000000070bc00000, 0x000000070bc00000| Untracked 
|  66|0x000000070be00000, 0x000000070be00000, 0x000000070c000000|  0%| F|  |TAMS 0x000000070be00000, 0x000000070be00000| Untracked 
|  67|0x000000070c000000, 0x000000070c0a1bc8, 0x000000070c200000| 31%| S|CS|TAMS 0x000000070c000000, 0x000000070c000000| Complete 
| 126|0x0000000713600000, 0x0000000713600000, 0x0000000713800000|  0%| F|  |TAMS 0x0000000713600000, 0x0000000713600000| Untracked 

Card table byte_map: [0x000001c0718a0000,0x000001c072090000] _byte_map_base: 0x000001c06e083000

Marking Bits (Prev, Next): (CMBitMap*) 0x000001c05a2c2cd0, (CMBitMap*) 0x000001c05a2c2d10
 Prev Bits: [0x000001c072880000, 0x000001c076798000)
 Next Bits: [0x000001c0767a0000, 0x000001c07a6b8000)

Polling page: 0x000001c058190000

Metaspace:

Usage:
  Non-class:     66.48 MB used.
      Class:     10.63 MB used.
       Both:     77.11 MB used.

Virtual space:
  Non-class space:      128.00 MB reserved,      66.88 MB ( 52%) committed,  2 nodes.
      Class space:        1.00 GB reserved,      11.00 MB (  1%) committed,  1 nodes.
             Both:        1.12 GB reserved,      77.88 MB (  7%) committed. 

Chunk freelists:
   Non-Class:  297.00 KB
       Class:  967.00 KB
        Both:  1.23 MB

MaxMetaspaceSize: unlimited
CompressedClassSpaceSize: 1.00 GB
Initial GC threshold: 21.00 MB
Current GC threshold: 127.81 MB
CDS: on
MetaspaceReclaimPolicy: balanced
 - commit_granule_bytes: 65536.
 - commit_granule_words: 8192.
 - virtual_space_node_default_size: 8388608.
 - enlarge_chunks_in_place: 1.
 - new_chunks_are_fully_committed: 0.
 - uncommit_free_chunks: 1.
 - use_allocation_guard: 0.


Internal statistics:

num_allocs_failed_limit: 11.
num_arena_births: 1124.
num_arena_deaths: 0.
num_vsnodes_births: 3.
num_vsnodes_deaths: 0.
num_space_committed: 1246.
num_space_uncommitted: 0.
num_chunks_returned_to_freelist: 11.
num_chunks_taken_from_freelist: 3915.
num_chunk_merges: 8.
num_chunk_splits: 2824.
num_chunks_enlarged: 2267.
num_inconsistent_stats: 0.

CodeHeap 'non-profiled nmethods': size=120000Kb used=4915Kb max_used=5202Kb free=115084Kb
 bounds [0x000001c069630000, 0x000001c069b60000, 0x000001c070b60000]
CodeHeap 'profiled nmethods': size=120000Kb used=13989Kb max_used=14362Kb free=106010Kb
 bounds [0x000001c062100000, 0x000001c062f20000, 0x000001c069630000]
CodeHeap 'non-nmethods': size=5760Kb used=1385Kb max_used=1475Kb free=4374Kb
 bounds [0x000001c061b60000, 0x000001c061dd0000, 0x000001c062100000]
 total_blobs=7452 nmethods=6737 adapters=626
 compilation: enabled
              stopped_count=0, restarted_count=0
 full_count=0

Compilation events (20 events):
Event: 8.480 Thread 0x000001c07cf018d0 nmethod 8211 0x000001c062baab10 code [0x000001c062baacc0, 0x000001c062bab088]
Event: 8.481 Thread 0x000001c07cf018d0 8213       3       org.springframework.beans.factory.annotation.QualifierAnnotationAutowireCandidateResolver::checkQualifiers (199 bytes)
Event: 8.482 Thread 0x000001c07cf018d0 nmethod 8213 0x000001c062819190 code [0x000001c0628194a0, 0x000001c06281aa68]
Event: 8.482 Thread 0x000001c07cf018d0 8217       3       org.springframework.util.ClassUtils::isAssignable (84 bytes)
Event: 8.482 Thread 0x000001c005ff6b70 nmethod 8182 0x000001c0699cca90 code [0x000001c0699ccda0, 0x000001c0699ce7b0]
Event: 8.482 Thread 0x000001c07cf018d0 nmethod 8217 0x000001c062a15f10 code [0x000001c062a16160, 0x000001c062a16af8]
Event: 8.482 Thread 0x000001c07cf018d0 8214       3       org.springframework.beans.factory.support.GenericTypeAwareAutowireCandidateResolver::checkGenericTypeMatch (340 bytes)
Event: 8.483 Thread 0x000001c07cf018d0 nmethod 8214 0x000001c062e7ad90 code [0x000001c062e7b1c0, 0x000001c062e7d9f8]
Event: 8.483 Thread 0x000001c07cf018d0 8216       3       org.springframework.beans.factory.config.DependencyDescriptor::<init> (74 bytes)
Event: 8.484 Thread 0x000001c07cf018d0 nmethod 8216 0x000001c0628d4590 code [0x000001c0628d47c0, 0x000001c0628d53b8]
Event: 8.484 Thread 0x000001c07cf018d0 8215   !   3       jdk.proxy1.$Proxy4::annotationType (29 bytes)
Event: 8.484 Thread 0x000001c07cf018d0 nmethod 8215 0x000001c06296a910 code [0x000001c06296aae0, 0x000001c06296aed8]
Event: 8.484 Thread 0x000001c07cf018d0 8220       3       org.springframework.data.rest.core.event.AnnotatedEventHandlerInvoker::postProcessBeforeInitialization (2 bytes)
Event: 8.484 Thread 0x000001c07cf018d0 nmethod 8220 0x000001c0625bf110 code [0x000001c0625bf2a0, 0x000001c0625bf3b8]
Event: 8.484 Thread 0x000001c07cf018d0 8221       3       org.springframework.boot.test.autoconfigure.properties.PropertyMappingContextCustomizer$PropertyMappingCheckBeanPostProcessor::postProcessBeforeInitialization (127 bytes)
Event: 8.485 Thread 0x000001c07cf018d0 nmethod 8221 0x000001c0627e9890 code [0x000001c0627e9c20, 0x000001c0627eb428]
Event: 8.485 Thread 0x000001c07cf018d0 8222       3       org.springframework.boot.test.autoconfigure.properties.PropertyMappingContextCustomizer$PropertyMappingCheckBeanPostProcessor$$Lambda$966/0x0000000801058d70::<init> (10 bytes)
Event: 8.485 Thread 0x000001c07cf018d0 nmethod 8222 0x000001c06293ab10 code [0x000001c06293aca0, 0x000001c06293ae58]
Event: 8.485 Thread 0x000001c07cf018d0 8223   !   3       jdk.proxy2.$Proxy77::annotationType (29 bytes)
Event: 8.485 Thread 0x000001c07cf018d0 nmethod 8223 0x000001c062982f90 code [0x000001c062983160, 0x000001c062983558]

GC Heap History (20 events):
Event: 5.277 GC heap after
{Heap after GC invocations=14 (full 0):
 garbage-first heap   total 137216K, used 28640K [0x0000000703a00000, 0x0000000800000000)
  region size 2048K, 2 young (4096K), 2 survivors (4096K)
 Metaspace       used 59964K, committed 60480K, reserved 1114112K
  class space    used 7987K, committed 8256K, reserved 1048576K
}
Event: 6.089 GC heap before
{Heap before GC invocations=15 (full 0):
 garbage-first heap   total 110592K, used 90080K [0x0000000703a00000, 0x0000000800000000)
  region size 2048K, 32 young (65536K), 2 survivors (4096K)
 Metaspace       used 65480K, committed 66048K, reserved 1114112K
  class space    used 8814K, committed 9088K, reserved 1048576K
}
Event: 6.097 GC heap after
{Heap after GC invocations=16 (full 0):
 garbage-first heap   total 110592K, used 31849K [0x0000000703a00000, 0x0000000800000000)
  region size 2048K, 3 young (6144K), 3 survivors (6144K)
 Metaspace       used 65480K, committed 66048K, reserved 1114112K
  class space    used 8814K, committed 9088K, reserved 1048576K
}
Event: 6.499 GC heap before
{Heap before GC invocations=16 (full 0):
 garbage-first heap   total 110592K, used 85097K [0x0000000703a00000, 0x0000000800000000)
  region size 2048K, 29 young (59392K), 3 survivors (6144K)
 Metaspace       used 70001K, committed 70592K, reserved 1114112K
  class space    used 9622K, committed 9920K, reserved 1048576K
}
Event: 6.509 GC heap after
{Heap after GC invocations=17 (full 0):
 garbage-first heap   total 110592K, used 34540K [0x0000000703a00000, 0x0000000800000000)
  region size 2048K, 3 young (6144K), 3 survivors (6144K)
 Metaspace       used 70001K, committed 70592K, reserved 1114112K
  class space    used 9622K, committed 9920K, reserved 1048576K
}
Event: 7.150 GC heap before
{Heap before GC invocations=17 (full 0):
 garbage-first heap   total 110592K, used 85740K [0x0000000703a00000, 0x0000000800000000)
  region size 2048K, 28 young (57344K), 3 survivors (6144K)
 Metaspace       used 73063K, committed 73664K, reserved 1114112K
  class space    used 10106K, committed 10368K, reserved 1048576K
}
Event: 7.160 GC heap after
{Heap after GC invocations=18 (full 0):
 garbage-first heap   total 110592K, used 37991K [0x0000000703a00000, 0x0000000800000000)
  region size 2048K, 3 young (6144K), 3 survivors (6144K)
 Metaspace       used 73063K, committed 73664K, reserved 1114112K
  class space    used 10106K, committed 10368K, reserved 1048576K
}
Event: 7.526 GC heap before
{Heap before GC invocations=18 (full 0):
 garbage-first heap   total 110592K, used 85095K [0x0000000703a00000, 0x0000000800000000)
  region size 2048K, 27 young (55296K), 3 survivors (6144K)
 Metaspace       used 75439K, committed 76096K, reserved 1114112K
  class space    used 10379K, committed 10688K, reserved 1048576K
}
Event: 7.541 GC heap after
{Heap after GC invocations=19 (full 0):
 garbage-first heap   total 110592K, used 45268K [0x0000000703a00000, 0x0000000800000000)
  region size 2048K, 4 young (8192K), 4 survivors (8192K)
 Metaspace       used 75439K, committed 76096K, reserved 1114112K
  class space    used 10379K, committed 10688K, reserved 1048576K
}
Event: 7.612 GC heap before
{Heap before GC invocations=19 (full 0):
 garbage-first heap   total 110592K, used 82132K [0x0000000703a00000, 0x0000000800000000)
  region size 2048K, 23 young (47104K), 4 survivors (8192K)
 Metaspace       used 75499K, committed 76160K, reserved 1114112K
  class space    used 10381K, committed 10688K, reserved 1048576K
}
Event: 7.627 GC heap after
{Heap after GC invocations=20 (full 0):
 garbage-first heap   total 133120K, used 54597K [0x0000000703a00000, 0x0000000800000000)
  region size 2048K, 3 young (6144K), 3 survivors (6144K)
 Metaspace       used 75499K, committed 76160K, reserved 1114112K
  class space    used 10381K, committed 10688K, reserved 1048576K
}
Event: 7.726 GC heap before
{Heap before GC invocations=20 (full 0):
 garbage-first heap   total 133120K, used 95557K [0x0000000703a00000, 0x0000000800000000)
  region size 2048K, 24 young (49152K), 3 survivors (6144K)
 Metaspace       used 75690K, committed 76352K, reserved 1179648K
  class space    used 10390K, committed 10688K, reserved 1048576K
}
Event: 7.736 GC heap after
{Heap after GC invocations=21 (full 0):
 garbage-first heap   total 133120K, used 64676K [0x0000000703a00000, 0x0000000800000000)
  region size 2048K, 3 young (6144K), 3 survivors (6144K)
 Metaspace       used 75690K, committed 76352K, reserved 1179648K
  class space    used 10390K, committed 10688K, reserved 1048576K
}
Event: 7.830 GC heap before
{Heap before GC invocations=21 (full 0):
 garbage-first heap   total 133120K, used 97444K [0x0000000703a00000, 0x0000000800000000)
  region size 2048K, 20 young (40960K), 3 survivors (6144K)
 Metaspace       used 76019K, committed 76736K, reserved 1179648K
  class space    used 10437K, committed 10752K, reserved 1048576K
}
Event: 7.843 GC heap after
{Heap after GC invocations=22 (full 0):
 garbage-first heap   total 133120K, used 75077K [0x0000000703a00000, 0x0000000800000000)
  region size 2048K, 3 young (6144K), 3 survivors (6144K)
 Metaspace       used 76019K, committed 76736K, reserved 1179648K
  class space    used 10437K, committed 10752K, reserved 1048576K
}
Event: 8.216 GC heap before
{Heap before GC invocations=22 (full 0):
 garbage-first heap   total 133120K, used 99653K [0x0000000703a00000, 0x0000000800000000)
  region size 2048K, 15 young (30720K), 3 survivors (6144K)
 Metaspace       used 77725K, committed 78464K, reserved 1179648K
  class space    used 10688K, committed 11008K, reserved 1048576K
}
Event: 8.222 GC heap after
{Heap after GC invocations=23 (full 0):
 garbage-first heap   total 133120K, used 78185K [0x0000000703a00000, 0x0000000800000000)
  region size 2048K, 2 young (4096K), 2 survivors (4096K)
 Metaspace       used 77725K, committed 78464K, reserved 1179648K
  class space    used 10688K, committed 11008K, reserved 1048576K
}
Event: 8.469 GC heap before
{Heap before GC invocations=24 (full 0):
 garbage-first heap   total 141312K, used 98665K [0x0000000703a00000, 0x0000000800000000)
  region size 2048K, 13 young (26624K), 2 survivors (4096K)
 Metaspace       used 78889K, committed 79680K, reserved 1179648K
  class space    used 10869K, committed 11264K, reserved 1048576K
}
Event: 8.474 GC heap after
{Heap after GC invocations=25 (full 0):
 garbage-first heap   total 141312K, used 77354K [0x0000000703a00000, 0x0000000800000000)
  region size 2048K, 2 young (4096K), 2 survivors (4096K)
 Metaspace       used 78889K, committed 79680K, reserved 1179648K
  class space    used 10869K, committed 11264K, reserved 1048576K
}
Event: 8.487 GC heap before
{Heap before GC invocations=25 (full 0):
 garbage-first heap   total 141312K, used 79402K [0x0000000703a00000, 0x0000000800000000)
  region size 2048K, 3 young (6144K), 2 survivors (4096K)
 Metaspace       used 78958K, committed 79744K, reserved 1179648K
  class space    used 10882K, committed 11264K, reserved 1048576K
}

Deoptimization events (20 events):
Event: 8.319 Thread 0x000001c05a253eb0 Uncommon trap: trap_request=0xffffff45 fr.pc=0x000001c0699b0514 relative=0x00000000000001d4
Event: 8.319 Thread 0x000001c05a253eb0 Uncommon trap: reason=unstable_if action=reinterpret pc=0x000001c0699b0514 method=org.springframework.core.annotation.AnnotationUtils.isCandidateClass(Ljava/lang/Class;Ljava/lang/String;)Z @ 15 c2
Event: 8.319 Thread 0x000001c05a253eb0 DEOPT PACKING pc=0x000001c0699b0514 sp=0x00000059821f91b0
Event: 8.319 Thread 0x000001c05a253eb0 DEOPT UNPACKING pc=0x000001c061bb23a3 sp=0x00000059821f9070 mode 2
Event: 8.319 Thread 0x000001c05a253eb0 Uncommon trap: trap_request=0xffffff45 fr.pc=0x000001c069aca474 relative=0x00000000000001b4
Event: 8.319 Thread 0x000001c05a253eb0 Uncommon trap: reason=unstable_if action=reinterpret pc=0x000001c069aca474 method=org.springframework.core.annotation.AnnotationUtils.isCandidateClass(Ljava/lang/Class;Ljava/lang/String;)Z @ 15 c2
Event: 8.319 Thread 0x000001c05a253eb0 DEOPT PACKING pc=0x000001c069aca474 sp=0x00000059821f9120
Event: 8.319 Thread 0x000001c05a253eb0 DEOPT UNPACKING pc=0x000001c061bb23a3 sp=0x00000059821f9058 mode 2
Event: 8.412 Thread 0x000001c05a253eb0 Uncommon trap: trap_request=0xffffffde fr.pc=0x000001c0696fd658 relative=0x0000000000000198
Event: 8.412 Thread 0x000001c05a253eb0 Uncommon trap: reason=class_check action=maybe_recompile pc=0x000001c0696fd658 method=org.springframework.boot.context.properties.source.ConfigurationPropertyName$Elements.charAt(II)C @ 43 c2
Event: 8.413 Thread 0x000001c05a253eb0 DEOPT PACKING pc=0x000001c0696fd658 sp=0x00000059821f9250
Event: 8.413 Thread 0x000001c05a253eb0 DEOPT UNPACKING pc=0x000001c061bb23a3 sp=0x00000059821f91c8 mode 2
Event: 8.413 Thread 0x000001c05a253eb0 Uncommon trap: trap_request=0xffffffde fr.pc=0x000001c0696fd658 relative=0x0000000000000198
Event: 8.413 Thread 0x000001c05a253eb0 Uncommon trap: reason=class_check action=maybe_recompile pc=0x000001c0696fd658 method=org.springframework.boot.context.properties.source.ConfigurationPropertyName$Elements.charAt(II)C @ 43 c2
Event: 8.413 Thread 0x000001c05a253eb0 DEOPT PACKING pc=0x000001c0696fd658 sp=0x00000059821f9250
Event: 8.413 Thread 0x000001c05a253eb0 DEOPT UNPACKING pc=0x000001c061bb23a3 sp=0x00000059821f91c8 mode 2
Event: 8.428 Thread 0x000001c05a253eb0 Uncommon trap: trap_request=0xffffff45 fr.pc=0x000001c0697ddab0 relative=0x0000000000000310
Event: 8.428 Thread 0x000001c05a253eb0 Uncommon trap: reason=unstable_if action=reinterpret pc=0x000001c0697ddab0 method=org.springframework.util.ClassUtils.isAssignable(Ljava/lang/Class;Ljava/lang/Class;)Z @ 26 c2
Event: 8.428 Thread 0x000001c05a253eb0 DEOPT PACKING pc=0x000001c0697ddab0 sp=0x00000059821fb860
Event: 8.428 Thread 0x000001c05a253eb0 DEOPT UNPACKING pc=0x000001c061bb23a3 sp=0x00000059821fb808 mode 2

Classes loaded (20 events):
Event: 7.453 Loading class sun/nio/fs/WindowsLinkSupport
Event: 7.453 Loading class sun/nio/fs/WindowsLinkSupport done
Event: 7.460 Loading class sun/nio/fs/WindowsPath$1
Event: 7.460 Loading class sun/nio/fs/WindowsPath$1 done
Event: 7.467 Loading class java/nio/BufferUnderflowException
Event: 7.467 Loading class java/nio/BufferUnderflowException done
Event: 7.467 Loading class java/nio/channels/spi/AbstractInterruptibleChannel$1
Event: 7.468 Loading class sun/nio/ch/Interruptible
Event: 7.468 Loading class sun/nio/ch/Interruptible done
Event: 7.468 Loading class java/nio/channels/spi/AbstractInterruptibleChannel$1 done
Event: 7.469 Loading class java/nio/ReadOnlyBufferException
Event: 7.469 Loading class java/nio/ReadOnlyBufferException done
Event: 7.472 Loading class java/util/zip/DataFormatException
Event: 7.473 Loading class java/util/zip/DataFormatException done
Event: 7.975 Loading class java/lang/UnsatisfiedLinkError
Event: 7.975 Loading class java/lang/UnsatisfiedLinkError done
Event: 8.374 Loading class java/lang/ExceptionInInitializerError
Event: 8.374 Loading class java/lang/ExceptionInInitializerError done
Event: 8.478 Loading class javax/naming/Name
Event: 8.478 Loading class javax/naming/Name done

Classes unloaded (0 events):
No events

Classes redefined (0 events):
No events

Internal exceptions (20 events):
Event: 7.670 Thread 0x000001c004ec1800 Exception <a 'sun/nio/fs/WindowsException'{0x000000070b4c7ae0}> (0x000000070b4c7ae0) 
thrown [s\open\src\hotspot\share\prims\jni.cpp, line 516]
Event: 7.670 Thread 0x000001c004ec1cd0 Exception <a 'sun/nio/fs/WindowsException'{0x000000070b4b7e78}> (0x000000070b4b7e78) 
thrown [s\open\src\hotspot\share\prims\jni.cpp, line 516]
Event: 7.670 Thread 0x000001c004ec1800 Exception <a 'sun/nio/fs/WindowsException'{0x000000070b4c7d48}> (0x000000070b4c7d48) 
thrown [s\open\src\hotspot\share\prims\jni.cpp, line 516]
Event: 7.670 Thread 0x000001c004ec1800 Exception <a 'sun/nio/fs/WindowsException'{0x000000070b4c85e8}> (0x000000070b4c85e8) 
thrown [s\open\src\hotspot\share\prims\jni.cpp, line 516]
Event: 7.670 Thread 0x000001c004ec1cd0 Exception <a 'sun/nio/fs/WindowsException'{0x000000070b4b8730}> (0x000000070b4b8730) 
thrown [s\open\src\hotspot\share\prims\jni.cpp, line 516]
Event: 7.670 Thread 0x000001c004ec1800 Exception <a 'sun/nio/fs/WindowsException'{0x000000070b4c8848}> (0x000000070b4c8848) 
thrown [s\open\src\hotspot\share\prims\jni.cpp, line 516]
Event: 7.670 Thread 0x000001c004ec1cd0 Exception <a 'sun/nio/fs/WindowsException'{0x000000070b4b89b8}> (0x000000070b4b89b8) 
thrown [s\open\src\hotspot\share\prims\jni.cpp, line 516]
Event: 7.670 Thread 0x000001c004ec1cd0 Exception <a 'sun/nio/fs/WindowsException'{0x000000070b4b9268}> (0x000000070b4b9268) 
thrown [s\open\src\hotspot\share\prims\jni.cpp, line 516]
Event: 7.670 Thread 0x000001c004ec1cd0 Exception <a 'sun/nio/fs/WindowsException'{0x000000070b4b94e8}> (0x000000070b4b94e8) 
thrown [s\open\src\hotspot\share\prims\jni.cpp, line 516]
Event: 7.773 Thread 0x000001c05a253eb0 Exception <a 'java/lang/NoSuchMethodError'{0x0000000709fd7810}: 'java.lang.Object java.lang.invoke.DirectMethodHandle$Holder.invokeVirtual(java.lang.Object, java.lang.Object, java.lang.Object, java.lang.Object, java.lang.Object, java.lang.Object, java.lang.Object)'> (0x0000000709fd7810) 
thrown [s\open\src\hotspot\share\interpreter\linkResolver.cpp, line 759]
Event: 8.020 Thread 0x000001c05a253eb0 Exception <a 'java/lang/NoSuchMethodError'{0x000000070ad14438}: 'void java.lang.invoke.DirectMethodHandle$Holder.invokeInterface(java.lang.Object, java.lang.Object, int)'> (0x000000070ad14438) 
thrown [s\open\src\hotspot\share\interpreter\linkResolver.cpp, line 759]
Event: 8.023 Thread 0x000001c05a253eb0 Exception <a 'java/lang/IncompatibleClassChangeError'{0x000000070ad63100}: Found class java.lang.Object, but interface was expected> (0x000000070ad63100) 
thrown [s\open\src\hotspot\share\interpreter\linkResolver.cpp, line 826]
Event: 8.024 Thread 0x000001c05a253eb0 Exception <a 'java/lang/NoSuchMethodError'{0x000000070ad73dd0}: 'int java.lang.invoke.DirectMethodHandle$Holder.invokeSpecialIFC(java.lang.Object, java.lang.Object, java.lang.Object)'> (0x000000070ad73dd0) 
thrown [s\open\src\hotspot\share\interpreter\linkResolver.cpp, line 759]
Event: 8.025 Thread 0x000001c05a253eb0 Exception <a 'java/lang/NoSuchMethodError'{0x000000070ad81ce0}: 'void java.lang.invoke.DirectMethodHandle$Holder.invokeStatic(java.lang.Object, int, java.lang.Object)'> (0x000000070ad81ce0) 
thrown [s\open\src\hotspot\share\interpreter\linkResolver.cpp, line 759]
Event: 8.239 Thread 0x000001c05a253eb0 Exception <a 'java/lang/NoSuchMethodError'{0x00000007136a2c30}: 'void java.lang.invoke.DirectMethodHandle$Holder.invokeVirtual(java.lang.Object, java.lang.Object, long)'> (0x00000007136a2c30) 
thrown [s\open\src\hotspot\share\interpreter\linkResolver.cpp, line 759]
Event: 8.354 Thread 0x000001c05a253eb0 Exception <a 'java/lang/NoSuchMethodError'{0x000000070bc60020}: 'int java.lang.invoke.DirectMethodHandle$Holder.invokeStaticInit(java.lang.Object, java.lang.Object, java.lang.Object, java.lang.Object)'> (0x000000070bc60020) 
thrown [s\open\src\hotspot\share\interpreter\linkResolver.cpp, line 759]
Event: 8.417 Thread 0x000001c05a253eb0 Exception <a 'java/lang/IncompatibleClassChangeError'{0x000000070b49a3e0}: Found class java.lang.Object, but interface was expected> (0x000000070b49a3e0) 
thrown [s\open\src\hotspot\share\interpreter\linkResolver.cpp, line 826]
Event: 8.428 Thread 0x000001c05a253eb0 Implicit null exception at 0x000001c0697dd82f to 0x000001c0697dda8c
Event: 8.482 Thread 0x000001c05a253eb0 Exception <a 'java/lang/NoSuchMethodError'{0x000000071371cf78}: 'java.lang.Object java.lang.invoke.DirectMethodHandle$Holder.invokeVirtual(java.lang.Object, java.lang.Object, java.lang.Object, java.lang.Object, java.lang.Object, java.lang.Object, java.lang.Object, java.lang.Object, java.lang.Object, java.lang.Object)'> (0x000000071371cf78) 
thrown [s\open\src\hotspot\share\interpreter\linkResolver.cpp, line 759]
Event: 8.482 Thread 0x000001c05a253eb0 Exception <a 'java/lang/NoSuchMethodError'{0x0000000713721b00}: 'java.lang.Object java.lang.invoke.DirectMethodHandle$Holder.invokeSpecial(java.lang.Object, java.lang.Object, java.lang.Object, java.lang.Object, java.lang.Object, java.lang.Object, java.lang.Object, java.lang.Object, java.lang.Object, java.lang.Object, java.lang.Object)'> (0x0000000713721b00) 
thrown [s\open\src\hotspot\share\interpreter\linkResolver.cpp, line 759]

VM Operations (20 events):
Event: 7.690 Executing VM operation: HandshakeAllThreads done
Event: 7.726 Executing VM operation: G1CollectForAllocation
Event: 7.736 Executing VM operation: G1CollectForAllocation done
Event: 7.778 Executing VM operation: HandshakeAllThreads
Event: 7.778 Executing VM operation: HandshakeAllThreads done
Event: 7.821 Executing VM operation: HandshakeAllThreads
Event: 7.821 Executing VM operation: HandshakeAllThreads done
Event: 7.830 Executing VM operation: G1CollectForAllocation
Event: 7.843 Executing VM operation: G1CollectForAllocation done
Event: 8.216 Executing VM operation: G1CollectForAllocation
Event: 8.222 Executing VM operation: G1CollectForAllocation done
Event: 8.254 Executing VM operation: G1Concurrent
Event: 8.264 Executing VM operation: G1Concurrent done
Event: 8.278 Executing VM operation: G1Concurrent
Event: 8.279 Executing VM operation: G1Concurrent done
Event: 8.280 Executing VM operation: HandshakeAllThreads
Event: 8.281 Executing VM operation: HandshakeAllThreads done
Event: 8.469 Executing VM operation: G1CollectForAllocation
Event: 8.474 Executing VM operation: G1CollectForAllocation done
Event: 8.486 Executing VM operation: G1CollectForAllocation

Events (20 events):
Event: 7.701 Thread 0x000001c07cf042c0 flushing nmethod 0x000001c062ea8290
Event: 7.761 Thread 0x000001c004ebcfd0 Thread exited: 0x000001c004ebcfd0
Event: 7.761 Thread 0x000001c004ec3e80 Thread exited: 0x000001c004ec3e80
Event: 7.761 Thread 0x000001c004ec34e0 Thread exited: 0x000001c004ec34e0
Event: 7.761 Thread 0x000001c004ebd970 Thread exited: 0x000001c004ebd970
Event: 7.761 Thread 0x000001c004ebfff0 Thread exited: 0x000001c004ebfff0
Event: 7.761 Thread 0x000001c004ebd4a0 Thread exited: 0x000001c004ebd4a0
Event: 7.761 Thread 0x000001c004ec1330 Thread exited: 0x000001c004ec1330
Event: 7.762 Thread 0x000001c004ebe310 Thread exited: 0x000001c004ebe310
Event: 7.762 Thread 0x000001c004ec3010 Thread exited: 0x000001c004ec3010
Event: 7.762 Thread 0x000001c004ebf650 Thread exited: 0x000001c004ebf650
Event: 7.762 Thread 0x000001c004ec2b40 Thread exited: 0x000001c004ec2b40
Event: 7.762 Thread 0x000001c004ebde40 Thread exited: 0x000001c004ebde40
Event: 7.762 Thread 0x000001c004ec39b0 Thread exited: 0x000001c004ec39b0
Event: 7.762 Thread 0x000001c004ebcb00 Thread exited: 0x000001c004ebcb00
Event: 7.762 Thread 0x000001c004ec1800 Thread exited: 0x000001c004ec1800
Event: 7.762 Thread 0x000001c004ec0e60 Thread exited: 0x000001c004ec0e60
Event: 7.762 Thread 0x000001c004ebf180 Thread exited: 0x000001c004ebf180
Event: 7.762 Thread 0x000001c004ec21a0 Thread exited: 0x000001c004ec21a0
Event: 7.762 Thread 0x000001c004ec1cd0 Thread exited: 0x000001c004ec1cd0


Dynamic libraries:
0x00007ff6da300000 - 0x00007ff6da310000 	C:\Program Files\Java\jdk-18.0.2.1\bin\java.exe
0x00007ffe89590000 - 0x00007ffe897a6000 	C:\WINDOWS\SYSTEM32\ntdll.dll
0x00007ffe88880000 - 0x00007ffe88944000 	C:\WINDOWS\System32\KERNEL32.DLL
0x00007ffe86b40000 - 0x00007ffe86ee6000 	C:\WINDOWS\System32\KERNELBASE.dll
0x00007ffe870d0000 - 0x00007ffe871e1000 	C:\WINDOWS\System32\ucrtbase.dll
0x00007ffe71230000 - 0x00007ffe7124a000 	C:\Program Files\Java\jdk-18.0.2.1\bin\VCRUNTIME140.dll
0x00007ffe71250000 - 0x00007ffe71268000 	C:\Program Files\Java\jdk-18.0.2.1\bin\jli.dll
0x00007ffe89160000 - 0x00007ffe89212000 	C:\WINDOWS\System32\ADVAPI32.dll
0x00007ffe87a50000 - 0x00007ffe87af7000 	C:\WINDOWS\System32\msvcrt.dll
0x00007ffe88ad0000 - 0x00007ffe88b78000 	C:\WINDOWS\System32\sechost.dll
0x00007ffe872b0000 - 0x00007ffe872d8000 	C:\WINDOWS\System32\bcrypt.dll
0x00007ffe88600000 - 0x00007ffe88715000 	C:\WINDOWS\System32\RPCRT4.dll
0x00007ffe877d0000 - 0x00007ffe8797d000 	C:\WINDOWS\System32\USER32.dll
0x00007ffe869f0000 - 0x00007ffe86a16000 	C:\WINDOWS\System32\win32u.dll
0x00007ffe89280000 - 0x00007ffe892a9000 	C:\WINDOWS\System32\GDI32.dll
0x00007ffe86a20000 - 0x00007ffe86b38000 	C:\WINDOWS\System32\gdi32full.dll
0x00007ffe868d0000 - 0x00007ffe8696a000 	C:\WINDOWS\System32\msvcp_win.dll
0x00007ffe6fab0000 - 0x00007ffe6fd43000 	C:\WINDOWS\WinSxS\amd64_microsoft.windows.common-controls_6595b64144ccf1df_6.0.22621.3235_none_270f74e173860f98\COMCTL32.dll
0x00007ffe86350000 - 0x00007ffe8635a000 	C:\WINDOWS\SYSTEM32\VERSION.dll
0x00007ffe89090000 - 0x00007ffe890c1000 	C:\WINDOWS\System32\IMM32.DLL
0x0000000051d40000 - 0x0000000051d4c000 	C:\Program Files (x86)\360\Total Security\safemon\SafeWrapper.dll
0x00007ffe6cb60000 - 0x00007ffe6cbf2000 	C:\Program Files (x86)\360\Total Security\safemon\libzdtp64.dll
0x00007ffe87b00000 - 0x00007ffe8835d000 	C:\WINDOWS\System32\SHELL32.dll
0x00007ffe88820000 - 0x00007ffe8887e000 	C:\WINDOWS\System32\SHLWAPI.dll
0x00007ffe819c0000 - 0x00007ffe819cc000 	C:\Program Files\Java\jdk-18.0.2.1\bin\vcruntime140_1.dll
0x00007ffe55a50000 - 0x00007ffe55add000 	C:\Program Files\Java\jdk-18.0.2.1\bin\msvcp140.dll
0x00007ffe3f470000 - 0x00007ffe40081000 	C:\Program Files\Java\jdk-18.0.2.1\bin\server\jvm.dll
0x00007ffe88950000 - 0x00007ffe88958000 	C:\WINDOWS\System32\PSAPI.DLL
0x00007ffe818f0000 - 0x00007ffe818f9000 	C:\WINDOWS\SYSTEM32\WSOCK32.dll
0x00007ffe87750000 - 0x00007ffe877c1000 	C:\WINDOWS\System32\WS2_32.dll
0x00007ffe7e5d0000 - 0x00007ffe7e604000 	C:\WINDOWS\SYSTEM32\WINMM.dll
0x00007ffe85990000 - 0x00007ffe859a8000 	C:\WINDOWS\SYSTEM32\kernel.appcore.dll
0x00007ffe733f0000 - 0x00007ffe733fa000 	C:\Program Files\Java\jdk-18.0.2.1\bin\jimage.dll
0x00007ffe84180000 - 0x00007ffe843b3000 	C:\WINDOWS\SYSTEM32\DBGHELP.DLL
0x00007ffe873c0000 - 0x00007ffe87748000 	C:\WINDOWS\System32\combase.dll
0x00007ffe88360000 - 0x00007ffe88437000 	C:\WINDOWS\System32\OLEAUT32.dll
0x00007ffe7c500000 - 0x00007ffe7c532000 	C:\WINDOWS\SYSTEM32\dbgcore.DLL
0x00007ffe86970000 - 0x00007ffe869ea000 	C:\WINDOWS\System32\bcryptPrimitives.dll
0x00007ffe709c0000 - 0x00007ffe709e5000 	C:\Program Files\Java\jdk-18.0.2.1\bin\java.dll
0x00007ffe46270000 - 0x00007ffe46346000 	C:\Program Files\Java\jdk-18.0.2.1\bin\jsvml.dll
0x00007ffe847d0000 - 0x00007ffe850c8000 	C:\WINDOWS\SYSTEM32\windows.storage.dll
0x00007ffe84690000 - 0x00007ffe847ce000 	C:\WINDOWS\SYSTEM32\wintypes.dll
0x00007ffe892b0000 - 0x00007ffe893a3000 	C:\WINDOWS\System32\SHCORE.dll
0x00007ffe86800000 - 0x00007ffe86826000 	C:\WINDOWS\SYSTEM32\profapi.dll
0x00007ffe71210000 - 0x00007ffe71223000 	C:\Program Files\Java\jdk-18.0.2.1\bin\net.dll
0x00007ffe80a60000 - 0x00007ffe80b97000 	C:\WINDOWS\SYSTEM32\WINHTTP.dll
0x00007ffe85e10000 - 0x00007ffe85e79000 	C:\WINDOWS\system32\mswsock.dll
0x00007ffe70e60000 - 0x00007ffe70e76000 	C:\Program Files\Java\jdk-18.0.2.1\bin\nio.dll
0x00007ffe709a0000 - 0x00007ffe709b8000 	C:\Program Files\Java\jdk-18.0.2.1\bin\zip.dll
0x00007ffe819d0000 - 0x00007ffe819d9000 	C:\Program Files\Java\jdk-18.0.2.1\bin\management.dll
0x00007ffe70cd0000 - 0x00007ffe70cdb000 	C:\Program Files\Java\jdk-18.0.2.1\bin\management_ext.dll
0x00007ffe70560000 - 0x00007ffe7056e000 	C:\Program Files\Java\jdk-18.0.2.1\bin\sunmscapi.dll
0x00007ffe86f60000 - 0x00007ffe870c6000 	C:\WINDOWS\System32\CRYPT32.dll
0x00007ffe86220000 - 0x00007ffe8624e000 	C:\WINDOWS\SYSTEM32\ncrypt.dll
0x00007ffe861e0000 - 0x00007ffe86217000 	C:\WINDOWS\SYSTEM32\NTASN1.dll
0x00007ffe17b10000 - 0x00007ffe17b27000 	C:\WINDOWS\system32\napinsp.dll
0x00007ffe17c70000 - 0x00007ffe17c8b000 	C:\WINDOWS\system32\pnrpnsp.dll
0x00007ffe85500000 - 0x00007ffe855f9000 	C:\WINDOWS\SYSTEM32\DNSAPI.dll
0x00007ffe854d0000 - 0x00007ffe854fd000 	C:\WINDOWS\SYSTEM32\IPHLPAPI.DLL
0x00007ffe872e0000 - 0x00007ffe872e9000 	C:\WINDOWS\System32\NSI.dll
0x00007ffe17c50000 - 0x00007ffe17c61000 	C:\WINDOWS\System32\winrnr.dll
0x00007ffe7c4e0000 - 0x00007ffe7c4f5000 	C:\WINDOWS\system32\wshbth.dll
0x00007ffe26a20000 - 0x00007ffe26a41000 	C:\WINDOWS\system32\nlansp_c.dll
0x00007ffe7e490000 - 0x00007ffe7e49a000 	C:\Windows\System32\rasadhlp.dll
0x00007ffe7e540000 - 0x00007ffe7e5c3000 	C:\WINDOWS\System32\fwpuclnt.dll
0x00007ffe86060000 - 0x00007ffe8607b000 	C:\WINDOWS\SYSTEM32\CRYPTSP.dll
0x00007ffe858f0000 - 0x00007ffe85925000 	C:\WINDOWS\system32\rsaenh.dll
0x00007ffe85f00000 - 0x00007ffe85f2c000 	C:\WINDOWS\SYSTEM32\USERENV.dll
0x00007ffe86080000 - 0x00007ffe8608c000 	C:\WINDOWS\SYSTEM32\CRYPTBASE.dll
0x00007ffe80750000 - 0x00007ffe80769000 	C:\WINDOWS\SYSTEM32\dhcpcsvc6.DLL
0x00007ffe80730000 - 0x00007ffe8074f000 	C:\WINDOWS\SYSTEM32\dhcpcsvc.DLL
0x00007ffe819f0000 - 0x00007ffe81a00000 	C:\Program Files\Java\jdk-18.0.2.1\bin\verify.dll

dbghelp: loaded successfully - version: 4.0.5 - missing functions: none
symbol engine: initialized successfully - sym options: 0x614 - pdb path: .;C:\Program Files\Java\jdk-18.0.2.1\bin;C:\WINDOWS\SYSTEM32;C:\WINDOWS\WinSxS\amd64_microsoft.windows.common-controls_6595b64144ccf1df_6.0.22621.3235_none_270f74e173860f98;C:\Program Files (x86)\360\Total Security\safemon;C:\Program Files\Java\jdk-18.0.2.1\bin\server

VM Arguments:
java_command: C:\Users\ADMIN\AppData\Local\Temp\surefire2417037067570515344\surefirebooter-20240406180453569_3.jar C:\Users\ADMIN\AppData\Local\Temp\surefire2417037067570515344 2024-04-06T18-04-53_426-jvmRun1 surefire-20240406180453569_1tmp surefire_0-20240406180453569_2tmp
java_class_path (initial): C:\Users\ADMIN\AppData\Local\Temp\surefire2417037067570515344\surefirebooter-20240406180453569_3.jar
Launcher Type: SUN_STANDARD

[Global flags]
     intx CICompilerCount                          = 4                                         {product} {ergonomic}
     uint ConcGCThreads                            = 3                                         {product} {ergonomic}
     uint G1ConcRefinementThreads                  = 10                                        {product} {ergonomic}
   size_t G1HeapRegionSize                         = 2097152                                   {product} {ergonomic}
    uintx GCDrainStackTargetSize                   = 64                                        {product} {ergonomic}
   size_t InitialHeapSize                          = 266338304                                 {product} {ergonomic}
   size_t MarkStackSize                            = 4194304                                   {product} {ergonomic}
   size_t MaxHeapSize                              = 4234149888                                {product} {ergonomic}
   size_t MaxNewSize                               = 2539651072                                {product} {ergonomic}
   size_t MinHeapDeltaBytes                        = 2097152                                   {product} {ergonomic}
   size_t MinHeapSize                              = 8388608                                   {product} {ergonomic}
    uintx NonNMethodCodeHeapSize                   = 5839372                                {pd product} {ergonomic}
    uintx NonProfiledCodeHeapSize                  = 122909434                              {pd product} {ergonomic}
    uintx ProfiledCodeHeapSize                     = 122909434                              {pd product} {ergonomic}
    uintx ReservedCodeCacheSize                    = 251658240                              {pd product} {ergonomic}
     bool SegmentedCodeCache                       = true                                      {product} {ergonomic}
   size_t SoftMaxHeapSize                          = 4234149888                             {manageable} {ergonomic}
     bool UseCompressedClassPointers               = true                           {product lp64_product} {ergonomic}
     bool UseCompressedOops                        = true                           {product lp64_product} {ergonomic}
     bool UseG1GC                                  = true                                      {product} {ergonomic}
     bool UseLargePagesIndividualAllocation        = false                                  {pd product} {ergonomic}

Logging:
Log output configuration:
 #0: stdout all=warning uptime,level,tags foldmultilines=false
 #1: stderr all=off uptime,level,tags foldmultilines=false

Environment Variables:
PATH=C:\Program Files\Eclipse Adoptium\jdk-17.0.8.101-hotspot\bin;C:\Program Files\Common Files\Oracle\Java\javapath;C:\Program Files\Microsoft MPI\Bin\;C:\WINDOWS\system32;C:\WINDOWS;C:\WINDOWS\System32\Wbem;C:\WINDOWS\System32\WindowsPowerShell\v1.0\;C:\WINDOWS\System32\OpenSSH\;C:\Program Files (x86)\Microsoft SQL Server\160\Tools\Binn\;C:\Program Files\Microsoft SQL Server\160\Tools\Binn\;C:\Program Files\Microsoft SQL Server\Client SDK\ODBC\170\Tools\Binn\;C:\Program Files\Microsoft SQL Server\160\DTS\Binn\;C:\Program Files (x86)\Microsoft SQL Server\160\DTS\Binn\;C:\Program Files\Azure Data Studio\bin;E:\Git\cmd;C:\Program Files\Java\jdk-17\bin;C:\Program Files\nodejs\;C:\Program Files\PuTTY\;C:\Program Files\dotnet\;C:\Users\ADMIN\AppData\Local\Microsoft\WindowsApps;;C:\Program Files\Azure Data Studio\bin;D:\Microsoft VS Code\bin;C:\Users\ADMIN\AppData\Roaming\npm;C:\Program Files\heroku\bin
USERNAME=ADMIN
OS=Windows_NT
PROCESSOR_IDENTIFIER=Intel64 Family 6 Model 165 Stepping 2, GenuineIntel



---------------  S Y S T E M  ---------------

OS:
 Windows 11 , 64 bit Build 22621 (10.0.22621.3235)
OS uptime: 3 days 1:21 hours

CPU: total 12 (initial active 12) (6 cores per cpu, 2 threads per core) family 6 model 165 stepping 2 microcode 0xf8, cx8, cmov, fxsr, ht, mmx, 3dnowpref, sse, sse2, sse3, ssse3, sse4.1, sse4.2, popcnt, lzcnt, tsc, tscinvbit, avx, avx2, aes, erms, clmul, bmi1, bmi2, adx, fma, vzeroupper, clflush, clflushopt

Memory: 4k page, system-wide physical 16145M (1073M free)
TotalPageFile size 29932M (AvailPageFile size 275M)
current process WorkingSet (physical memory assigned to process): 360M, peak: 367M
current process commit charge ("private bytes"): 402M, peak: 518M

vm_info: Java HotSpot(TM) 64-Bit Server VM (18.0.2.1+1-1) for windows-amd64 JRE (18.0.2.1+1-1), built on Aug 16 2022 01:46:33 by "mach5one" with MS VC++ 16.8 / 16.9 (VS2019)

END.
