#
# There is insufficient memory for the Java Runtime Environment to continue.
# Native memory allocation (mmap) failed to map 65536 bytes for Failed to commit metaspace.
# Possible reasons:
#   The system is out of physical RAM or swap space
#   The process is running with CompressedOops enabled, and the Java Heap may be blocking the growth of the native heap
# Possible solutions:
#   Reduce memory load on the system
#   Increase physical memory or swap space
#   Check if swap backing store is full
#   Decrease Java heap size (-Xmx/-Xms)
#   Decrease number of Java threads
#   Decrease Java thread stack sizes (-Xss)
#   Set larger code cache with -XX:ReservedCodeCacheSize=
#   JVM is running with Zero Based Compressed Oops mode in which the Java heap is
#     placed in the first 32GB address space. The Java Heap base address is the
#     maximum limit for the native heap growth. Please use -XX:HeapBaseMinAddress
#     to set the Java Heap base and to place the Java Heap above 32GB virtual address.
# This output file may be truncated or incomplete.
#
#  Out of Memory Error (virtualSpaceNode.cpp:110), pid=6340, tid=8792
#
# JRE version: Java(TM) SE Runtime Environment (17.0.9+11) (build 17.0.9+11-LTS-201)
# Java VM: Java HotSpot(TM) 64-Bit Server VM (17.0.9+11-LTS-201, mixed mode, emulated-client, sharing, tiered, compressed oops, compressed class ptrs, g1 gc, windows-amd64)
# No core dump will be written. Minidumps are not enabled by default on client versions of Windows
#

---------------  S U M M A R Y ------------

Command Line: -XX:TieredStopAtLevel=1 -Dspring.output.ansi.enabled=always -Dcom.sun.management.jmxremote -Dspring.jmx.enabled=true -Dspring.liveBeansView.mbeanDomain -Dspring.application.admin.enabled=true -Dmanagement.endpoints.jmx.exposure.include=* -javaagent:D:\IntelliJ IDEA 2023.3.4\lib\idea_rt.jar=62378:D:\IntelliJ IDEA 2023.3.4\bin -Dfile.encoding=UTF-8 demo.MainApplication

Host: Intel(R) Core(TM) i7-10750H CPU @ 2.60GHz, 12 cores, 15G,  Windows 11 , 64 bit Build 22621 (10.0.22621.3235)
Time: Sun Mar 24 18:05:24 2024 SE Asia Standard Time elapsed time: 0.723613 seconds (0d 0h 0m 0s)

---------------  T H R E A D  ---------------

Current thread (0x0000017f301460b0):  JavaThread "main" [_thread_in_vm, id=8792, stack(0x0000002964100000,0x0000002964200000)]

Stack: [0x0000002964100000,0x0000002964200000]
Native frames: (J=compiled Java code, j=interpreted, Vv=VM code, C=native code)
V  [jvm.dll+0x678a4a]
V  [jvm.dll+0x7d9cfd]
V  [jvm.dll+0x7db60e]
V  [jvm.dll+0x7dbc73]
V  [jvm.dll+0x245e1f]
V  [jvm.dll+0x7d5a0b]
V  [jvm.dll+0x61ebc6]
V  [jvm.dll+0x1c01f7]
V  [jvm.dll+0x621530]
V  [jvm.dll+0x61f586]
V  [jvm.dll+0x629367]
V  [jvm.dll+0x1e9c7d]
V  [jvm.dll+0x1ea245]
V  [jvm.dll+0x1eab8b]
V  [jvm.dll+0x1e0391]
V  [jvm.dll+0x53eaec]
V  [jvm.dll+0x754538]
V  [jvm.dll+0x754624]
V  [jvm.dll+0x40c73f]
V  [jvm.dll+0x412759]
C  [java.dll+0x17ec]

Java frames: (J=compiled Java code, j=interpreted, Vv=VM code)
J 1171  java.lang.ClassLoader.defineClass1(Ljava/lang/ClassLoader;Ljava/lang/String;[BIILjava/security/ProtectionDomain;Ljava/lang/String;)Ljava/lang/Class; java.base@17.0.9 (0 bytes) @ 0x0000017f37e368e3 [0x0000017f37e36820+0x00000000000000c3]
J 1253 c1 java.lang.ClassLoader.defineClass(Ljava/lang/String;[BIILjava/security/ProtectionDomain;)Ljava/lang/Class; java.base@17.0.9 (43 bytes) @ 0x0000017f37e58b6c [0x0000017f37e58a60+0x000000000000010c]
J 1179 c1 jdk.internal.loader.BuiltinClassLoader.defineClass(Ljava/lang/String;Ljdk/internal/loader/Resource;)Ljava/lang/Class; java.base@17.0.9 (121 bytes) @ 0x0000017f37e3ebf4 [0x0000017f37e3e720+0x00000000000004d4]
J 1178 c1 jdk.internal.loader.BuiltinClassLoader.findClassOnClassPathOrNull(Ljava/lang/String;)Ljava/lang/Class; java.base@17.0.9 (64 bytes) @ 0x0000017f37e3d944 [0x0000017f37e3d680+0x00000000000002c4]
J 944 c1 jdk.internal.loader.BuiltinClassLoader.loadClassOrNull(Ljava/lang/String;Z)Ljava/lang/Class; java.base@17.0.9 (143 bytes) @ 0x0000017f37dd1e04 [0x0000017f37dd1980+0x0000000000000484]
J 1085 c1 jdk.internal.loader.ClassLoaders$AppClassLoader.loadClass(Ljava/lang/String;Z)Ljava/lang/Class; java.base@17.0.9 (40 bytes) @ 0x0000017f37e156ac [0x0000017f37e15560+0x000000000000014c]
J 1084 c1 java.lang.ClassLoader.loadClass(Ljava/lang/String;)Ljava/lang/Class; java.base@17.0.9 (7 bytes) @ 0x0000017f37e14ae4 [0x0000017f37e14aa0+0x0000000000000044]
v  ~StubRoutines::call_stub
J 1171  java.lang.ClassLoader.defineClass1(Ljava/lang/ClassLoader;Ljava/lang/String;[BIILjava/security/ProtectionDomain;Ljava/lang/String;)Ljava/lang/Class; java.base@17.0.9 (0 bytes) @ 0x0000017f37e368e3 [0x0000017f37e36820+0x00000000000000c3]
J 1253 c1 java.lang.ClassLoader.defineClass(Ljava/lang/String;[BIILjava/security/ProtectionDomain;)Ljava/lang/Class; java.base@17.0.9 (43 bytes) @ 0x0000017f37e58b6c [0x0000017f37e58a60+0x000000000000010c]
J 1179 c1 jdk.internal.loader.BuiltinClassLoader.defineClass(Ljava/lang/String;Ljdk/internal/loader/Resource;)Ljava/lang/Class; java.base@17.0.9 (121 bytes) @ 0x0000017f37e3ebf4 [0x0000017f37e3e720+0x00000000000004d4]
J 1178 c1 jdk.internal.loader.BuiltinClassLoader.findClassOnClassPathOrNull(Ljava/lang/String;)Ljava/lang/Class; java.base@17.0.9 (64 bytes) @ 0x0000017f37e3d944 [0x0000017f37e3d680+0x00000000000002c4]
J 944 c1 jdk.internal.loader.BuiltinClassLoader.loadClassOrNull(Ljava/lang/String;Z)Ljava/lang/Class; java.base@17.0.9 (143 bytes) @ 0x0000017f37dd1e04 [0x0000017f37dd1980+0x0000000000000484]
J 1085 c1 jdk.internal.loader.ClassLoaders$AppClassLoader.loadClass(Ljava/lang/String;Z)Ljava/lang/Class; java.base@17.0.9 (40 bytes) @ 0x0000017f37e156ac [0x0000017f37e15560+0x000000000000014c]
J 1084 c1 java.lang.ClassLoader.loadClass(Ljava/lang/String;)Ljava/lang/Class; java.base@17.0.9 (7 bytes) @ 0x0000017f37e14ae4 [0x0000017f37e14aa0+0x0000000000000044]
v  ~StubRoutines::call_stub
J 1171  java.lang.ClassLoader.defineClass1(Ljava/lang/ClassLoader;Ljava/lang/String;[BIILjava/security/ProtectionDomain;Ljava/lang/String;)Ljava/lang/Class; java.base@17.0.9 (0 bytes) @ 0x0000017f37e368e3 [0x0000017f37e36820+0x00000000000000c3]
J 1253 c1 java.lang.ClassLoader.defineClass(Ljava/lang/String;[BIILjava/security/ProtectionDomain;)Ljava/lang/Class; java.base@17.0.9 (43 bytes) @ 0x0000017f37e58b6c [0x0000017f37e58a60+0x000000000000010c]
J 1179 c1 jdk.internal.loader.BuiltinClassLoader.defineClass(Ljava/lang/String;Ljdk/internal/loader/Resource;)Ljava/lang/Class; java.base@17.0.9 (121 bytes) @ 0x0000017f37e3ebf4 [0x0000017f37e3e720+0x00000000000004d4]
J 1178 c1 jdk.internal.loader.BuiltinClassLoader.findClassOnClassPathOrNull(Ljava/lang/String;)Ljava/lang/Class; java.base@17.0.9 (64 bytes) @ 0x0000017f37e3d944 [0x0000017f37e3d680+0x00000000000002c4]
J 944 c1 jdk.internal.loader.BuiltinClassLoader.loadClassOrNull(Ljava/lang/String;Z)Ljava/lang/Class; java.base@17.0.9 (143 bytes) @ 0x0000017f37dd1e04 [0x0000017f37dd1980+0x0000000000000484]
J 1085 c1 jdk.internal.loader.ClassLoaders$AppClassLoader.loadClass(Ljava/lang/String;Z)Ljava/lang/Class; java.base@17.0.9 (40 bytes) @ 0x0000017f37e156ac [0x0000017f37e15560+0x000000000000014c]
J 1084 c1 java.lang.ClassLoader.loadClass(Ljava/lang/String;)Ljava/lang/Class; java.base@17.0.9 (7 bytes) @ 0x0000017f37e14ae4 [0x0000017f37e14aa0+0x0000000000000044]
v  ~StubRoutines::call_stub
j  org.springframework.boot.context.properties.bind.BindConverter$TypeConverterConverter.createTypeConverter()Lorg/springframework/beans/SimpleTypeConverter;+0
j  org.springframework.boot.context.properties.bind.BindConverter$TypeConverterConverter.<init>(Ljava/util/function/Consumer;)V+11
j  org.springframework.boot.context.properties.bind.BindConverter$TypeConverterConversionService.<init>(Ljava/util/function/Consumer;)V+14
j  org.springframework.boot.context.properties.bind.BindConverter.<init>(Ljava/util/List;Ljava/util/function/Consumer;)V+18
j  org.springframework.boot.context.properties.bind.BindConverter.getSharedInstance()Lorg/springframework/boot/context/properties/bind/BindConverter;+12
j  org.springframework.boot.context.properties.bind.BindConverter.get(Ljava/util/List;Ljava/util/function/Consumer;)Lorg/springframework/boot/context/properties/bind/BindConverter;+41
j  org.springframework.boot.context.properties.bind.Binder.<init>(Ljava/lang/Iterable;Lorg/springframework/boot/context/properties/bind/PlaceholdersResolver;Ljava/util/List;Ljava/util/function/Consumer;Lorg/springframework/boot/context/properties/bind/BindHandler;Lorg/springframework/boot/context/properties/bind/BindConstructorProvider;)V+74
j  org.springframework.boot.context.properties.bind.Binder.<init>(Ljava/lang/Iterable;Lorg/springframework/boot/context/properties/bind/PlaceholdersResolver;Lorg/springframework/core/convert/ConversionService;Ljava/util/function/Consumer;Lorg/springframework/boot/context/properties/bind/BindHandler;Lorg/springframework/boot/context/properties/bind/BindConstructorProvider;)V+24
j  org.springframework.boot.context.properties.bind.Binder.<init>(Ljava/lang/Iterable;Lorg/springframework/boot/context/properties/bind/PlaceholdersResolver;Lorg/springframework/core/convert/ConversionService;Ljava/util/function/Consumer;Lorg/springframework/boot/context/properties/bind/BindHandler;)V+9
j  org.springframework.boot.context.properties.bind.Binder.get(Lorg/springframework/core/env/Environment;Lorg/springframework/boot/context/properties/bind/BindHandler;)Lorg/springframework/boot/context/properties/bind/Binder;+23
j  org.springframework.boot.context.properties.bind.Binder.get(Lorg/springframework/core/env/Environment;)Lorg/springframework/boot/context/properties/bind/Binder;+2
j  org.springframework.boot.context.config.ConfigDataEnvironment.<init>(Lorg/springframework/boot/logging/DeferredLogFactory;Lorg/springframework/boot/ConfigurableBootstrapContext;Lorg/springframework/core/env/ConfigurableEnvironment;Lorg/springframework/core/io/ResourceLoader;Ljava/util/Collection;Lorg/springframework/boot/context/config/ConfigDataEnvironmentUpdateListener;)V+5
j  org.springframework.boot.context.config.ConfigDataEnvironmentPostProcessor.getConfigDataEnvironment(Lorg/springframework/core/env/ConfigurableEnvironment;Lorg/springframework/core/io/ResourceLoader;Ljava/util/Collection;)Lorg/springframework/boot/context/config/ConfigDataEnvironment;+19
j  org.springframework.boot.context.config.ConfigDataEnvironmentPostProcessor.postProcessEnvironment(Lorg/springframework/core/env/ConfigurableEnvironment;Lorg/springframework/core/io/ResourceLoader;Ljava/util/Collection;)V+31
j  org.springframework.boot.context.config.ConfigDataEnvironmentPostProcessor.postProcessEnvironment(Lorg/springframework/core/env/ConfigurableEnvironment;Lorg/springframework/boot/SpringApplication;)V+10
j  org.springframework.boot.env.EnvironmentPostProcessorApplicationListener.onApplicationEnvironmentPreparedEvent(Lorg/springframework/boot/context/event/ApplicationEnvironmentPreparedEvent;)V+55
j  org.springframework.boot.env.EnvironmentPostProcessorApplicationListener.onApplicationEvent(Lorg/springframework/context/ApplicationEvent;)V+14
j  org.springframework.context.event.SimpleApplicationEventMulticaster.doInvokeListener(Lorg/springframework/context/ApplicationListener;Lorg/springframework/context/ApplicationEvent;)V+2
j  org.springframework.context.event.SimpleApplicationEventMulticaster.invokeListener(Lorg/springframework/context/ApplicationListener;Lorg/springframework/context/ApplicationEvent;)V+34
j  org.springframework.context.event.SimpleApplicationEventMulticaster.multicastEvent(Lorg/springframework/context/ApplicationEvent;Lorg/springframework/core/ResolvableType;)V+104
j  org.springframework.context.event.SimpleApplicationEventMulticaster.multicastEvent(Lorg/springframework/context/ApplicationEvent;)V+3
j  org.springframework.boot.context.event.EventPublishingRunListener.multicastInitialEvent(Lorg/springframework/context/ApplicationEvent;)V+9
j  org.springframework.boot.context.event.EventPublishingRunListener.environmentPrepared(Lorg/springframework/boot/ConfigurableBootstrapContext;Lorg/springframework/core/env/ConfigurableEnvironment;)V+18
j  org.springframework.boot.SpringApplicationRunListeners.lambda$environmentPrepared$2(Lorg/springframework/boot/ConfigurableBootstrapContext;Lorg/springframework/core/env/ConfigurableEnvironment;Lorg/springframework/boot/SpringApplicationRunListener;)V+3
j  org.springframework.boot.SpringApplicationRunListeners$$Lambda$158+0x0000017f49124278.accept(Ljava/lang/Object;)V+12
j  java.lang.Iterable.forEach(Ljava/util/function/Consumer;)V+30 java.base@17.0.9
j  org.springframework.boot.SpringApplicationRunListeners.doWithListeners(Ljava/lang/String;Ljava/util/function/Consumer;Ljava/util/function/Consumer;)V+17
j  org.springframework.boot.SpringApplicationRunListeners.doWithListeners(Ljava/lang/String;Ljava/util/function/Consumer;)V+4
j  org.springframework.boot.SpringApplicationRunListeners.environmentPrepared(Lorg/springframework/boot/ConfigurableBootstrapContext;Lorg/springframework/core/env/ConfigurableEnvironment;)V+10
j  org.springframework.boot.SpringApplication.prepareEnvironment(Lorg/springframework/boot/SpringApplicationRunListeners;Lorg/springframework/boot/DefaultBootstrapContext;Lorg/springframework/boot/ApplicationArguments;)Lorg/springframework/core/env/ConfigurableEnvironment;+27
j  org.springframework.boot.SpringApplication.run([Ljava/lang/String;)Lorg/springframework/context/ConfigurableApplicationContext;+62
j  org.springframework.boot.SpringApplication.run([Ljava/lang/Class;[Ljava/lang/String;)Lorg/springframework/context/ConfigurableApplicationContext;+9
j  org.springframework.boot.SpringApplication.run(Ljava/lang/Class;[Ljava/lang/String;)Lorg/springframework/context/ConfigurableApplicationContext;+9
j  demo.MainApplication.main([Ljava/lang/String;)V+3
v  ~StubRoutines::call_stub

---------------  P R O C E S S  ---------------

Threads class SMR info:
_java_thread_list=0x0000017f8d390b50, length=16, elements={
0x0000017f301460b0, 0x0000017f46edfc70, 0x0000017f46ee2a10, 0x0000017f46ef3830,
0x0000017f46ef45c0, 0x0000017f46ef8110, 0x0000017f46efc9f0, 0x0000017f46eff790,
0x0000017f46f12c90, 0x0000017f46f2e8e0, 0x0000017f47830de0, 0x0000017f47831650,
0x0000017f47919090, 0x0000017f47bad800, 0x0000017f47badce0, 0x0000017f8d3da1c0
}

Java Threads: ( => current thread )
=>0x0000017f301460b0 JavaThread "main" [_thread_in_vm, id=8792, stack(0x0000002964100000,0x0000002964200000)]
  0x0000017f46edfc70 JavaThread "Reference Handler" daemon [_thread_blocked, id=53992, stack(0x0000002964800000,0x0000002964900000)]
  0x0000017f46ee2a10 JavaThread "Finalizer" daemon [_thread_blocked, id=48756, stack(0x0000002964900000,0x0000002964a00000)]
  0x0000017f46ef3830 JavaThread "Signal Dispatcher" daemon [_thread_blocked, id=48508, stack(0x0000002964a00000,0x0000002964b00000)]
  0x0000017f46ef45c0 JavaThread "Attach Listener" daemon [_thread_blocked, id=45280, stack(0x0000002964b00000,0x0000002964c00000)]
  0x0000017f46ef8110 JavaThread "Service Thread" daemon [_thread_blocked, id=53460, stack(0x0000002964c00000,0x0000002964d00000)]
  0x0000017f46efc9f0 JavaThread "Monitor Deflation Thread" daemon [_thread_blocked, id=48748, stack(0x0000002964d00000,0x0000002964e00000)]
  0x0000017f46eff790 JavaThread "C1 CompilerThread0" daemon [_thread_blocked, id=53624, stack(0x0000002964e00000,0x0000002964f00000)]
  0x0000017f46f12c90 JavaThread "Sweeper thread" daemon [_thread_blocked, id=46036, stack(0x0000002964f00000,0x0000002965000000)]
  0x0000017f46f2e8e0 JavaThread "Common-Cleaner" daemon [_thread_blocked, id=40104, stack(0x0000002965000000,0x0000002965100000)]
  0x0000017f47830de0 JavaThread "C1 CompilerThread1" daemon [_thread_blocked, id=51264, stack(0x0000002965100000,0x0000002965200000)]
  0x0000017f47831650 JavaThread "C1 CompilerThread2" daemon [_thread_blocked, id=54240, stack(0x0000002965200000,0x0000002965300000)]
  0x0000017f47919090 JavaThread "C1 CompilerThread3" daemon [_thread_blocked, id=54052, stack(0x0000002965300000,0x0000002965400000)]
  0x0000017f47bad800 JavaThread "Monitor Ctrl-Break" daemon [_thread_in_native, id=41588, stack(0x0000002965400000,0x0000002965500000)]
  0x0000017f47badce0 JavaThread "Notification Thread" daemon [_thread_blocked, id=15980, stack(0x0000002965500000,0x0000002965600000)]
  0x0000017f8d3da1c0 JavaThread "RMI TCP Accept-0" daemon [_thread_in_native, id=21212, stack(0x0000002965600000,0x0000002965700000)]

Other Threads:
  0x0000017f46edd160 VMThread "VM Thread" [stack: 0x0000002964700000,0x0000002964800000] [id=52128]
  0x0000017f301d2b90 WatcherThread [stack: 0x0000002965700000,0x0000002965800000] [id=53976]
  0x0000017f301b14a0 GCTaskThread "GC Thread#0" [stack: 0x0000002964200000,0x0000002964300000] [id=41996]
  0x0000017f8d766470 GCTaskThread "GC Thread#1" [stack: 0x0000002965800000,0x0000002965900000] [id=46384]
  0x0000017f8d766730 GCTaskThread "GC Thread#2" [stack: 0x0000002965900000,0x0000002965a00000] [id=53684]
  0x0000017f8d7669f0 GCTaskThread "GC Thread#3" [stack: 0x0000002965a00000,0x0000002965b00000] [id=48460]
  0x0000017f8d766cb0 GCTaskThread "GC Thread#4" [stack: 0x0000002965b00000,0x0000002965c00000] [id=53536]
  0x0000017f8d766f70 GCTaskThread "GC Thread#5" [stack: 0x0000002965c00000,0x0000002965d00000] [id=50348]
  0x0000017f8d7cdff0 GCTaskThread "GC Thread#6" [stack: 0x0000002965d00000,0x0000002965e00000] [id=47344]
  0x0000017f301c1f50 ConcurrentGCThread "G1 Main Marker" [stack: 0x0000002964300000,0x0000002964400000] [id=54024]
  0x0000017f301c3010 ConcurrentGCThread "G1 Conc#0" [stack: 0x0000002964400000,0x0000002964500000] [id=1880]
  0x0000017f46e1cba0 ConcurrentGCThread "G1 Refine#0" [stack: 0x0000002964500000,0x0000002964600000] [id=41180]
  0x0000017f8d7a2390 ConcurrentGCThread "G1 Refine#1" [stack: 0x0000002965e00000,0x0000002965f00000] [id=46804]
  0x0000017f46e1d4e0 ConcurrentGCThread "G1 Service" [stack: 0x0000002964600000,0x0000002964700000] [id=53668]

Threads with active compile tasks:

VM state: not at safepoint (normal execution)

VM Mutex/Monitor currently owned by a thread:  ([mutex/lock_event])
[0x0000017f3013ff80] Metaspace_lock - owner thread: 0x0000017f301460b0

Heap address: 0x0000000703a00000, size: 4038 MB, Compressed Oops mode: Zero based, Oop shift amount: 3

CDS archive(s) mapped at: [0x0000017f48000000-0x0000017f48bd0000-0x0000017f48bd0000), size 12386304, SharedBaseAddress: 0x0000017f48000000, ArchiveRelocationMode: 1.
Compressed class space mapped at: 0x0000017f49000000-0x0000017f89000000, reserved size: 1073741824
Narrow klass base: 0x0000017f48000000, Narrow klass shift: 0, Narrow klass range: 0x100000000

GC Precious Log:
 CPUs: 12 total, 12 available
 Memory: 16145M
 Large Page Support: Disabled
 NUMA Support: Disabled
 Compressed Oops: Enabled (Zero based)
 Heap Region Size: 2M
 Heap Min Capacity: 8M
 Heap Initial Capacity: 254M
 Heap Max Capacity: 4038M
 Pre-touch: Disabled
 Parallel Workers: 10
 Concurrent Workers: 3
 Concurrent Refinement Workers: 10
 Periodic GC: Disabled

Heap:
 garbage-first heap   total 260096K, used 18106K [0x0000000703a00000, 0x0000000800000000)
  region size 2048K, 7 young (14336K), 2 survivors (4096K)
 Metaspace       used 8399K, committed 8576K, reserved 1114112K
  class space    used 1095K, committed 1216K, reserved 1048576K

Heap Regions: E=young(eden), S=young(survivor), O=old, HS=humongous(starts), HC=humongous(continues), CS=collection set, F=free, OA=open archive, CA=closed archive, TAMS=top-at-mark-start (previous, next)
|   0|0x0000000703a00000, 0x0000000703c00000, 0x0000000703c00000|100%| O|  |TAMS 0x0000000703a00000, 0x0000000703a00000| Untracked 
|   1|0x0000000703c00000, 0x0000000703e00000, 0x0000000703e00000|100%| O|  |TAMS 0x0000000703c00000, 0x0000000703c00000| Untracked 
|   2|0x0000000703e00000, 0x0000000703fae800, 0x0000000704000000| 84%| O|  |TAMS 0x0000000703e00000, 0x0000000703e00000| Untracked 
|   3|0x0000000704000000, 0x0000000704000000, 0x0000000704200000|  0%| F|  |TAMS 0x0000000704000000, 0x0000000704000000| Untracked 
|   4|0x0000000704200000, 0x0000000704200000, 0x0000000704400000|  0%| F|  |TAMS 0x0000000704200000, 0x0000000704200000| Untracked 
|   5|0x0000000704400000, 0x0000000704400000, 0x0000000704600000|  0%| F|  |TAMS 0x0000000704400000, 0x0000000704400000| Untracked 
|   6|0x0000000704600000, 0x0000000704600000, 0x0000000704800000|  0%| F|  |TAMS 0x0000000704600000, 0x0000000704600000| Untracked 
|   7|0x0000000704800000, 0x0000000704800000, 0x0000000704a00000|  0%| F|  |TAMS 0x0000000704800000, 0x0000000704800000| Untracked 
|   8|0x0000000704a00000, 0x0000000704a00000, 0x0000000704c00000|  0%| F|  |TAMS 0x0000000704a00000, 0x0000000704a00000| Untracked 
|   9|0x0000000704c00000, 0x0000000704c00000, 0x0000000704e00000|  0%| F|  |TAMS 0x0000000704c00000, 0x0000000704c00000| Untracked 
|  10|0x0000000704e00000, 0x0000000704e00000, 0x0000000705000000|  0%| F|  |TAMS 0x0000000704e00000, 0x0000000704e00000| Untracked 
|  11|0x0000000705000000, 0x0000000705000000, 0x0000000705200000|  0%| F|  |TAMS 0x0000000705000000, 0x0000000705000000| Untracked 
|  12|0x0000000705200000, 0x0000000705200000, 0x0000000705400000|  0%| F|  |TAMS 0x0000000705200000, 0x0000000705200000| Untracked 
|  13|0x0000000705400000, 0x0000000705400000, 0x0000000705600000|  0%| F|  |TAMS 0x0000000705400000, 0x0000000705400000| Untracked 
|  14|0x0000000705600000, 0x0000000705600000, 0x0000000705800000|  0%| F|  |TAMS 0x0000000705600000, 0x0000000705600000| Untracked 
|  15|0x0000000705800000, 0x0000000705800000, 0x0000000705a00000|  0%| F|  |TAMS 0x0000000705800000, 0x0000000705800000| Untracked 
|  16|0x0000000705a00000, 0x0000000705a00000, 0x0000000705c00000|  0%| F|  |TAMS 0x0000000705a00000, 0x0000000705a00000| Untracked 
|  17|0x0000000705c00000, 0x0000000705c00000, 0x0000000705e00000|  0%| F|  |TAMS 0x0000000705c00000, 0x0000000705c00000| Untracked 
|  18|0x0000000705e00000, 0x0000000705e00000, 0x0000000706000000|  0%| F|  |TAMS 0x0000000705e00000, 0x0000000705e00000| Untracked 
|  19|0x0000000706000000, 0x0000000706000000, 0x0000000706200000|  0%| F|  |TAMS 0x0000000706000000, 0x0000000706000000| Untracked 
|  20|0x0000000706200000, 0x0000000706200000, 0x0000000706400000|  0%| F|  |TAMS 0x0000000706200000, 0x0000000706200000| Untracked 
|  21|0x0000000706400000, 0x0000000706400000, 0x0000000706600000|  0%| F|  |TAMS 0x0000000706400000, 0x0000000706400000| Untracked 
|  22|0x0000000706600000, 0x0000000706600000, 0x0000000706800000|  0%| F|  |TAMS 0x0000000706600000, 0x0000000706600000| Untracked 
|  23|0x0000000706800000, 0x0000000706800000, 0x0000000706a00000|  0%| F|  |TAMS 0x0000000706800000, 0x0000000706800000| Untracked 
|  24|0x0000000706a00000, 0x0000000706a00000, 0x0000000706c00000|  0%| F|  |TAMS 0x0000000706a00000, 0x0000000706a00000| Untracked 
|  25|0x0000000706c00000, 0x0000000706c00000, 0x0000000706e00000|  0%| F|  |TAMS 0x0000000706c00000, 0x0000000706c00000| Untracked 
|  26|0x0000000706e00000, 0x0000000706e00000, 0x0000000707000000|  0%| F|  |TAMS 0x0000000706e00000, 0x0000000706e00000| Untracked 
|  27|0x0000000707000000, 0x0000000707000000, 0x0000000707200000|  0%| F|  |TAMS 0x0000000707000000, 0x0000000707000000| Untracked 
|  28|0x0000000707200000, 0x0000000707200000, 0x0000000707400000|  0%| F|  |TAMS 0x0000000707200000, 0x0000000707200000| Untracked 
|  29|0x0000000707400000, 0x0000000707400000, 0x0000000707600000|  0%| F|  |TAMS 0x0000000707400000, 0x0000000707400000| Untracked 
|  30|0x0000000707600000, 0x0000000707600000, 0x0000000707800000|  0%| F|  |TAMS 0x0000000707600000, 0x0000000707600000| Untracked 
|  31|0x0000000707800000, 0x0000000707800000, 0x0000000707a00000|  0%| F|  |TAMS 0x0000000707800000, 0x0000000707800000| Untracked 
|  32|0x0000000707a00000, 0x0000000707a00000, 0x0000000707c00000|  0%| F|  |TAMS 0x0000000707a00000, 0x0000000707a00000| Untracked 
|  33|0x0000000707c00000, 0x0000000707c00000, 0x0000000707e00000|  0%| F|  |TAMS 0x0000000707c00000, 0x0000000707c00000| Untracked 
|  34|0x0000000707e00000, 0x0000000707e00000, 0x0000000708000000|  0%| F|  |TAMS 0x0000000707e00000, 0x0000000707e00000| Untracked 
|  35|0x0000000708000000, 0x0000000708000000, 0x0000000708200000|  0%| F|  |TAMS 0x0000000708000000, 0x0000000708000000| Untracked 
|  36|0x0000000708200000, 0x0000000708200000, 0x0000000708400000|  0%| F|  |TAMS 0x0000000708200000, 0x0000000708200000| Untracked 
|  37|0x0000000708400000, 0x0000000708400000, 0x0000000708600000|  0%| F|  |TAMS 0x0000000708400000, 0x0000000708400000| Untracked 
|  38|0x0000000708600000, 0x0000000708600000, 0x0000000708800000|  0%| F|  |TAMS 0x0000000708600000, 0x0000000708600000| Untracked 
|  39|0x0000000708800000, 0x0000000708800000, 0x0000000708a00000|  0%| F|  |TAMS 0x0000000708800000, 0x0000000708800000| Untracked 
|  40|0x0000000708a00000, 0x0000000708a00000, 0x0000000708c00000|  0%| F|  |TAMS 0x0000000708a00000, 0x0000000708a00000| Untracked 
|  41|0x0000000708c00000, 0x0000000708c00000, 0x0000000708e00000|  0%| F|  |TAMS 0x0000000708c00000, 0x0000000708c00000| Untracked 
|  42|0x0000000708e00000, 0x0000000708e00000, 0x0000000709000000|  0%| F|  |TAMS 0x0000000708e00000, 0x0000000708e00000| Untracked 
|  43|0x0000000709000000, 0x0000000709000000, 0x0000000709200000|  0%| F|  |TAMS 0x0000000709000000, 0x0000000709000000| Untracked 
|  44|0x0000000709200000, 0x0000000709200000, 0x0000000709400000|  0%| F|  |TAMS 0x0000000709200000, 0x0000000709200000| Untracked 
|  45|0x0000000709400000, 0x0000000709400000, 0x0000000709600000|  0%| F|  |TAMS 0x0000000709400000, 0x0000000709400000| Untracked 
|  46|0x0000000709600000, 0x0000000709600000, 0x0000000709800000|  0%| F|  |TAMS 0x0000000709600000, 0x0000000709600000| Untracked 
|  47|0x0000000709800000, 0x0000000709800000, 0x0000000709a00000|  0%| F|  |TAMS 0x0000000709800000, 0x0000000709800000| Untracked 
|  48|0x0000000709a00000, 0x0000000709a00000, 0x0000000709c00000|  0%| F|  |TAMS 0x0000000709a00000, 0x0000000709a00000| Untracked 
|  49|0x0000000709c00000, 0x0000000709c00000, 0x0000000709e00000|  0%| F|  |TAMS 0x0000000709c00000, 0x0000000709c00000| Untracked 
|  50|0x0000000709e00000, 0x0000000709e00000, 0x000000070a000000|  0%| F|  |TAMS 0x0000000709e00000, 0x0000000709e00000| Untracked 
|  51|0x000000070a000000, 0x000000070a000000, 0x000000070a200000|  0%| F|  |TAMS 0x000000070a000000, 0x000000070a000000| Untracked 
|  52|0x000000070a200000, 0x000000070a200000, 0x000000070a400000|  0%| F|  |TAMS 0x000000070a200000, 0x000000070a200000| Untracked 
|  53|0x000000070a400000, 0x000000070a400000, 0x000000070a600000|  0%| F|  |TAMS 0x000000070a400000, 0x000000070a400000| Untracked 
|  54|0x000000070a600000, 0x000000070a600000, 0x000000070a800000|  0%| F|  |TAMS 0x000000070a600000, 0x000000070a600000| Untracked 
|  55|0x000000070a800000, 0x000000070a800000, 0x000000070aa00000|  0%| F|  |TAMS 0x000000070a800000, 0x000000070a800000| Untracked 
|  56|0x000000070aa00000, 0x000000070aa00000, 0x000000070ac00000|  0%| F|  |TAMS 0x000000070aa00000, 0x000000070aa00000| Untracked 
|  57|0x000000070ac00000, 0x000000070ac00000, 0x000000070ae00000|  0%| F|  |TAMS 0x000000070ac00000, 0x000000070ac00000| Untracked 
|  58|0x000000070ae00000, 0x000000070ae00000, 0x000000070b000000|  0%| F|  |TAMS 0x000000070ae00000, 0x000000070ae00000| Untracked 
|  59|0x000000070b000000, 0x000000070b000000, 0x000000070b200000|  0%| F|  |TAMS 0x000000070b000000, 0x000000070b000000| Untracked 
|  60|0x000000070b200000, 0x000000070b200000, 0x000000070b400000|  0%| F|  |TAMS 0x000000070b200000, 0x000000070b200000| Untracked 
|  61|0x000000070b400000, 0x000000070b400000, 0x000000070b600000|  0%| F|  |TAMS 0x000000070b400000, 0x000000070b400000| Untracked 
|  62|0x000000070b600000, 0x000000070b600000, 0x000000070b800000|  0%| F|  |TAMS 0x000000070b600000, 0x000000070b600000| Untracked 
|  63|0x000000070b800000, 0x000000070b800000, 0x000000070ba00000|  0%| F|  |TAMS 0x000000070b800000, 0x000000070b800000| Untracked 
|  64|0x000000070ba00000, 0x000000070ba00000, 0x000000070bc00000|  0%| F|  |TAMS 0x000000070ba00000, 0x000000070ba00000| Untracked 
|  65|0x000000070bc00000, 0x000000070bc00000, 0x000000070be00000|  0%| F|  |TAMS 0x000000070bc00000, 0x000000070bc00000| Untracked 
|  66|0x000000070be00000, 0x000000070be00000, 0x000000070c000000|  0%| F|  |TAMS 0x000000070be00000, 0x000000070be00000| Untracked 
|  67|0x000000070c000000, 0x000000070c000000, 0x000000070c200000|  0%| F|  |TAMS 0x000000070c000000, 0x000000070c000000| Untracked 
|  68|0x000000070c200000, 0x000000070c200000, 0x000000070c400000|  0%| F|  |TAMS 0x000000070c200000, 0x000000070c200000| Untracked 
|  69|0x000000070c400000, 0x000000070c400000, 0x000000070c600000|  0%| F|  |TAMS 0x000000070c400000, 0x000000070c400000| Untracked 
|  70|0x000000070c600000, 0x000000070c600000, 0x000000070c800000|  0%| F|  |TAMS 0x000000070c600000, 0x000000070c600000| Untracked 
|  71|0x000000070c800000, 0x000000070c800000, 0x000000070ca00000|  0%| F|  |TAMS 0x000000070c800000, 0x000000070c800000| Untracked 
|  72|0x000000070ca00000, 0x000000070ca00000, 0x000000070cc00000|  0%| F|  |TAMS 0x000000070ca00000, 0x000000070ca00000| Untracked 
|  73|0x000000070cc00000, 0x000000070cc00000, 0x000000070ce00000|  0%| F|  |TAMS 0x000000070cc00000, 0x000000070cc00000| Untracked 
|  74|0x000000070ce00000, 0x000000070ce00000, 0x000000070d000000|  0%| F|  |TAMS 0x000000070ce00000, 0x000000070ce00000| Untracked 
|  75|0x000000070d000000, 0x000000070d000000, 0x000000070d200000|  0%| F|  |TAMS 0x000000070d000000, 0x000000070d000000| Untracked 
|  76|0x000000070d200000, 0x000000070d200000, 0x000000070d400000|  0%| F|  |TAMS 0x000000070d200000, 0x000000070d200000| Untracked 
|  77|0x000000070d400000, 0x000000070d400000, 0x000000070d600000|  0%| F|  |TAMS 0x000000070d400000, 0x000000070d400000| Untracked 
|  78|0x000000070d600000, 0x000000070d600000, 0x000000070d800000|  0%| F|  |TAMS 0x000000070d600000, 0x000000070d600000| Untracked 
|  79|0x000000070d800000, 0x000000070d800000, 0x000000070da00000|  0%| F|  |TAMS 0x000000070d800000, 0x000000070d800000| Untracked 
|  80|0x000000070da00000, 0x000000070da00000, 0x000000070dc00000|  0%| F|  |TAMS 0x000000070da00000, 0x000000070da00000| Untracked 
|  81|0x000000070dc00000, 0x000000070dc00000, 0x000000070de00000|  0%| F|  |TAMS 0x000000070dc00000, 0x000000070dc00000| Untracked 
|  82|0x000000070de00000, 0x000000070de00000, 0x000000070e000000|  0%| F|  |TAMS 0x000000070de00000, 0x000000070de00000| Untracked 
|  83|0x000000070e000000, 0x000000070e000000, 0x000000070e200000|  0%| F|  |TAMS 0x000000070e000000, 0x000000070e000000| Untracked 
|  84|0x000000070e200000, 0x000000070e200000, 0x000000070e400000|  0%| F|  |TAMS 0x000000070e200000, 0x000000070e200000| Untracked 
|  85|0x000000070e400000, 0x000000070e400000, 0x000000070e600000|  0%| F|  |TAMS 0x000000070e400000, 0x000000070e400000| Untracked 
|  86|0x000000070e600000, 0x000000070e600000, 0x000000070e800000|  0%| F|  |TAMS 0x000000070e600000, 0x000000070e600000| Untracked 
|  87|0x000000070e800000, 0x000000070e800000, 0x000000070ea00000|  0%| F|  |TAMS 0x000000070e800000, 0x000000070e800000| Untracked 
|  88|0x000000070ea00000, 0x000000070ea00000, 0x000000070ec00000|  0%| F|  |TAMS 0x000000070ea00000, 0x000000070ea00000| Untracked 
|  89|0x000000070ec00000, 0x000000070ec00000, 0x000000070ee00000|  0%| F|  |TAMS 0x000000070ec00000, 0x000000070ec00000| Untracked 
|  90|0x000000070ee00000, 0x000000070ee00000, 0x000000070f000000|  0%| F|  |TAMS 0x000000070ee00000, 0x000000070ee00000| Untracked 
|  91|0x000000070f000000, 0x000000070f000000, 0x000000070f200000|  0%| F|  |TAMS 0x000000070f000000, 0x000000070f000000| Untracked 
|  92|0x000000070f200000, 0x000000070f200000, 0x000000070f400000|  0%| F|  |TAMS 0x000000070f200000, 0x000000070f200000| Untracked 
|  93|0x000000070f400000, 0x000000070f400000, 0x000000070f600000|  0%| F|  |TAMS 0x000000070f400000, 0x000000070f400000| Untracked 
|  94|0x000000070f600000, 0x000000070f600000, 0x000000070f800000|  0%| F|  |TAMS 0x000000070f600000, 0x000000070f600000| Untracked 
|  95|0x000000070f800000, 0x000000070f800000, 0x000000070fa00000|  0%| F|  |TAMS 0x000000070f800000, 0x000000070f800000| Untracked 
|  96|0x000000070fa00000, 0x000000070fa00000, 0x000000070fc00000|  0%| F|  |TAMS 0x000000070fa00000, 0x000000070fa00000| Untracked 
|  97|0x000000070fc00000, 0x000000070fc00000, 0x000000070fe00000|  0%| F|  |TAMS 0x000000070fc00000, 0x000000070fc00000| Untracked 
|  98|0x000000070fe00000, 0x000000070fe00000, 0x0000000710000000|  0%| F|  |TAMS 0x000000070fe00000, 0x000000070fe00000| Untracked 
|  99|0x0000000710000000, 0x0000000710000000, 0x0000000710200000|  0%| F|  |TAMS 0x0000000710000000, 0x0000000710000000| Untracked 
| 100|0x0000000710200000, 0x0000000710200000, 0x0000000710400000|  0%| F|  |TAMS 0x0000000710200000, 0x0000000710200000| Untracked 
| 101|0x0000000710400000, 0x0000000710400000, 0x0000000710600000|  0%| F|  |TAMS 0x0000000710400000, 0x0000000710400000| Untracked 
| 102|0x0000000710600000, 0x0000000710600000, 0x0000000710800000|  0%| F|  |TAMS 0x0000000710600000, 0x0000000710600000| Untracked 
| 103|0x0000000710800000, 0x0000000710800000, 0x0000000710a00000|  0%| F|  |TAMS 0x0000000710800000, 0x0000000710800000| Untracked 
| 104|0x0000000710a00000, 0x0000000710a00000, 0x0000000710c00000|  0%| F|  |TAMS 0x0000000710a00000, 0x0000000710a00000| Untracked 
| 105|0x0000000710c00000, 0x0000000710c00000, 0x0000000710e00000|  0%| F|  |TAMS 0x0000000710c00000, 0x0000000710c00000| Untracked 
| 106|0x0000000710e00000, 0x0000000710e00000, 0x0000000711000000|  0%| F|  |TAMS 0x0000000710e00000, 0x0000000710e00000| Untracked 
| 107|0x0000000711000000, 0x0000000711000000, 0x0000000711200000|  0%| F|  |TAMS 0x0000000711000000, 0x0000000711000000| Untracked 
| 108|0x0000000711200000, 0x0000000711200000, 0x0000000711400000|  0%| F|  |TAMS 0x0000000711200000, 0x0000000711200000| Untracked 
| 109|0x0000000711400000, 0x0000000711400000, 0x0000000711600000|  0%| F|  |TAMS 0x0000000711400000, 0x0000000711400000| Untracked 
| 110|0x0000000711600000, 0x0000000711600000, 0x0000000711800000|  0%| F|  |TAMS 0x0000000711600000, 0x0000000711600000| Untracked 
| 111|0x0000000711800000, 0x0000000711800000, 0x0000000711a00000|  0%| F|  |TAMS 0x0000000711800000, 0x0000000711800000| Untracked 
| 112|0x0000000711a00000, 0x0000000711a00000, 0x0000000711c00000|  0%| F|  |TAMS 0x0000000711a00000, 0x0000000711a00000| Untracked 
| 113|0x0000000711c00000, 0x0000000711c00000, 0x0000000711e00000|  0%| F|  |TAMS 0x0000000711c00000, 0x0000000711c00000| Untracked 
| 114|0x0000000711e00000, 0x0000000712000000, 0x0000000712000000|100%| S|CS|TAMS 0x0000000711e00000, 0x0000000711e00000| Complete 
| 115|0x0000000712000000, 0x0000000712200000, 0x0000000712200000|100%| S|CS|TAMS 0x0000000712000000, 0x0000000712000000| Complete 
| 116|0x0000000712200000, 0x0000000712200000, 0x0000000712400000|  0%| F|  |TAMS 0x0000000712200000, 0x0000000712200000| Untracked 
| 117|0x0000000712400000, 0x0000000712400000, 0x0000000712600000|  0%| F|  |TAMS 0x0000000712400000, 0x0000000712400000| Untracked 
| 118|0x0000000712600000, 0x0000000712600000, 0x0000000712800000|  0%| F|  |TAMS 0x0000000712600000, 0x0000000712600000| Untracked 
| 119|0x0000000712800000, 0x0000000712800000, 0x0000000712a00000|  0%| F|  |TAMS 0x0000000712800000, 0x0000000712800000| Untracked 
| 120|0x0000000712a00000, 0x0000000712a00000, 0x0000000712c00000|  0%| F|  |TAMS 0x0000000712a00000, 0x0000000712a00000| Untracked 
| 121|0x0000000712c00000, 0x0000000712c00000, 0x0000000712e00000|  0%| F|  |TAMS 0x0000000712c00000, 0x0000000712c00000| Untracked 
| 122|0x0000000712e00000, 0x0000000712f0dc68, 0x0000000713000000| 52%| E|  |TAMS 0x0000000712e00000, 0x0000000712e00000| Complete 
| 123|0x0000000713000000, 0x0000000713200000, 0x0000000713200000|100%| E|CS|TAMS 0x0000000713000000, 0x0000000713000000| Complete 
| 124|0x0000000713200000, 0x0000000713400000, 0x0000000713400000|100%| E|CS|TAMS 0x0000000713200000, 0x0000000713200000| Complete 
| 125|0x0000000713400000, 0x0000000713600000, 0x0000000713600000|100%| E|CS|TAMS 0x0000000713400000, 0x0000000713400000| Complete 
| 126|0x0000000713600000, 0x0000000713800000, 0x0000000713800000|100%| E|CS|TAMS 0x0000000713600000, 0x0000000713600000| Complete 

Card table byte_map: [0x0000017f3bc60000,0x0000017f3c450000] _byte_map_base: 0x0000017f38443000

Marking Bits (Prev, Next): (CMBitMap*) 0x0000017f301b19d0, (CMBitMap*) 0x0000017f301b1a10
 Prev Bits: [0x0000017f3cc40000, 0x0000017f40b58000)
 Next Bits: [0x0000017f40b60000, 0x0000017f44a78000)

Polling page: 0x0000017f2e8b0000

Metaspace:

Usage:
  Non-class:      7.13 MB used.
      Class:      1.07 MB used.
       Both:      8.20 MB used.

Virtual space:
  Non-class space:       64.00 MB reserved,       7.19 MB ( 11%) committed,  1 nodes.
      Class space:        1.00 GB reserved,       1.19 MB ( <1%) committed,  1 nodes.
             Both:        1.06 GB reserved,       8.38 MB ( <1%) committed. 

Chunk freelists:
   Non-Class:  8.30 MB
       Class:  14.80 MB
        Both:  23.09 MB

MaxMetaspaceSize: unlimited
CompressedClassSpaceSize: 1.00 GB
Initial GC threshold: 21.00 MB
Current GC threshold: 21.00 MB
CDS: on
MetaspaceReclaimPolicy: balanced
 - commit_granule_bytes: 65536.
 - commit_granule_words: 8192.
 - virtual_space_node_default_size: 8388608.
 - enlarge_chunks_in_place: 1.
 - new_chunks_are_fully_committed: 0.
 - uncommit_free_chunks: 1.
 - use_allocation_guard: 0.
 - handle_deallocations: 1.


Internal statistics:

num_allocs_failed_limit: 0.
num_arena_births: 136.
num_arena_deaths: 0.
num_vsnodes_births: 2.
num_vsnodes_deaths: 0.
num_space_committed: 134.
num_space_uncommitted: 0.
num_chunks_returned_to_freelist: 0.
num_chunks_taken_from_freelist: 312.
num_chunk_merges: 0.
num_chunk_splits: 198.
num_chunks_enlarged: 134.
num_inconsistent_stats: 0.

CodeCache: size=49152Kb used=4840Kb max_used=4840Kb free=44311Kb
 bounds [0x0000017f379d0000, 0x0000017f37e90000, 0x0000017f3a9d0000]
 total_blobs=1823 nmethods=1369 adapters=379
 compilation: enabled
              stopped_count=0, restarted_count=0
 full_count=0

Compilation events (20 events):
Event: 0.709 Thread 0x0000017f47830de0 1359       1       java.lang.Module::implIsExportedOrOpen (92 bytes)
Event: 0.710 Thread 0x0000017f47831650 1360       1       java.lang.invoke.LambdaFormEditor$TransformKey::inRange (36 bytes)
Event: 0.710 Thread 0x0000017f47831650 nmethod 1360 0x0000017f37e85e90 code [0x0000017f37e86020, 0x0000017f37e860d8]
Event: 0.710 Thread 0x0000017f47831650 1361       1       java.lang.Boolean::booleanValue (5 bytes)
Event: 0.710 Thread 0x0000017f47830de0 nmethod 1359 0x0000017f37e86190 code [0x0000017f37e86380, 0x0000017f37e86698]
Event: 0.710 Thread 0x0000017f47831650 nmethod 1361 0x0000017f37e86810 code [0x0000017f37e869a0, 0x0000017f37e86a78]
Event: 0.710 Thread 0x0000017f47831650 1362       1       org.springframework.boot.context.properties.source.ConfigurationPropertyName$ElementsParser::add (220 bytes)
Event: 0.710 Thread 0x0000017f47830de0 1363       1       org.springframework.boot.context.properties.source.SpringIterableConfigurationPropertySource$Mappings::add (23 bytes)
Event: 0.710 Thread 0x0000017f47919090 1364       1       org.springframework.boot.context.properties.source.ConfigurationPropertyName$Elements::<init> (38 bytes)
Event: 0.710 Thread 0x0000017f47830de0 nmethod 1363 0x0000017f37e86b10 code [0x0000017f37e86cc0, 0x0000017f37e86e38]
Event: 0.710 Thread 0x0000017f47830de0 1365       1       org.springframework.boot.context.properties.source.ConfigurationPropertyName$ElementsParser::parse (234 bytes)
Event: 0.710 Thread 0x0000017f47919090 nmethod 1364 0x0000017f37e86f10 code [0x0000017f37e870a0, 0x0000017f37e87358]
Event: 0.710 Thread 0x0000017f47919090 1366       1       java.util.stream.MatchOps$BooleanTerminalSink::cancellationRequested (5 bytes)
Event: 0.711 Thread 0x0000017f46eff790 1367       1       java.lang.StringLatin1$CharsSpliterator::characteristics (5 bytes)
Event: 0.711 Thread 0x0000017f47919090 nmethod 1366 0x0000017f37e87410 code [0x0000017f37e875a0, 0x0000017f37e87678]
Event: 0.711 Thread 0x0000017f46eff790 nmethod 1367 0x0000017f37e87710 code [0x0000017f37e878a0, 0x0000017f37e87978]
Event: 0.711 Thread 0x0000017f47831650 nmethod 1362 0x0000017f37e87a10 code [0x0000017f37e87ca0, 0x0000017f37e88b38]
Event: 0.711 Thread 0x0000017f47830de0 nmethod 1365 0x0000017f37e89190 code [0x0000017f37e893a0, 0x0000017f37e897f8]
Event: 0.714 Thread 0x0000017f47830de0 1369       1       org.springframework.util.ObjectUtils::nullSafeEquals (55 bytes)
Event: 0.714 Thread 0x0000017f47830de0 nmethod 1369 0x0000017f37e89e10 code [0x0000017f37e8a000, 0x0000017f37e8a278]

GC Heap History (2 events):
Event: 0.564 GC heap before
{Heap before GC invocations=0 (full 0):
 garbage-first heap   total 260096K, used 22528K [0x0000000703a00000, 0x0000000800000000)
  region size 2048K, 11 young (22528K), 0 survivors (0K)
 Metaspace       used 6229K, committed 6400K, reserved 1114112K
  class space    used 776K, committed 832K, reserved 1048576K
}
Event: 0.568 GC heap after
{Heap after GC invocations=1 (full 0):
 garbage-first heap   total 260096K, used 9914K [0x0000000703a00000, 0x0000000800000000)
  region size 2048K, 2 young (4096K), 2 survivors (4096K)
 Metaspace       used 6229K, committed 6400K, reserved 1114112K
  class space    used 776K, committed 832K, reserved 1048576K
}

Deoptimization events (0 events):
No events

Classes unloaded (0 events):
No events

Classes redefined (0 events):
No events

Internal exceptions (20 events):
Event: 0.306 Thread 0x0000017f301460b0 Exception <a 'java/lang/NoSuchMethodError'{0x0000000712b95db8}: 'void java.lang.invoke.DirectMethodHandle$Holder.invokeStatic(java.lang.Object, java.lang.Object, java.lang.Object)'> (0x0000000712b95db8) 
thrown [s\open\src\hotspot\share\interpreter\linkResolver.cpp, line 759]
Event: 0.313 Thread 0x0000017f301460b0 Exception <a 'java/lang/NoSuchMethodError'{0x0000000712bd2c88}: 'int java.lang.invoke.DirectMethodHandle$Holder.invokeSpecialIFC(java.lang.Object, java.lang.Object, java.lang.Object)'> (0x0000000712bd2c88) 
thrown [s\open\src\hotspot\share\interpreter\linkResolver.cpp, line 759]
Event: 0.334 Thread 0x0000017f301460b0 Exception <a 'java/lang/NoSuchMethodError'{0x0000000712849450}: 'java.lang.Object java.lang.invoke.DirectMethodHandle$Holder.invokeStaticInit(java.lang.Object, int, int, int, int)'> (0x0000000712849450) 
thrown [s\open\src\hotspot\share\interpreter\linkResolver.cpp, line 759]
Event: 0.389 Thread 0x0000017f301460b0 Exception <a 'java/lang/NoSuchMethodError'{0x00000007128d4460}: 'java.lang.Object java.lang.invoke.DirectMethodHandle$Holder.invokeStaticInit(java.lang.Object, java.lang.Object, int, int, int, int)'> (0x00000007128d4460) 
thrown [s\open\src\hotspot\share\interpreter\linkResolver.cpp, line 759]
Event: 0.401 Thread 0x0000017f301460b0 Exception <a 'java/lang/ClassNotFoundException'{0x00000007128f27a0}: javax/management/remote/rmi/RMIServerImpl_Skel> (0x00000007128f27a0) 
thrown [s\open\src\hotspot\share\classfile\systemDictionary.cpp, line 256]
Event: 0.461 Thread 0x0000017f301460b0 Exception <a 'java/lang/ClassNotFoundException'{0x0000000712773510}: javax/smartcardio/CardPermission> (0x0000000712773510) 
thrown [s\open\src\hotspot\share\classfile\systemDictionary.cpp, line 256]
Event: 0.464 Thread 0x0000017f301460b0 Exception <a 'java/io/FileNotFoundException'{0x0000000712781a50}> (0x0000000712781a50) 
thrown [s\open\src\hotspot\share\prims\jni.cpp, line 516]
Event: 0.476 Thread 0x0000017f301460b0 Exception <a 'java/lang/NoSuchMethodError'{0x0000000712418448}: 'java.lang.Object java.lang.invoke.DirectMethodHandle$Holder.invokeSpecial(java.lang.Object, java.lang.Object, java.lang.Object, long, java.lang.Object)'> (0x0000000712418448) 
thrown [s\open\src\hotspot\share\interpreter\linkResolver.cpp, line 759]
Event: 0.476 Thread 0x0000017f301460b0 Exception <a 'java/lang/NoSuchMethodError'{0x000000071241c018}: 'java.lang.Object java.lang.invoke.Invokers$Holder.linkToTargetMethod(java.lang.Object, long, java.lang.Object, java.lang.Object)'> (0x000000071241c018) 
thrown [s\open\src\hotspot\share\interpreter\linkResolver.cpp, line 759]
Event: 0.524 Thread 0x0000017f301460b0 Exception <a 'java/lang/NoSuchMethodError'{0x0000000712207b40}: 'void java.lang.invoke.DirectMethodHandle$Holder.invokeStatic(java.lang.Object, java.lang.Object, java.lang.Object, java.lang.Object)'> (0x0000000712207b40) 
thrown [s\open\src\hotspot\share\interpreter\linkResolver.cpp, line 759]
Event: 0.550 Thread 0x0000017f301460b0 Exception <a 'java/lang/NoSuchMethodError'{0x000000071232acc0}: 'int java.lang.invoke.DirectMethodHandle$Holder.invokeStaticInit(java.lang.Object, java.lang.Object)'> (0x000000071232acc0) 
thrown [s\open\src\hotspot\share\interpreter\linkResolver.cpp, line 759]
Event: 0.555 Thread 0x0000017f301460b0 Exception <a 'java/lang/NoSuchMethodError'{0x000000071236d8d8}: 'void java.lang.invoke.DirectMethodHandle$Holder.invokeInterface(java.lang.Object, java.lang.Object, java.lang.Object, java.lang.Object)'> (0x000000071236d8d8) 
thrown [s\open\src\hotspot\share\interpreter\linkResolver.cpp, line 759]
Event: 0.589 Thread 0x0000017f301460b0 Exception <a 'java/lang/NoSuchMethodError'{0x0000000713799dc0}: 'java.lang.Object java.lang.invoke.DirectMethodHandle$Holder.invokeInterface(java.lang.Object, java.lang.Object)'> (0x0000000713799dc0) 
thrown [s\open\src\hotspot\share\interpreter\linkResolver.cpp, line 759]
Event: 0.594 Thread 0x0000017f301460b0 Exception <a 'java/lang/NoSuchMethodError'{0x00000007137e58b0}: 'java.lang.Object java.lang.invoke.DirectMethodHandle$Holder.invokeSpecialIFC(java.lang.Object, java.lang.Object, java.lang.Object, java.lang.Object)'> (0x00000007137e58b0) 
thrown [s\open\src\hotspot\share\interpreter\linkResolver.cpp, line 759]
Event: 0.596 Thread 0x0000017f301460b0 Exception <a 'java/lang/NoSuchMethodError'{0x0000000713403818}: 'java.lang.Object java.lang.invoke.DirectMethodHandle$Holder.invokeInterface(java.lang.Object, java.lang.Object, java.lang.Object)'> (0x0000000713403818) 
thrown [s\open\src\hotspot\share\interpreter\linkResolver.cpp, line 759]
Event: 0.608 Thread 0x0000017f301460b0 Exception <a 'java/lang/NoSuchMethodError'{0x00000007134c5150}: 'int java.lang.invoke.DirectMethodHandle$Holder.invokeStaticInit(java.lang.Object, java.lang.Object, java.lang.Object)'> (0x00000007134c5150) 
thrown [s\open\src\hotspot\share\interpreter\linkResolver.cpp, line 759]
Event: 0.615 Thread 0x0000017f301460b0 Exception <a 'java/lang/NoSuchMethodError'{0x00000007135243b8}: 'java.lang.Object java.lang.invoke.DirectMethodHandle$Holder.newInvokeSpecial(java.lang.Object, java.lang.Object, java.lang.Object, java.lang.Object, java.lang.Object)'> (0x00000007135243b8) 
thrown [s\open\src\hotspot\share\interpreter\linkResolver.cpp, line 759]
Event: 0.620 Thread 0x0000017f301460b0 Exception <a 'java/lang/NoSuchMethodError'{0x00000007135764f8}: 'java.lang.Object java.lang.invoke.DirectMethodHandle$Holder.invokeStaticInit(java.lang.Object, java.lang.Object, java.lang.Object)'> (0x00000007135764f8) 
thrown [s\open\src\hotspot\share\interpreter\linkResolver.cpp, line 759]
Event: 0.627 Thread 0x0000017f301460b0 Exception <a 'java/lang/IncompatibleClassChangeError'{0x00000007135e9618}: Found class java.lang.Object, but interface was expected> (0x00000007135e9618) 
thrown [s\open\src\hotspot\share\interpreter\linkResolver.cpp, line 826]
Event: 0.639 Thread 0x0000017f301460b0 Exception <a 'sun/nio/fs/WindowsException'{0x000000071329dc08}> (0x000000071329dc08) 
thrown [s\open\src\hotspot\share\prims\jni.cpp, line 516]

VM Operations (18 events):
Event: 0.121 Executing VM operation: HandshakeAllThreads
Event: 0.121 Executing VM operation: HandshakeAllThreads done
Event: 0.208 Executing VM operation: HandshakeAllThreads
Event: 0.208 Executing VM operation: HandshakeAllThreads done
Event: 0.245 Executing VM operation: HandshakeAllThreads
Event: 0.245 Executing VM operation: HandshakeAllThreads done
Event: 0.324 Executing VM operation: HandshakeAllThreads
Event: 0.324 Executing VM operation: HandshakeAllThreads done
Event: 0.413 Executing VM operation: HandshakeAllThreads
Event: 0.413 Executing VM operation: HandshakeAllThreads done
Event: 0.436 Executing VM operation: HandshakeAllThreads
Event: 0.437 Executing VM operation: HandshakeAllThreads done
Event: 0.440 Executing VM operation: HandshakeAllThreads
Event: 0.440 Executing VM operation: HandshakeAllThreads done
Event: 0.563 Executing VM operation: G1CollectForAllocation
Event: 0.568 Executing VM operation: G1CollectForAllocation done
Event: 0.640 Executing VM operation: HandshakeAllThreads
Event: 0.640 Executing VM operation: HandshakeAllThreads done

Events (20 events):
Event: 0.704 loading class java/util/function/UnaryOperator
Event: 0.704 loading class java/util/function/UnaryOperator done
Event: 0.704 loading class java/util/ConcurrentModificationException
Event: 0.704 loading class java/util/ConcurrentModificationException done
Event: 0.708 loading class java/lang/ProcessEnvironment$CheckedKeySet
Event: 0.708 loading class java/lang/ProcessEnvironment$CheckedKeySet done
Event: 0.708 loading class java/util/stream/MatchOps$MatchKind
Event: 0.709 loading class java/util/stream/MatchOps$MatchKind done
Event: 0.709 loading class java/util/stream/MatchOps
Event: 0.709 loading class java/util/stream/MatchOps done
Event: 0.709 loading class java/util/stream/MatchOps$MatchOp
Event: 0.709 loading class java/util/stream/MatchOps$MatchOp done
Event: 0.709 loading class java/util/stream/MatchOps$BooleanTerminalSink
Event: 0.709 loading class java/util/stream/MatchOps$BooleanTerminalSink done
Event: 0.709 loading class java/util/stream/MatchOps$2MatchSink
Event: 0.709 loading class java/util/stream/MatchOps$2MatchSink done
Event: 0.721 loading class java/beans/PropertyEditorSupport
Event: 0.721 loading class java/beans/PropertyEditor
Event: 0.721 loading class java/beans/PropertyEditor done
Event: 0.721 loading class java/beans/PropertyEditorSupport done


Dynamic libraries:
0x00007ff6fb730000 - 0x00007ff6fb740000 	C:\Program Files\Java\jdk-17\bin\java.exe
0x00007ffc310b0000 - 0x00007ffc312c6000 	C:\WINDOWS\SYSTEM32\ntdll.dll
0x00007ffc2f9d0000 - 0x00007ffc2fa94000 	C:\WINDOWS\System32\KERNEL32.DLL
0x00007ffc2e600000 - 0x00007ffc2e9a6000 	C:\WINDOWS\System32\KERNELBASE.dll
0x00007ffc2ea20000 - 0x00007ffc2eb31000 	C:\WINDOWS\System32\ucrtbase.dll
0x00007ffc1abd0000 - 0x00007ffc1abeb000 	C:\Program Files\Java\jdk-17\bin\VCRUNTIME140.dll
0x00007ffc1b8a0000 - 0x00007ffc1b8b9000 	C:\Program Files\Java\jdk-17\bin\jli.dll
0x00007ffc2fcc0000 - 0x00007ffc2fd72000 	C:\WINDOWS\System32\ADVAPI32.dll
0x00007ffc30490000 - 0x00007ffc30537000 	C:\WINDOWS\System32\msvcrt.dll
0x00007ffc2f190000 - 0x00007ffc2f238000 	C:\WINDOWS\System32\sechost.dll
0x00007ffc2eb40000 - 0x00007ffc2eb68000 	C:\WINDOWS\System32\bcrypt.dll
0x00007ffc2ef60000 - 0x00007ffc2f075000 	C:\WINDOWS\System32\RPCRT4.dll
0x00007ffc2fe60000 - 0x00007ffc3000d000 	C:\WINDOWS\System32\USER32.dll
0x00007ffc2e490000 - 0x00007ffc2e4b6000 	C:\WINDOWS\System32\win32u.dll
0x00007ffc2f080000 - 0x00007ffc2f0a9000 	C:\WINDOWS\System32\GDI32.dll
0x00007ffc2eb70000 - 0x00007ffc2ec88000 	C:\WINDOWS\System32\gdi32full.dll
0x00007ffc2e3f0000 - 0x00007ffc2e48a000 	C:\WINDOWS\System32\msvcp_win.dll
0x00007ffc05df0000 - 0x00007ffc06083000 	C:\WINDOWS\WinSxS\amd64_microsoft.windows.common-controls_6595b64144ccf1df_6.0.22621.3235_none_270f74e173860f98\COMCTL32.dll
0x00007ffc2de70000 - 0x00007ffc2de7a000 	C:\WINDOWS\SYSTEM32\VERSION.dll
0x00007ffc31030000 - 0x00007ffc31061000 	C:\WINDOWS\System32\IMM32.DLL
0x000000006f170000 - 0x000000006f17c000 	C:\Program Files (x86)\360\Total Security\safemon\SafeWrapper.dll
0x00007ffc16360000 - 0x00007ffc163f2000 	C:\Program Files (x86)\360\Total Security\safemon\libzdtp64.dll
0x00007ffc307d0000 - 0x00007ffc3102d000 	C:\WINDOWS\System32\SHELL32.dll
0x00007ffc2ef00000 - 0x00007ffc2ef5e000 	C:\WINDOWS\System32\SHLWAPI.dll
0x00007ffc29910000 - 0x00007ffc2991c000 	C:\Program Files\Java\jdk-17\bin\vcruntime140_1.dll
0x00007ffc07f60000 - 0x00007ffc07fee000 	C:\Program Files\Java\jdk-17\bin\msvcp140.dll
0x00007ffbe5da0000 - 0x00007ffbe6981000 	C:\Program Files\Java\jdk-17\bin\server\jvm.dll
0x00007ffc2fca0000 - 0x00007ffc2fca8000 	C:\WINDOWS\System32\PSAPI.DLL
0x00007ffc26b50000 - 0x00007ffc26b84000 	C:\WINDOWS\SYSTEM32\WINMM.dll
0x00007ffc29190000 - 0x00007ffc29199000 	C:\WINDOWS\SYSTEM32\WSOCK32.dll
0x00007ffc2f240000 - 0x00007ffc2f2b1000 	C:\WINDOWS\System32\WS2_32.dll
0x00007ffc2d4b0000 - 0x00007ffc2d4c8000 	C:\WINDOWS\SYSTEM32\kernel.appcore.dll
0x00007ffc298f0000 - 0x00007ffc298fa000 	C:\Program Files\Java\jdk-17\bin\jimage.dll
0x00007ffc2bca0000 - 0x00007ffc2bed3000 	C:\WINDOWS\SYSTEM32\DBGHELP.DLL
0x00007ffc2f4e0000 - 0x00007ffc2f868000 	C:\WINDOWS\System32\combase.dll
0x00007ffc2f0b0000 - 0x00007ffc2f187000 	C:\WINDOWS\System32\OLEAUT32.dll
0x00007ffc23d30000 - 0x00007ffc23d62000 	C:\WINDOWS\SYSTEM32\dbgcore.DLL
0x00007ffc2e580000 - 0x00007ffc2e5fa000 	C:\WINDOWS\System32\bcryptPrimitives.dll
0x00007ffc29930000 - 0x00007ffc2993e000 	C:\Program Files\Java\jdk-17\bin\instrument.dll
0x00007ffc17530000 - 0x00007ffc17555000 	C:\Program Files\Java\jdk-17\bin\java.dll
0x00007ffbfc400000 - 0x00007ffbfc4d7000 	C:\Program Files\Java\jdk-17\bin\jsvml.dll
0x00007ffc2c2f0000 - 0x00007ffc2cbe8000 	C:\WINDOWS\SYSTEM32\windows.storage.dll
0x00007ffc2c1b0000 - 0x00007ffc2c2ee000 	C:\WINDOWS\SYSTEM32\wintypes.dll
0x00007ffc2f2c0000 - 0x00007ffc2f3b3000 	C:\WINDOWS\System32\SHCORE.dll
0x00007ffc2e320000 - 0x00007ffc2e346000 	C:\WINDOWS\SYSTEM32\profapi.dll
0x00007ffc17a90000 - 0x00007ffc17aa8000 	C:\Program Files\Java\jdk-17\bin\zip.dll
0x00007ffc19ed0000 - 0x00007ffc19ee9000 	C:\Program Files\Java\jdk-17\bin\net.dll
0x00007ffc28a00000 - 0x00007ffc28b37000 	C:\WINDOWS\SYSTEM32\WINHTTP.dll
0x00007ffc2d930000 - 0x00007ffc2d999000 	C:\WINDOWS\system32\mswsock.dll
0x00007ffc19a40000 - 0x00007ffc19a56000 	C:\Program Files\Java\jdk-17\bin\nio.dll
0x00007ffc1fa20000 - 0x00007ffc1fa3a000 	D:\IntelliJ IDEA 2023.3.4\bin\breakgen64.dll
0x00007ffc2d020000 - 0x00007ffc2d119000 	C:\WINDOWS\SYSTEM32\DNSAPI.dll
0x00007ffc2cff0000 - 0x00007ffc2d01d000 	C:\WINDOWS\SYSTEM32\IPHLPAPI.DLL
0x00007ffc2fd80000 - 0x00007ffc2fd89000 	C:\WINDOWS\System32\NSI.dll
0x00007ffc27f00000 - 0x00007ffc27f0a000 	C:\Windows\System32\rasadhlp.dll
0x00007ffc266c0000 - 0x00007ffc26743000 	C:\WINDOWS\System32\fwpuclnt.dll
0x00007ffc29920000 - 0x00007ffc2992a000 	C:\Program Files\Java\jdk-17\bin\management.dll
0x00007ffc254b0000 - 0x00007ffc254bb000 	C:\Program Files\Java\jdk-17\bin\management_ext.dll
0x00007ffc2db80000 - 0x00007ffc2db9b000 	C:\WINDOWS\SYSTEM32\CRYPTSP.dll
0x00007ffc2d410000 - 0x00007ffc2d445000 	C:\WINDOWS\system32\rsaenh.dll
0x00007ffc2da20000 - 0x00007ffc2da4c000 	C:\WINDOWS\SYSTEM32\USERENV.dll
0x00007ffc2dba0000 - 0x00007ffc2dbac000 	C:\WINDOWS\SYSTEM32\CRYPTBASE.dll
0x00007ffc27d70000 - 0x00007ffc27d89000 	C:\WINDOWS\SYSTEM32\dhcpcsvc6.DLL
0x00007ffc27d50000 - 0x00007ffc27d6f000 	C:\WINDOWS\SYSTEM32\dhcpcsvc.DLL
0x00007ffbb84c0000 - 0x00007ffbb84d7000 	C:\WINDOWS\system32\napinsp.dll
0x00007ffbb8500000 - 0x00007ffbb851b000 	C:\WINDOWS\system32\pnrpnsp.dll
0x00007ffbb8520000 - 0x00007ffbb8531000 	C:\WINDOWS\System32\winrnr.dll
0x00007ffbf78d0000 - 0x00007ffbf78e5000 	C:\WINDOWS\system32\wshbth.dll
0x00007ffbf1490000 - 0x00007ffbf14b1000 	C:\WINDOWS\system32\nlansp_c.dll

dbghelp: loaded successfully - version: 4.0.5 - missing functions: none
symbol engine: initialized successfully - sym options: 0x614 - pdb path: .;C:\Program Files\Java\jdk-17\bin;C:\WINDOWS\SYSTEM32;C:\WINDOWS\WinSxS\amd64_microsoft.windows.common-controls_6595b64144ccf1df_6.0.22621.3235_none_270f74e173860f98;C:\Program Files (x86)\360\Total Security\safemon;C:\Program Files\Java\jdk-17\bin\server;D:\IntelliJ IDEA 2023.3.4\bin

VM Arguments:
jvm_args: -XX:TieredStopAtLevel=1 -Dspring.output.ansi.enabled=always -Dcom.sun.management.jmxremote -Dspring.jmx.enabled=true -Dspring.liveBeansView.mbeanDomain -Dspring.application.admin.enabled=true -Dmanagement.endpoints.jmx.exposure.include=* -javaagent:D:\IntelliJ IDEA 2023.3.4\lib\idea_rt.jar=62378:D:\IntelliJ IDEA 2023.3.4\bin -Dfile.encoding=UTF-8 
java_command: demo.MainApplication
java_class_path (initial): D:\spring test\demo\target\classes;C:\Users\ADMIN\.m2\repository\org\springframework\boot\spring-boot-starter-data-jpa\3.2.3\spring-boot-starter-data-jpa-3.2.3.jar;C:\Users\ADMIN\.m2\repository\org\springframework\boot\spring-boot-starter-aop\3.2.3\spring-boot-starter-aop-3.2.3.jar;C:\Users\ADMIN\.m2\repository\org\springframework\spring-aop\6.1.4\spring-aop-6.1.4.jar;C:\Users\ADMIN\.m2\repository\org\aspectj\aspectjweaver\1.9.21\aspectjweaver-1.9.21.jar;C:\Users\ADMIN\.m2\repository\org\springframework\boot\spring-boot-starter-jdbc\3.2.3\spring-boot-starter-jdbc-3.2.3.jar;C:\Users\ADMIN\.m2\repository\com\zaxxer\HikariCP\5.0.1\HikariCP-5.0.1.jar;C:\Users\ADMIN\.m2\repository\org\springframework\spring-jdbc\6.1.4\spring-jdbc-6.1.4.jar;C:\Users\ADMIN\.m2\repository\org\hibernate\orm\hibernate-core\6.4.4.Final\hibernate-core-6.4.4.Final.jar;C:\Users\ADMIN\.m2\repository\jakarta\persistence\jakarta.persistence-api\3.1.0\jakarta.persistence-api-3.1.0.jar;C:\Users\ADMIN\.m2\repository\jakarta\transaction\jakarta.transaction-api\2.0.1\jakarta.transaction-api-2.0.1.jar;C:\Users\ADMIN\.m2\repository\org\jboss\logging\jboss-logging\3.5.3.Final\jboss-logging-3.5.3.Final.jar;C:\Users\ADMIN\.m2\repository\org\hibernate\common\hibernate-commons-annotations\6.0.6.Final\hibernate-commons-annotations-6.0.6.Final.jar;C:\Users\ADMIN\.m2\repository\io\smallrye\jandex\3.1.2\jandex-3.1.2.jar;C:\Users\ADMIN\.m2\repository\com\fasterxml\classmate\1.6.0\classmate-1.6.0.jar;C:\Users\ADMIN\.m2\repository\net\bytebuddy\byte-buddy\1.14.12\byte-buddy-1.14.12.jar;C:\Users\ADMIN\.m2\repository\org\glassfish\jaxb\jaxb-runtime\4.0.4\jaxb-runtime-4.0.4.jar;C:\Users\ADMIN\.m2\repository\org\glassfish\jaxb\jaxb-core\4.0.4\jaxb-core-4.0.4.jar;C:\Users\ADMIN\.m2\repository\org\eclipse\angus\angus-activation\2.0.1\angus-activation-2.0.1.jar;C:\Users\ADMIN\.m2\repository\org\glassfish\jaxb\txw2\4.0.4\txw2-4.0.4.jar;C:\Users\ADMIN\.m2\repository\com\sun\istack\istack-commons-ru
Launcher Type: SUN_STANDARD

[Global flags]
     intx CICompilerCount                          = 4                                         {product} {ergonomic}
     uint ConcGCThreads                            = 3                                         {product} {ergonomic}
     uint G1ConcRefinementThreads                  = 10                                        {product} {ergonomic}
   size_t G1HeapRegionSize                         = 2097152                                   {product} {ergonomic}
    uintx GCDrainStackTargetSize                   = 64                                        {product} {ergonomic}
   size_t InitialHeapSize                          = 266338304                                 {product} {ergonomic}
     bool ManagementServer                         = true                                      {product} {command line}
   size_t MarkStackSize                            = 4194304                                   {product} {ergonomic}
   size_t MaxHeapSize                              = 4234149888                                {product} {ergonomic}
   size_t MaxNewSize                               = 2539651072                                {product} {ergonomic}
   size_t MinHeapDeltaBytes                        = 2097152                                   {product} {ergonomic}
   size_t MinHeapSize                              = 8388608                                   {product} {ergonomic}
    uintx NonProfiledCodeHeapSize                  = 0                                      {pd product} {ergonomic}
     bool ProfileInterpreter                       = false                                  {pd product} {command line}
    uintx ProfiledCodeHeapSize                     = 0                                      {pd product} {ergonomic}
   size_t SoftMaxHeapSize                          = 4234149888                             {manageable} {ergonomic}
     intx TieredStopAtLevel                        = 1                                         {product} {command line}
     bool UseCompressedClassPointers               = true                           {product lp64_product} {ergonomic}
     bool UseCompressedOops                        = true                           {product lp64_product} {ergonomic}
     bool UseG1GC                                  = true                                      {product} {ergonomic}
     bool UseLargePagesIndividualAllocation        = false                                  {pd product} {ergonomic}

Logging:
Log output configuration:
 #0: stdout all=warning uptime,level,tags
 #1: stderr all=off uptime,level,tags

Environment Variables:
PATH=C:\Program Files\Eclipse Adoptium\jdk-17.0.8.101-hotspot\bin;C:\Program Files\Common Files\Oracle\Java\javapath;C:\Program Files\Microsoft MPI\Bin\;C:\WINDOWS\system32;C:\WINDOWS;C:\WINDOWS\System32\Wbem;C:\WINDOWS\System32\WindowsPowerShell\v1.0\;C:\WINDOWS\System32\OpenSSH\;C:\Program Files (x86)\Microsoft SQL Server\160\Tools\Binn\;C:\Program Files\Microsoft SQL Server\160\Tools\Binn\;C:\Program Files\Microsoft SQL Server\Client SDK\ODBC\170\Tools\Binn\;C:\Program Files\Microsoft SQL Server\160\DTS\Binn\;C:\Program Files (x86)\Microsoft SQL Server\160\DTS\Binn\;C:\Program Files\Azure Data Studio\bin;E:\Git\cmd;C:\Program Files\Java\jdk-17\bin;C:\Program Files\nodejs\;C:\Program Files\PuTTY\;C:\Program Files\dotnet\;C:\Users\ADMIN\AppData\Local\Microsoft\WindowsApps;;C:\Program Files\Azure Data Studio\bin;D:\Microsoft VS Code\bin;C:\Users\ADMIN\AppData\Roaming\npm;C:\Program Files\heroku\bin
USERNAME=ADMIN
OS=Windows_NT
PROCESSOR_IDENTIFIER=Intel64 Family 6 Model 165 Stepping 2, GenuineIntel



---------------  S Y S T E M  ---------------

OS:
 Windows 11 , 64 bit Build 22621 (10.0.22621.3235)
OS uptime: 2 days 2:28 hours

CPU: total 12 (initial active 12) (6 cores per cpu, 2 threads per core) family 6 model 165 stepping 2 microcode 0xf8, cx8, cmov, fxsr, ht, mmx, 3dnowpref, sse, sse2, sse3, ssse3, sse4.1, sse4.2, popcnt, lzcnt, tsc, tscinvbit, avx, avx2, aes, erms, clmul, bmi1, bmi2, adx, fma, vzeroupper, clflush, clflushopt

Memory: 4k page, system-wide physical 16145M (1209M free)
TotalPageFile size 30592M (AvailPageFile size 5M)
current process WorkingSet (physical memory assigned to process): 85M, peak: 85M
current process commit charge ("private bytes"): 363M, peak: 363M

vm_info: Java HotSpot(TM) 64-Bit Server VM (17.0.9+11-LTS-201) for windows-amd64 JRE (17.0.9+11-LTS-201), built on Oct 10 2023 23:16:06 by "mach5one" with MS VC++ 17.1 (VS2022)

END.
