#
# There is insufficient memory for the Java Runtime Environment to continue.
# Native memory allocation (malloc) failed to allocate 35936 bytes for Chunk::new
# Possible reasons:
#   The system is out of physical RAM or swap space
#   The process is running with CompressedOops enabled, and the Java Heap may be blocking the growth of the native heap
# Possible solutions:
#   Reduce memory load on the system
#   Increase physical memory or swap space
#   Check if swap backing store is full
#   Decrease Java heap size (-Xmx/-Xms)
#   Decrease number of Java threads
#   Decrease Java thread stack sizes (-Xss)
#   Set larger code cache with -XX:ReservedCodeCacheSize=
#   JVM is running with Zero Based Compressed Oops mode in which the Java heap is
#     placed in the first 32GB address space. The Java Heap base address is the
#     maximum limit for the native heap growth. Please use -XX:HeapBaseMinAddress
#     to set the Java Heap base and to place the Java Heap above 32GB virtual address.
# This output file may be truncated or incomplete.
#
#  Out of Memory Error (arena.cpp:184), pid=25732, tid=31908
#
# JRE version: Java(TM) SE Runtime Environment (18.0.2.1+1) (build 18.0.2.1+1-1)
# Java VM: Java HotSpot(TM) 64-Bit Server VM (18.0.2.1+1-1, mixed mode, sharing, tiered, compressed oops, compressed class ptrs, g1 gc, windows-amd64)
# No core dump will be written. Minidumps are not enabled by default on client versions of Windows
#

---------------  S U M M A R Y ------------

Command Line: C:\Users\ADMIN\AppData\Local\Temp\surefire11743056029601660640\surefirebooter-20240406180425569_3.jar C:\Users\ADMIN\AppData\Local\Temp\surefire11743056029601660640 2024-04-06T18-04-25_400-jvmRun1 surefire-20240406180425569_1tmp surefire_0-20240406180425569_2tmp

Host: Intel(R) Core(TM) i7-10750H CPU @ 2.60GHz, 12 cores, 15G,  Windows 11 , 64 bit Build 22621 (10.0.22621.3235)
Time: Sat Apr  6 18:04:26 2024 SE Asia Standard Time elapsed time: 0.171215 seconds (0d 0h 0m 0s)

---------------  T H R E A D  ---------------

Current thread (0x000001b8ff192020):  JavaThread "C2 CompilerThread1" daemon [_thread_in_native, id=31908, stack(0x00000067ebc00000,0x00000067ebd00000)]


Current CompileTask:
C2:    171  390 %     4       java.util.jar.JarFile::match @ 27 (132 bytes)

Stack: [0x00000067ebc00000,0x00000067ebd00000]
Native frames: (J=compiled Java code, j=interpreted, Vv=VM code, C=native code)
V  [jvm.dll+0x6993aa]
V  [jvm.dll+0x7f46dd]
V  [jvm.dll+0x7f5fee]
V  [jvm.dll+0x7f66a3]
V  [jvm.dll+0x25cf1f]
V  [jvm.dll+0xb8c2f]
V  [jvm.dll+0xb8fa5]
V  [jvm.dll+0x2c7e2f]
V  [jvm.dll+0x5a0d8e]
V  [jvm.dll+0x238453]
V  [jvm.dll+0x231a39]
V  [jvm.dll+0x22f3cb]
V  [jvm.dll+0x1ba01c]
V  [jvm.dll+0x23ee0a]
V  [jvm.dll+0x23d0f5]
V  [jvm.dll+0x7a6dd1]
V  [jvm.dll+0x7a120a]
V  [jvm.dll+0x698255]
C  [ucrtbase.dll+0x29363]
C  [KERNEL32.DLL+0x1257d]
C  [ntdll.dll+0x5aa58]


---------------  P R O C E S S  ---------------

Threads class SMR info:
_java_thread_list=0x000001b8ff0f7fa0, length=13, elements={
0x000001b8d7d465c0, 0x000001b8fa8cadc0, 0x000001b8fa8cb670, 0x000001b8fa8e3220,
0x000001b8fa8e3ad0, 0x000001b8fa8e4380, 0x000001b8fa8e4c30, 0x000001b8fa8ed550,
0x000001b8fa8e5810, 0x000001b8fa8efe50, 0x000001b8ff117e40, 0x000001b8ff11ada0,
0x000001b8ff192020
}

Java Threads: ( => current thread )
  0x000001b8d7d465c0 JavaThread "main" [_thread_in_vm, id=17544, stack(0x00000067ea900000,0x00000067eaa00000)]
  0x000001b8fa8cadc0 JavaThread "Reference Handler" daemon [_thread_blocked, id=34220, stack(0x00000067eb000000,0x00000067eb100000)]
  0x000001b8fa8cb670 JavaThread "Finalizer" daemon [_thread_blocked, id=18188, stack(0x00000067eb100000,0x00000067eb200000)]
  0x000001b8fa8e3220 JavaThread "Signal Dispatcher" daemon [_thread_blocked, id=29624, stack(0x00000067eb200000,0x00000067eb300000)]
  0x000001b8fa8e3ad0 JavaThread "Attach Listener" daemon [_thread_blocked, id=16352, stack(0x00000067eb300000,0x00000067eb400000)]
  0x000001b8fa8e4380 JavaThread "Service Thread" daemon [_thread_blocked, id=22544, stack(0x00000067eb400000,0x00000067eb500000)]
  0x000001b8fa8e4c30 JavaThread "Monitor Deflation Thread" daemon [_thread_blocked, id=33008, stack(0x00000067eb500000,0x00000067eb600000)]
  0x000001b8fa8ed550 JavaThread "C2 CompilerThread0" daemon [_thread_in_native, id=30620, stack(0x00000067eb600000,0x00000067eb700000)]
  0x000001b8fa8e5810 JavaThread "C1 CompilerThread0" daemon [_thread_blocked, id=30060, stack(0x00000067eb700000,0x00000067eb800000)]
  0x000001b8fa8efe50 JavaThread "Sweeper thread" daemon [_thread_blocked, id=33912, stack(0x00000067eb800000,0x00000067eb900000)]
  0x000001b8ff117e40 JavaThread "Notification Thread" daemon [_thread_blocked, id=29668, stack(0x00000067eb900000,0x00000067eba00000)]
  0x000001b8ff11ada0 JavaThread "Common-Cleaner" daemon [_thread_blocked, id=18388, stack(0x00000067ebb00000,0x00000067ebc00000)]
=>0x000001b8ff192020 JavaThread "C2 CompilerThread1" daemon [_thread_in_native, id=31908, stack(0x00000067ebc00000,0x00000067ebd00000)]

Other Threads:
  0x000001b8d7dccf00 VMThread "VM Thread" [stack: 0x00000067eaf00000,0x00000067eb000000] [id=24228]
  0x000001b8ff11a720 WatcherThread "VM Periodic Task Thread" [stack: 0x00000067eba00000,0x00000067ebb00000] [id=17904]
  0x000001b8d7db48a0 WorkerThread "GC Thread#0" [stack: 0x00000067eaa00000,0x00000067eab00000] [id=14728]
  0x000001b8d7dc51d0 ConcurrentGCThread "G1 Main Marker" [stack: 0x00000067eab00000,0x00000067eac00000] [id=29288]
  0x000001b8d7dc7590 WorkerThread "G1 Conc#0" [stack: 0x00000067eac00000,0x00000067ead00000] [id=17480]
  0x000001b8fa77f0f0 ConcurrentGCThread "G1 Refine#0" [stack: 0x00000067ead00000,0x00000067eae00000] [id=28372]
  0x000001b8fa77f7b0 ConcurrentGCThread "G1 Service" [stack: 0x00000067eae00000,0x00000067eaf00000] [id=5352]

Threads with active compile tasks:
C2 CompilerThread0      195  417 %     4       java.lang.StringLatin1::toLowerCase @ 117 (186 bytes)
C2 CompilerThread1      195  390 %     4       java.util.jar.JarFile::match @ 27 (132 bytes)

VM state: not at safepoint (normal execution)

VM Mutex/Monitor currently owned by a thread:  ([mutex/lock_event])
[0x000001b8d7d40620] Metaspace_lock - owner thread: 0x000001b8d7d465c0

OutOfMemory and StackOverflow Exception counts:
OutOfMemoryError java_heap_errors=1
LinkageErrors=2

Heap address: 0x0000000703a00000, size: 4038 MB, Compressed Oops mode: Zero based, Oop shift amount: 3

CDS archive(s) mapped at: [0x0000000800000000-0x0000000800ba0000-0x0000000800ba0000), size 12189696, SharedBaseAddress: 0x0000000800000000, ArchiveRelocationMode: 0.
Compressed class space mapped at: 0x0000000800c00000-0x0000000840c00000, reserved size: 1073741824
Narrow klass base: 0x0000000800000000, Narrow klass shift: 0, Narrow klass range: 0x100000000

GC Precious Log:
 CardTable entry size: 512
 Card Set container configuration: InlinePtr #cards 4 size 8 Array Of Cards #cards 16 size 48 Howl #buckets 8 coarsen threshold 3686 Howl Bitmap #cards 512 size 80 coarsen threshold 460 Card regions per heap region 1 cards per card region 4096
 CPUs: 12 total, 12 available
 Memory: 16145M
 Large Page Support: Disabled
 NUMA Support: Disabled
 Compressed Oops: Enabled (Zero based)
 Heap Region Size: 2M
 Heap Min Capacity: 8M
 Heap Initial Capacity: 254M
 Heap Max Capacity: 4038M
 Pre-touch: Disabled
 Parallel Workers: 10
 Concurrent Workers: 3
 Concurrent Refinement Workers: 10
 Periodic GC: Disabled

Heap:
 garbage-first heap   total 260096K, used 10240K [0x0000000703a00000, 0x0000000800000000)
  region size 2048K, 7 young (14336K), 0 survivors (0K)
 Metaspace       used 988K, committed 1088K, reserved 1114112K
  class space    used 78K, committed 128K, reserved 1048576K

Heap Regions: E=young(eden), S=young(survivor), O=old, HS=humongous(starts), HC=humongous(continues), CS=collection set, F=free, OA=open archive, CA=closed archive, TAMS=top-at-mark-start (previous, next)
|   0|0x0000000703a00000, 0x0000000703a00000, 0x0000000703c00000|  0%| F|  |TAMS 0x0000000703a00000, 0x0000000703a00000| Untracked 
|   1|0x0000000703c00000, 0x0000000703c00000, 0x0000000703e00000|  0%| F|  |TAMS 0x0000000703c00000, 0x0000000703c00000| Untracked 
|   2|0x0000000703e00000, 0x0000000703e00000, 0x0000000704000000|  0%| F|  |TAMS 0x0000000703e00000, 0x0000000703e00000| Untracked 
|   3|0x0000000704000000, 0x0000000704000000, 0x0000000704200000|  0%| F|  |TAMS 0x0000000704000000, 0x0000000704000000| Untracked 
|   4|0x0000000704200000, 0x0000000704200000, 0x0000000704400000|  0%| F|  |TAMS 0x0000000704200000, 0x0000000704200000| Untracked 
|   5|0x0000000704400000, 0x0000000704400000, 0x0000000704600000|  0%| F|  |TAMS 0x0000000704400000, 0x0000000704400000| Untracked 
|   6|0x0000000704600000, 0x0000000704600000, 0x0000000704800000|  0%| F|  |TAMS 0x0000000704600000, 0x0000000704600000| Untracked 
|   7|0x0000000704800000, 0x0000000704800000, 0x0000000704a00000|  0%| F|  |TAMS 0x0000000704800000, 0x0000000704800000| Untracked 
|   8|0x0000000704a00000, 0x0000000704a00000, 0x0000000704c00000|  0%| F|  |TAMS 0x0000000704a00000, 0x0000000704a00000| Untracked 
|   9|0x0000000704c00000, 0x0000000704c00000, 0x0000000704e00000|  0%| F|  |TAMS 0x0000000704c00000, 0x0000000704c00000| Untracked 
|  10|0x0000000704e00000, 0x0000000704e00000, 0x0000000705000000|  0%| F|  |TAMS 0x0000000704e00000, 0x0000000704e00000| Untracked 
|  11|0x0000000705000000, 0x0000000705000000, 0x0000000705200000|  0%| F|  |TAMS 0x0000000705000000, 0x0000000705000000| Untracked 
|  12|0x0000000705200000, 0x0000000705200000, 0x0000000705400000|  0%| F|  |TAMS 0x0000000705200000, 0x0000000705200000| Untracked 
|  13|0x0000000705400000, 0x0000000705400000, 0x0000000705600000|  0%| F|  |TAMS 0x0000000705400000, 0x0000000705400000| Untracked 
|  14|0x0000000705600000, 0x0000000705600000, 0x0000000705800000|  0%| F|  |TAMS 0x0000000705600000, 0x0000000705600000| Untracked 
|  15|0x0000000705800000, 0x0000000705800000, 0x0000000705a00000|  0%| F|  |TAMS 0x0000000705800000, 0x0000000705800000| Untracked 
|  16|0x0000000705a00000, 0x0000000705a00000, 0x0000000705c00000|  0%| F|  |TAMS 0x0000000705a00000, 0x0000000705a00000| Untracked 
|  17|0x0000000705c00000, 0x0000000705c00000, 0x0000000705e00000|  0%| F|  |TAMS 0x0000000705c00000, 0x0000000705c00000| Untracked 
|  18|0x0000000705e00000, 0x0000000705e00000, 0x0000000706000000|  0%| F|  |TAMS 0x0000000705e00000, 0x0000000705e00000| Untracked 
|  19|0x0000000706000000, 0x0000000706000000, 0x0000000706200000|  0%| F|  |TAMS 0x0000000706000000, 0x0000000706000000| Untracked 
|  20|0x0000000706200000, 0x0000000706200000, 0x0000000706400000|  0%| F|  |TAMS 0x0000000706200000, 0x0000000706200000| Untracked 
|  21|0x0000000706400000, 0x0000000706400000, 0x0000000706600000|  0%| F|  |TAMS 0x0000000706400000, 0x0000000706400000| Untracked 
|  22|0x0000000706600000, 0x0000000706600000, 0x0000000706800000|  0%| F|  |TAMS 0x0000000706600000, 0x0000000706600000| Untracked 
|  23|0x0000000706800000, 0x0000000706800000, 0x0000000706a00000|  0%| F|  |TAMS 0x0000000706800000, 0x0000000706800000| Untracked 
|  24|0x0000000706a00000, 0x0000000706a00000, 0x0000000706c00000|  0%| F|  |TAMS 0x0000000706a00000, 0x0000000706a00000| Untracked 
|  25|0x0000000706c00000, 0x0000000706c00000, 0x0000000706e00000|  0%| F|  |TAMS 0x0000000706c00000, 0x0000000706c00000| Untracked 
|  26|0x0000000706e00000, 0x0000000706e00000, 0x0000000707000000|  0%| F|  |TAMS 0x0000000706e00000, 0x0000000706e00000| Untracked 
|  27|0x0000000707000000, 0x0000000707000000, 0x0000000707200000|  0%| F|  |TAMS 0x0000000707000000, 0x0000000707000000| Untracked 
|  28|0x0000000707200000, 0x0000000707200000, 0x0000000707400000|  0%| F|  |TAMS 0x0000000707200000, 0x0000000707200000| Untracked 
|  29|0x0000000707400000, 0x0000000707400000, 0x0000000707600000|  0%| F|  |TAMS 0x0000000707400000, 0x0000000707400000| Untracked 
|  30|0x0000000707600000, 0x0000000707600000, 0x0000000707800000|  0%| F|  |TAMS 0x0000000707600000, 0x0000000707600000| Untracked 
|  31|0x0000000707800000, 0x0000000707800000, 0x0000000707a00000|  0%| F|  |TAMS 0x0000000707800000, 0x0000000707800000| Untracked 
|  32|0x0000000707a00000, 0x0000000707a00000, 0x0000000707c00000|  0%| F|  |TAMS 0x0000000707a00000, 0x0000000707a00000| Untracked 
|  33|0x0000000707c00000, 0x0000000707c00000, 0x0000000707e00000|  0%| F|  |TAMS 0x0000000707c00000, 0x0000000707c00000| Untracked 
|  34|0x0000000707e00000, 0x0000000707e00000, 0x0000000708000000|  0%| F|  |TAMS 0x0000000707e00000, 0x0000000707e00000| Untracked 
|  35|0x0000000708000000, 0x0000000708000000, 0x0000000708200000|  0%| F|  |TAMS 0x0000000708000000, 0x0000000708000000| Untracked 
|  36|0x0000000708200000, 0x0000000708200000, 0x0000000708400000|  0%| F|  |TAMS 0x0000000708200000, 0x0000000708200000| Untracked 
|  37|0x0000000708400000, 0x0000000708400000, 0x0000000708600000|  0%| F|  |TAMS 0x0000000708400000, 0x0000000708400000| Untracked 
|  38|0x0000000708600000, 0x0000000708600000, 0x0000000708800000|  0%| F|  |TAMS 0x0000000708600000, 0x0000000708600000| Untracked 
|  39|0x0000000708800000, 0x0000000708800000, 0x0000000708a00000|  0%| F|  |TAMS 0x0000000708800000, 0x0000000708800000| Untracked 
|  40|0x0000000708a00000, 0x0000000708a00000, 0x0000000708c00000|  0%| F|  |TAMS 0x0000000708a00000, 0x0000000708a00000| Untracked 
|  41|0x0000000708c00000, 0x0000000708c00000, 0x0000000708e00000|  0%| F|  |TAMS 0x0000000708c00000, 0x0000000708c00000| Untracked 
|  42|0x0000000708e00000, 0x0000000708e00000, 0x0000000709000000|  0%| F|  |TAMS 0x0000000708e00000, 0x0000000708e00000| Untracked 
|  43|0x0000000709000000, 0x0000000709000000, 0x0000000709200000|  0%| F|  |TAMS 0x0000000709000000, 0x0000000709000000| Untracked 
|  44|0x0000000709200000, 0x0000000709200000, 0x0000000709400000|  0%| F|  |TAMS 0x0000000709200000, 0x0000000709200000| Untracked 
|  45|0x0000000709400000, 0x0000000709400000, 0x0000000709600000|  0%| F|  |TAMS 0x0000000709400000, 0x0000000709400000| Untracked 
|  46|0x0000000709600000, 0x0000000709600000, 0x0000000709800000|  0%| F|  |TAMS 0x0000000709600000, 0x0000000709600000| Untracked 
|  47|0x0000000709800000, 0x0000000709800000, 0x0000000709a00000|  0%| F|  |TAMS 0x0000000709800000, 0x0000000709800000| Untracked 
|  48|0x0000000709a00000, 0x0000000709a00000, 0x0000000709c00000|  0%| F|  |TAMS 0x0000000709a00000, 0x0000000709a00000| Untracked 
|  49|0x0000000709c00000, 0x0000000709c00000, 0x0000000709e00000|  0%| F|  |TAMS 0x0000000709c00000, 0x0000000709c00000| Untracked 
|  50|0x0000000709e00000, 0x0000000709e00000, 0x000000070a000000|  0%| F|  |TAMS 0x0000000709e00000, 0x0000000709e00000| Untracked 
|  51|0x000000070a000000, 0x000000070a000000, 0x000000070a200000|  0%| F|  |TAMS 0x000000070a000000, 0x000000070a000000| Untracked 
|  52|0x000000070a200000, 0x000000070a200000, 0x000000070a400000|  0%| F|  |TAMS 0x000000070a200000, 0x000000070a200000| Untracked 
|  53|0x000000070a400000, 0x000000070a400000, 0x000000070a600000|  0%| F|  |TAMS 0x000000070a400000, 0x000000070a400000| Untracked 
|  54|0x000000070a600000, 0x000000070a600000, 0x000000070a800000|  0%| F|  |TAMS 0x000000070a600000, 0x000000070a600000| Untracked 
|  55|0x000000070a800000, 0x000000070a800000, 0x000000070aa00000|  0%| F|  |TAMS 0x000000070a800000, 0x000000070a800000| Untracked 
|  56|0x000000070aa00000, 0x000000070aa00000, 0x000000070ac00000|  0%| F|  |TAMS 0x000000070aa00000, 0x000000070aa00000| Untracked 
|  57|0x000000070ac00000, 0x000000070ac00000, 0x000000070ae00000|  0%| F|  |TAMS 0x000000070ac00000, 0x000000070ac00000| Untracked 
|  58|0x000000070ae00000, 0x000000070ae00000, 0x000000070b000000|  0%| F|  |TAMS 0x000000070ae00000, 0x000000070ae00000| Untracked 
|  59|0x000000070b000000, 0x000000070b000000, 0x000000070b200000|  0%| F|  |TAMS 0x000000070b000000, 0x000000070b000000| Untracked 
|  60|0x000000070b200000, 0x000000070b200000, 0x000000070b400000|  0%| F|  |TAMS 0x000000070b200000, 0x000000070b200000| Untracked 
|  61|0x000000070b400000, 0x000000070b400000, 0x000000070b600000|  0%| F|  |TAMS 0x000000070b400000, 0x000000070b400000| Untracked 
|  62|0x000000070b600000, 0x000000070b600000, 0x000000070b800000|  0%| F|  |TAMS 0x000000070b600000, 0x000000070b600000| Untracked 
|  63|0x000000070b800000, 0x000000070b800000, 0x000000070ba00000|  0%| F|  |TAMS 0x000000070b800000, 0x000000070b800000| Untracked 
|  64|0x000000070ba00000, 0x000000070ba00000, 0x000000070bc00000|  0%| F|  |TAMS 0x000000070ba00000, 0x000000070ba00000| Untracked 
|  65|0x000000070bc00000, 0x000000070bc00000, 0x000000070be00000|  0%| F|  |TAMS 0x000000070bc00000, 0x000000070bc00000| Untracked 
|  66|0x000000070be00000, 0x000000070be00000, 0x000000070c000000|  0%| F|  |TAMS 0x000000070be00000, 0x000000070be00000| Untracked 
|  67|0x000000070c000000, 0x000000070c000000, 0x000000070c200000|  0%| F|  |TAMS 0x000000070c000000, 0x000000070c000000| Untracked 
|  68|0x000000070c200000, 0x000000070c200000, 0x000000070c400000|  0%| F|  |TAMS 0x000000070c200000, 0x000000070c200000| Untracked 
|  69|0x000000070c400000, 0x000000070c400000, 0x000000070c600000|  0%| F|  |TAMS 0x000000070c400000, 0x000000070c400000| Untracked 
|  70|0x000000070c600000, 0x000000070c600000, 0x000000070c800000|  0%| F|  |TAMS 0x000000070c600000, 0x000000070c600000| Untracked 
|  71|0x000000070c800000, 0x000000070c800000, 0x000000070ca00000|  0%| F|  |TAMS 0x000000070c800000, 0x000000070c800000| Untracked 
|  72|0x000000070ca00000, 0x000000070ca00000, 0x000000070cc00000|  0%| F|  |TAMS 0x000000070ca00000, 0x000000070ca00000| Untracked 
|  73|0x000000070cc00000, 0x000000070cc00000, 0x000000070ce00000|  0%| F|  |TAMS 0x000000070cc00000, 0x000000070cc00000| Untracked 
|  74|0x000000070ce00000, 0x000000070ce00000, 0x000000070d000000|  0%| F|  |TAMS 0x000000070ce00000, 0x000000070ce00000| Untracked 
|  75|0x000000070d000000, 0x000000070d000000, 0x000000070d200000|  0%| F|  |TAMS 0x000000070d000000, 0x000000070d000000| Untracked 
|  76|0x000000070d200000, 0x000000070d200000, 0x000000070d400000|  0%| F|  |TAMS 0x000000070d200000, 0x000000070d200000| Untracked 
|  77|0x000000070d400000, 0x000000070d400000, 0x000000070d600000|  0%| F|  |TAMS 0x000000070d400000, 0x000000070d400000| Untracked 
|  78|0x000000070d600000, 0x000000070d600000, 0x000000070d800000|  0%| F|  |TAMS 0x000000070d600000, 0x000000070d600000| Untracked 
|  79|0x000000070d800000, 0x000000070d800000, 0x000000070da00000|  0%| F|  |TAMS 0x000000070d800000, 0x000000070d800000| Untracked 
|  80|0x000000070da00000, 0x000000070da00000, 0x000000070dc00000|  0%| F|  |TAMS 0x000000070da00000, 0x000000070da00000| Untracked 
|  81|0x000000070dc00000, 0x000000070dc00000, 0x000000070de00000|  0%| F|  |TAMS 0x000000070dc00000, 0x000000070dc00000| Untracked 
|  82|0x000000070de00000, 0x000000070de00000, 0x000000070e000000|  0%| F|  |TAMS 0x000000070de00000, 0x000000070de00000| Untracked 
|  83|0x000000070e000000, 0x000000070e000000, 0x000000070e200000|  0%| F|  |TAMS 0x000000070e000000, 0x000000070e000000| Untracked 
|  84|0x000000070e200000, 0x000000070e200000, 0x000000070e400000|  0%| F|  |TAMS 0x000000070e200000, 0x000000070e200000| Untracked 
|  85|0x000000070e400000, 0x000000070e400000, 0x000000070e600000|  0%| F|  |TAMS 0x000000070e400000, 0x000000070e400000| Untracked 
|  86|0x000000070e600000, 0x000000070e600000, 0x000000070e800000|  0%| F|  |TAMS 0x000000070e600000, 0x000000070e600000| Untracked 
|  87|0x000000070e800000, 0x000000070e800000, 0x000000070ea00000|  0%| F|  |TAMS 0x000000070e800000, 0x000000070e800000| Untracked 
|  88|0x000000070ea00000, 0x000000070ea00000, 0x000000070ec00000|  0%| F|  |TAMS 0x000000070ea00000, 0x000000070ea00000| Untracked 
|  89|0x000000070ec00000, 0x000000070ec00000, 0x000000070ee00000|  0%| F|  |TAMS 0x000000070ec00000, 0x000000070ec00000| Untracked 
|  90|0x000000070ee00000, 0x000000070ee00000, 0x000000070f000000|  0%| F|  |TAMS 0x000000070ee00000, 0x000000070ee00000| Untracked 
|  91|0x000000070f000000, 0x000000070f000000, 0x000000070f200000|  0%| F|  |TAMS 0x000000070f000000, 0x000000070f000000| Untracked 
|  92|0x000000070f200000, 0x000000070f200000, 0x000000070f400000|  0%| F|  |TAMS 0x000000070f200000, 0x000000070f200000| Untracked 
|  93|0x000000070f400000, 0x000000070f400000, 0x000000070f600000|  0%| F|  |TAMS 0x000000070f400000, 0x000000070f400000| Untracked 
|  94|0x000000070f600000, 0x000000070f600000, 0x000000070f800000|  0%| F|  |TAMS 0x000000070f600000, 0x000000070f600000| Untracked 
|  95|0x000000070f800000, 0x000000070f800000, 0x000000070fa00000|  0%| F|  |TAMS 0x000000070f800000, 0x000000070f800000| Untracked 
|  96|0x000000070fa00000, 0x000000070fa00000, 0x000000070fc00000|  0%| F|  |TAMS 0x000000070fa00000, 0x000000070fa00000| Untracked 
|  97|0x000000070fc00000, 0x000000070fc00000, 0x000000070fe00000|  0%| F|  |TAMS 0x000000070fc00000, 0x000000070fc00000| Untracked 
|  98|0x000000070fe00000, 0x000000070fe00000, 0x0000000710000000|  0%| F|  |TAMS 0x000000070fe00000, 0x000000070fe00000| Untracked 
|  99|0x0000000710000000, 0x0000000710000000, 0x0000000710200000|  0%| F|  |TAMS 0x0000000710000000, 0x0000000710000000| Untracked 
| 100|0x0000000710200000, 0x0000000710200000, 0x0000000710400000|  0%| F|  |TAMS 0x0000000710200000, 0x0000000710200000| Untracked 
| 101|0x0000000710400000, 0x0000000710400000, 0x0000000710600000|  0%| F|  |TAMS 0x0000000710400000, 0x0000000710400000| Untracked 
| 102|0x0000000710600000, 0x0000000710600000, 0x0000000710800000|  0%| F|  |TAMS 0x0000000710600000, 0x0000000710600000| Untracked 
| 103|0x0000000710800000, 0x0000000710800000, 0x0000000710a00000|  0%| F|  |TAMS 0x0000000710800000, 0x0000000710800000| Untracked 
| 104|0x0000000710a00000, 0x0000000710a00000, 0x0000000710c00000|  0%| F|  |TAMS 0x0000000710a00000, 0x0000000710a00000| Untracked 
| 105|0x0000000710c00000, 0x0000000710c00000, 0x0000000710e00000|  0%| F|  |TAMS 0x0000000710c00000, 0x0000000710c00000| Untracked 
| 106|0x0000000710e00000, 0x0000000710e00000, 0x0000000711000000|  0%| F|  |TAMS 0x0000000710e00000, 0x0000000710e00000| Untracked 
| 107|0x0000000711000000, 0x0000000711000000, 0x0000000711200000|  0%| F|  |TAMS 0x0000000711000000, 0x0000000711000000| Untracked 
| 108|0x0000000711200000, 0x0000000711200000, 0x0000000711400000|  0%| F|  |TAMS 0x0000000711200000, 0x0000000711200000| Untracked 
| 109|0x0000000711400000, 0x0000000711400000, 0x0000000711600000|  0%| F|  |TAMS 0x0000000711400000, 0x0000000711400000| Untracked 
| 110|0x0000000711600000, 0x0000000711600000, 0x0000000711800000|  0%| F|  |TAMS 0x0000000711600000, 0x0000000711600000| Untracked 
| 111|0x0000000711800000, 0x0000000711800000, 0x0000000711a00000|  0%| F|  |TAMS 0x0000000711800000, 0x0000000711800000| Untracked 
| 112|0x0000000711a00000, 0x0000000711a00000, 0x0000000711c00000|  0%| F|  |TAMS 0x0000000711a00000, 0x0000000711a00000| Untracked 
| 113|0x0000000711c00000, 0x0000000711c00000, 0x0000000711e00000|  0%| F|  |TAMS 0x0000000711c00000, 0x0000000711c00000| Untracked 
| 114|0x0000000711e00000, 0x0000000711e00000, 0x0000000712000000|  0%| F|  |TAMS 0x0000000711e00000, 0x0000000711e00000| Untracked 
| 115|0x0000000712000000, 0x0000000712000000, 0x0000000712200000|  0%| F|  |TAMS 0x0000000712000000, 0x0000000712000000| Untracked 
| 116|0x0000000712200000, 0x0000000712200000, 0x0000000712400000|  0%| F|  |TAMS 0x0000000712200000, 0x0000000712200000| Untracked 
| 117|0x0000000712400000, 0x0000000712400000, 0x0000000712600000|  0%| F|  |TAMS 0x0000000712400000, 0x0000000712400000| Untracked 
| 118|0x0000000712600000, 0x0000000712600000, 0x0000000712800000|  0%| F|  |TAMS 0x0000000712600000, 0x0000000712600000| Untracked 
| 119|0x0000000712800000, 0x0000000712800000, 0x0000000712a00000|  0%| F|  |TAMS 0x0000000712800000, 0x0000000712800000| Untracked 
| 120|0x0000000712a00000, 0x0000000712b2a6b0, 0x0000000712c00000| 58%| E|  |TAMS 0x0000000712a00000, 0x0000000712a00000| Complete 
| 121|0x0000000712c00000, 0x0000000712e00000, 0x0000000712e00000|100%| E|  |TAMS 0x0000000712c00000, 0x0000000712c00000| Complete 
| 122|0x0000000712e00000, 0x0000000713000000, 0x0000000713000000|100%| E|CS|TAMS 0x0000000712e00000, 0x0000000712e00000| Complete 
| 123|0x0000000713000000, 0x0000000713200000, 0x0000000713200000|100%| E|CS|TAMS 0x0000000713000000, 0x0000000713000000| Complete 
| 124|0x0000000713200000, 0x0000000713400000, 0x0000000713400000|100%| E|CS|TAMS 0x0000000713200000, 0x0000000713200000| Complete 
| 125|0x0000000713400000, 0x0000000713600000, 0x0000000713600000|100%| E|CS|TAMS 0x0000000713400000, 0x0000000713400000| Complete 
| 126|0x0000000713600000, 0x0000000713800000, 0x0000000713800000|100%| E|CS|TAMS 0x0000000713600000, 0x0000000713600000| Complete 

Card table byte_map: [0x000001b8ef390000,0x000001b8efb80000] _byte_map_base: 0x000001b8ebb73000

Marking Bits (Prev, Next): (CMBitMap*) 0x000001b8d7db4c50, (CMBitMap*) 0x000001b8d7db4c90
 Prev Bits: [0x000001b8f0370000, 0x000001b8f4288000)
 Next Bits: [0x000001b8f4290000, 0x000001b8f81a8000)

Polling page: 0x000001b8d5a10000

Metaspace:

Usage:
  Non-class:    909.20 KB used.
      Class:     78.84 KB used.
       Both:    988.05 KB used.

Virtual space:
  Non-class space:       64.00 MB reserved,     960.00 KB (  1%) committed,  1 nodes.
      Class space:        1.00 GB reserved,     128.00 KB ( <1%) committed,  1 nodes.
             Both:        1.06 GB reserved,       1.06 MB ( <1%) committed. 

Chunk freelists:
   Non-Class:  3.78 MB
       Class:  3.71 MB
        Both:  7.50 MB

MaxMetaspaceSize: unlimited
CompressedClassSpaceSize: 1.00 GB
Initial GC threshold: 21.00 MB
Current GC threshold: 21.00 MB
CDS: on
MetaspaceReclaimPolicy: balanced
 - commit_granule_bytes: 65536.
 - commit_granule_words: 8192.
 - virtual_space_node_default_size: 8388608.
 - enlarge_chunks_in_place: 1.
 - new_chunks_are_fully_committed: 0.
 - uncommit_free_chunks: 1.
 - use_allocation_guard: 0.


Internal statistics:

num_allocs_failed_limit: 0.
num_arena_births: 12.
num_arena_deaths: 0.
num_vsnodes_births: 2.
num_vsnodes_deaths: 0.
num_space_committed: 17.
num_space_uncommitted: 0.
num_chunks_returned_to_freelist: 0.
num_chunks_taken_from_freelist: 27.
num_chunk_merges: 0.
num_chunk_splits: 14.
num_chunks_enlarged: 10.
num_inconsistent_stats: 0.

CodeHeap 'non-profiled nmethods': size=120000Kb used=133Kb max_used=133Kb free=119866Kb
 bounds [0x000001b8e7120000, 0x000001b8e7390000, 0x000001b8ee650000]
CodeHeap 'profiled nmethods': size=120000Kb used=675Kb max_used=675Kb free=119325Kb
 bounds [0x000001b8dfbf0000, 0x000001b8dfe60000, 0x000001b8e7120000]
CodeHeap 'non-nmethods': size=5760Kb used=1114Kb max_used=1146Kb free=4645Kb
 bounds [0x000001b8df650000, 0x000001b8df8c0000, 0x000001b8dfbf0000]
 total_blobs=800 nmethods=419 adapters=294
 compilation: enabled
              stopped_count=0, restarted_count=0
 full_count=0

Compilation events (20 events):
Event: 0.165 Thread 0x000001b8fa8e5810  381       3       java.lang.ref.Cleaner::register (25 bytes)
Event: 0.165 Thread 0x000001b8fa8e5810 nmethod 381 0x000001b8dfc80610 code [0x000001b8dfc80800, 0x000001b8dfc80d68]
Event: 0.165 Thread 0x000001b8fa8e5810  382       3       jdk.internal.ref.CleanerImpl$PhantomCleanableRef::<init> (12 bytes)
Event: 0.166 Thread 0x000001b8fa8e5810 nmethod 382 0x000001b8dfc80f90 code [0x000001b8dfc81140, 0x000001b8dfc812e8]
Event: 0.166 Thread 0x000001b8fa8e5810  383       3       java.lang.String::newStringUTF8NoRepl (276 bytes)
Event: 0.167 Thread 0x000001b8fa8e5810 nmethod 383 0x000001b8dfc81390 code [0x000001b8dfc81660, 0x000001b8dfc827e8]
Event: 0.167 Thread 0x000001b8fa8e5810  385       3       java.io.File::isInvalid (47 bytes)
Event: 0.167 Thread 0x000001b8fa8e5810 nmethod 385 0x000001b8dfc82d90 code [0x000001b8dfc82f40, 0x000001b8dfc83228]
Event: 0.167 Thread 0x000001b8fa8e5810  384   !   3       java.util.jar.JarFile::isMultiRelease (33 bytes)
Event: 0.167 Thread 0x000001b8fa8e5810 nmethod 384 0x000001b8dfc83310 code [0x000001b8dfc834c0, 0x000001b8dfc836c8]
Event: 0.168 Thread 0x000001b8fa8e5810  386   !   3       java.util.zip.InflaterInputStream::read (122 bytes)
Event: 0.168 Thread 0x000001b8fa8e5810 nmethod 386 0x000001b8dfc83790 code [0x000001b8dfc83a40, 0x000001b8dfc847d8]
Event: 0.168 Thread 0x000001b8fa8e5810  387       3       java.util.zip.InflaterInputStream::ensureOpen (18 bytes)
Event: 0.168 Thread 0x000001b8fa8e5810 nmethod 387 0x000001b8dfc84e10 code [0x000001b8dfc84fc0, 0x000001b8dfc851e8]
Event: 0.168 Thread 0x000001b8fa8e5810  388       3       java.util.HashMap::containsKey (14 bytes)
Event: 0.168 Thread 0x000001b8fa8e5810 nmethod 388 0x000001b8dfc85310 code [0x000001b8dfc854c0, 0x000001b8dfc85668]
Event: 0.169 Thread 0x000001b8fa8e5810  389       3       java.io.InputStream::<init> (5 bytes)
Event: 0.169 Thread 0x000001b8fa8e5810 nmethod 389 0x000001b8dfc85710 code [0x000001b8dfc858a0, 0x000001b8dfc859f8]
Event: 0.170 Thread 0x000001b8ff192020  390 %     4       java.util.jar.JarFile::match @ 27 (132 bytes)
Event: 0.170 Thread 0x000001b8fa8e5810  391       3       java.io.WinNTFileSystem::normalizePrefix (132 bytes)

GC Heap History (0 events):
No events

Deoptimization events (20 events):
Event: 0.116 Thread 0x000001b8d7d465c0 DEOPT PACKING pc=0x000001b8dfc1ce0c sp=0x00000067ea9fdff0
Event: 0.117 Thread 0x000001b8d7d465c0 DEOPT UNPACKING pc=0x000001b8df6a2b43 sp=0x00000067ea9fd480 mode 0
Event: 0.117 Thread 0x000001b8d7d465c0 DEOPT PACKING pc=0x000001b8dfc1ce0c sp=0x00000067ea9fdff0
Event: 0.117 Thread 0x000001b8d7d465c0 DEOPT UNPACKING pc=0x000001b8df6a2b43 sp=0x00000067ea9fd480 mode 0
Event: 0.117 Thread 0x000001b8d7d465c0 DEOPT PACKING pc=0x000001b8dfc1ce0c sp=0x00000067ea9fdff0
Event: 0.117 Thread 0x000001b8d7d465c0 DEOPT UNPACKING pc=0x000001b8df6a2b43 sp=0x00000067ea9fd480 mode 0
Event: 0.118 Thread 0x000001b8d7d465c0 DEOPT PACKING pc=0x000001b8dfc1ce0c sp=0x00000067ea9fdff0
Event: 0.118 Thread 0x000001b8d7d465c0 DEOPT UNPACKING pc=0x000001b8df6a2b43 sp=0x00000067ea9fd480 mode 0
Event: 0.119 Thread 0x000001b8d7d465c0 DEOPT PACKING pc=0x000001b8dfc1ce0c sp=0x00000067ea9fdff0
Event: 0.119 Thread 0x000001b8d7d465c0 DEOPT UNPACKING pc=0x000001b8df6a2b43 sp=0x00000067ea9fd480 mode 0
Event: 0.119 Thread 0x000001b8d7d465c0 DEOPT PACKING pc=0x000001b8dfc1ce0c sp=0x00000067ea9fdff0
Event: 0.119 Thread 0x000001b8d7d465c0 DEOPT UNPACKING pc=0x000001b8df6a2b43 sp=0x00000067ea9fd480 mode 0
Event: 0.128 Thread 0x000001b8d7d465c0 Uncommon trap: trap_request=0xffffff45 fr.pc=0x000001b8e7137020 relative=0x00000000000005e0
Event: 0.128 Thread 0x000001b8d7d465c0 Uncommon trap: reason=unstable_if action=reinterpret pc=0x000001b8e7137020 method=java.util.zip.ZipFile$Source.checkAndAddEntry(II)I @ 50 c2
Event: 0.128 Thread 0x000001b8d7d465c0 DEOPT PACKING pc=0x000001b8e7137020 sp=0x00000067ea9fe110
Event: 0.128 Thread 0x000001b8d7d465c0 DEOPT UNPACKING pc=0x000001b8df6a23a3 sp=0x00000067ea9fe088 mode 2
Event: 0.152 Thread 0x000001b8d7d465c0 DEOPT PACKING pc=0x000001b8dfc04168 sp=0x00000067ea9fe6d0
Event: 0.152 Thread 0x000001b8d7d465c0 DEOPT UNPACKING pc=0x000001b8df6a2b43 sp=0x00000067ea9fdb60 mode 0
Event: 0.158 Thread 0x000001b8d7d465c0 DEOPT PACKING pc=0x000001b8dfc04168 sp=0x00000067ea9fe6d0
Event: 0.158 Thread 0x000001b8d7d465c0 DEOPT UNPACKING pc=0x000001b8df6a2b43 sp=0x00000067ea9fdb60 mode 0

Classes loaded (20 events):
Event: 0.102 Loading class java/util/Collections$SingletonList
Event: 0.102 Loading class java/util/Collections$SingletonList done
Event: 0.104 Loading class java/util/stream/ReduceOps$2
Event: 0.104 Loading class java/util/stream/ReduceOps$2 done
Event: 0.104 Loading class java/util/stream/ReduceOps$2ReducingSink
Event: 0.104 Loading class java/util/stream/ReduceOps$2ReducingSink done
Event: 0.104 Loading class sun/management/RuntimeImpl
Event: 0.104 Loading class sun/management/RuntimeImpl done
Event: 0.104 Loading class java/util/Collections$2
Event: 0.105 Loading class java/util/Collections$2 done
Event: 0.107 Loading class sun/management/Util
Event: 0.108 Loading class sun/management/Util done
Event: 0.108 Loading class java/lang/management/ManagementPermission
Event: 0.108 Loading class java/lang/management/ManagementPermission done
Event: 0.109 Loading class java/net/MalformedURLException
Event: 0.109 Loading class java/net/MalformedURLException done
Event: 0.114 Loading class jdk/internal/loader/URLClassPath$FileLoader
Event: 0.114 Loading class jdk/internal/loader/URLClassPath$FileLoader done
Event: 0.114 Loading class sun/nio/cs/UTF_8$Decoder
Event: 0.114 Loading class sun/nio/cs/UTF_8$Decoder done

Classes unloaded (0 events):
No events

Classes redefined (0 events):
No events

Internal exceptions (2 events):
Event: 0.084 Thread 0x000001b8d7d465c0 Exception <a 'java/lang/NoSuchMethodError'{0x00000007134fb838}: 'java.lang.Object java.lang.invoke.DirectMethodHandle$Holder.invokeStaticInit(java.lang.Object)'> (0x00000007134fb838) 
thrown [s\open\src\hotspot\share\interpreter\linkResolver.cpp, line 759]
Event: 0.105 Thread 0x000001b8d7d465c0 Exception <a 'java/lang/NoSuchMethodError'{0x000000071352a978}: 'int java.lang.invoke.DirectMethodHandle$Holder.invokeSpecial(java.lang.Object, java.lang.Object, java.lang.Object)'> (0x000000071352a978) 
thrown [s\open\src\hotspot\share\interpreter\linkResolver.cpp, line 759]

VM Operations (2 events):
Event: 0.047 Executing VM operation: HandshakeAllThreads
Event: 0.047 Executing VM operation: HandshakeAllThreads done

Events (20 events):
Event: 0.018 Loaded shared library C:\Program Files\Java\jdk-18.0.2.1\bin\jsvml.dll
Event: 0.018 Thread 0x000001b8d7d465c0 Thread added: 0x000001b8d7d465c0
Event: 0.020 Thread 0x000001b8fa8cadc0 Thread added: 0x000001b8fa8cadc0
Event: 0.020 Thread 0x000001b8fa8cb670 Thread added: 0x000001b8fa8cb670
Event: 0.028 Thread 0x000001b8fa8e3220 Thread added: 0x000001b8fa8e3220
Event: 0.028 Thread 0x000001b8fa8e3ad0 Thread added: 0x000001b8fa8e3ad0
Event: 0.028 Thread 0x000001b8fa8e4380 Thread added: 0x000001b8fa8e4380
Event: 0.028 Thread 0x000001b8fa8e4c30 Thread added: 0x000001b8fa8e4c30
Event: 0.028 Thread 0x000001b8fa8ed550 Thread added: 0x000001b8fa8ed550
Event: 0.028 Thread 0x000001b8fa8e5810 Thread added: 0x000001b8fa8e5810
Event: 0.028 Thread 0x000001b8fa8efe50 Thread added: 0x000001b8fa8efe50
Event: 0.039 Thread 0x000001b8ff117e40 Thread added: 0x000001b8ff117e40
Event: 0.040 Thread 0x000001b8ff11ada0 Thread added: 0x000001b8ff11ada0
Event: 0.043 Loaded shared library C:\Program Files\Java\jdk-18.0.2.1\bin\net.dll
Event: 0.045 Loaded shared library C:\Program Files\Java\jdk-18.0.2.1\bin\nio.dll
Event: 0.047 Loaded shared library C:\Program Files\Java\jdk-18.0.2.1\bin\zip.dll
Event: 0.065 Thread 0x000001b8ff192020 Thread added: 0x000001b8ff192020
Event: 0.088 Loaded shared library C:\Program Files\Java\jdk-18.0.2.1\bin\management.dll
Event: 0.093 Loaded shared library C:\Program Files\Java\jdk-18.0.2.1\bin\management_ext.dll
Event: 0.112 Loaded shared library C:\Program Files\Java\jdk-18.0.2.1\bin\jimage.dll


Dynamic libraries:
0x00007ff6da300000 - 0x00007ff6da310000 	C:\Program Files\Java\jdk-18.0.2.1\bin\java.exe
0x00007ffe89590000 - 0x00007ffe897a6000 	C:\WINDOWS\SYSTEM32\ntdll.dll
0x00007ffe88880000 - 0x00007ffe88944000 	C:\WINDOWS\System32\KERNEL32.DLL
0x00007ffe86b40000 - 0x00007ffe86ee6000 	C:\WINDOWS\System32\KERNELBASE.dll
0x00007ffe870d0000 - 0x00007ffe871e1000 	C:\WINDOWS\System32\ucrtbase.dll
0x00007ffe71250000 - 0x00007ffe71268000 	C:\Program Files\Java\jdk-18.0.2.1\bin\jli.dll
0x00007ffe71230000 - 0x00007ffe7124a000 	C:\Program Files\Java\jdk-18.0.2.1\bin\VCRUNTIME140.dll
0x00007ffe89160000 - 0x00007ffe89212000 	C:\WINDOWS\System32\ADVAPI32.dll
0x00007ffe87a50000 - 0x00007ffe87af7000 	C:\WINDOWS\System32\msvcrt.dll
0x00007ffe88ad0000 - 0x00007ffe88b78000 	C:\WINDOWS\System32\sechost.dll
0x00007ffe872b0000 - 0x00007ffe872d8000 	C:\WINDOWS\System32\bcrypt.dll
0x00007ffe88600000 - 0x00007ffe88715000 	C:\WINDOWS\System32\RPCRT4.dll
0x00007ffe877d0000 - 0x00007ffe8797d000 	C:\WINDOWS\System32\USER32.dll
0x00007ffe869f0000 - 0x00007ffe86a16000 	C:\WINDOWS\System32\win32u.dll
0x00007ffe89280000 - 0x00007ffe892a9000 	C:\WINDOWS\System32\GDI32.dll
0x00007ffe6fab0000 - 0x00007ffe6fd43000 	C:\WINDOWS\WinSxS\amd64_microsoft.windows.common-controls_6595b64144ccf1df_6.0.22621.3235_none_270f74e173860f98\COMCTL32.dll
0x00007ffe86a20000 - 0x00007ffe86b38000 	C:\WINDOWS\System32\gdi32full.dll
0x00007ffe868d0000 - 0x00007ffe8696a000 	C:\WINDOWS\System32\msvcp_win.dll
0x00007ffe86350000 - 0x00007ffe8635a000 	C:\WINDOWS\SYSTEM32\VERSION.dll
0x00007ffe89090000 - 0x00007ffe890c1000 	C:\WINDOWS\System32\IMM32.DLL
0x0000000051d40000 - 0x0000000051d4c000 	C:\Program Files (x86)\360\Total Security\safemon\SafeWrapper.dll
0x00007ffe6cb60000 - 0x00007ffe6cbf2000 	C:\Program Files (x86)\360\Total Security\safemon\libzdtp64.dll
0x00007ffe87b00000 - 0x00007ffe8835d000 	C:\WINDOWS\System32\SHELL32.dll
0x00007ffe88820000 - 0x00007ffe8887e000 	C:\WINDOWS\System32\SHLWAPI.dll
0x00007ffe819c0000 - 0x00007ffe819cc000 	C:\Program Files\Java\jdk-18.0.2.1\bin\vcruntime140_1.dll
0x00007ffe55a50000 - 0x00007ffe55add000 	C:\Program Files\Java\jdk-18.0.2.1\bin\msvcp140.dll
0x00007ffe3f470000 - 0x00007ffe40081000 	C:\Program Files\Java\jdk-18.0.2.1\bin\server\jvm.dll
0x00007ffe88950000 - 0x00007ffe88958000 	C:\WINDOWS\System32\PSAPI.DLL
0x00007ffe7e5d0000 - 0x00007ffe7e604000 	C:\WINDOWS\SYSTEM32\WINMM.dll
0x00007ffe818f0000 - 0x00007ffe818f9000 	C:\WINDOWS\SYSTEM32\WSOCK32.dll
0x00007ffe87750000 - 0x00007ffe877c1000 	C:\WINDOWS\System32\WS2_32.dll
0x00007ffe85990000 - 0x00007ffe859a8000 	C:\WINDOWS\SYSTEM32\kernel.appcore.dll
0x00007ffe733f0000 - 0x00007ffe733fa000 	C:\Program Files\Java\jdk-18.0.2.1\bin\jimage.dll
0x00007ffe84180000 - 0x00007ffe843b3000 	C:\WINDOWS\SYSTEM32\DBGHELP.DLL
0x00007ffe873c0000 - 0x00007ffe87748000 	C:\WINDOWS\System32\combase.dll
0x00007ffe88360000 - 0x00007ffe88437000 	C:\WINDOWS\System32\OLEAUT32.dll
0x00007ffe7c500000 - 0x00007ffe7c532000 	C:\WINDOWS\SYSTEM32\dbgcore.DLL
0x00007ffe86970000 - 0x00007ffe869ea000 	C:\WINDOWS\System32\bcryptPrimitives.dll
0x00007ffe709c0000 - 0x00007ffe709e5000 	C:\Program Files\Java\jdk-18.0.2.1\bin\java.dll
0x00007ffe46270000 - 0x00007ffe46346000 	C:\Program Files\Java\jdk-18.0.2.1\bin\jsvml.dll
0x00007ffe847d0000 - 0x00007ffe850c8000 	C:\WINDOWS\SYSTEM32\windows.storage.dll
0x00007ffe84690000 - 0x00007ffe847ce000 	C:\WINDOWS\SYSTEM32\wintypes.dll
0x00007ffe892b0000 - 0x00007ffe893a3000 	C:\WINDOWS\System32\SHCORE.dll
0x00007ffe86800000 - 0x00007ffe86826000 	C:\WINDOWS\SYSTEM32\profapi.dll
0x00007ffe71210000 - 0x00007ffe71223000 	C:\Program Files\Java\jdk-18.0.2.1\bin\net.dll
0x00007ffe80a60000 - 0x00007ffe80b97000 	C:\WINDOWS\SYSTEM32\WINHTTP.dll
0x00007ffe85e10000 - 0x00007ffe85e79000 	C:\WINDOWS\system32\mswsock.dll
0x00007ffe70e60000 - 0x00007ffe70e76000 	C:\Program Files\Java\jdk-18.0.2.1\bin\nio.dll
0x00007ffe709a0000 - 0x00007ffe709b8000 	C:\Program Files\Java\jdk-18.0.2.1\bin\zip.dll
0x00007ffe70cd0000 - 0x00007ffe70cd9000 	C:\Program Files\Java\jdk-18.0.2.1\bin\management.dll
0x00007ffe70560000 - 0x00007ffe7056b000 	C:\Program Files\Java\jdk-18.0.2.1\bin\management_ext.dll

dbghelp: loaded successfully - version: 4.0.5 - missing functions: none
symbol engine: initialized successfully - sym options: 0x614 - pdb path: .;C:\Program Files\Java\jdk-18.0.2.1\bin;C:\WINDOWS\SYSTEM32;C:\WINDOWS\WinSxS\amd64_microsoft.windows.common-controls_6595b64144ccf1df_6.0.22621.3235_none_270f74e173860f98;C:\Program Files (x86)\360\Total Security\safemon;C:\Program Files\Java\jdk-18.0.2.1\bin\server

VM Arguments:
java_command: C:\Users\ADMIN\AppData\Local\Temp\surefire11743056029601660640\surefirebooter-20240406180425569_3.jar C:\Users\ADMIN\AppData\Local\Temp\surefire11743056029601660640 2024-04-06T18-04-25_400-jvmRun1 surefire-20240406180425569_1tmp surefire_0-20240406180425569_2tmp
java_class_path (initial): C:\Users\ADMIN\AppData\Local\Temp\surefire11743056029601660640\surefirebooter-20240406180425569_3.jar
Launcher Type: SUN_STANDARD

[Global flags]
     intx CICompilerCount                          = 4                                         {product} {ergonomic}
     uint ConcGCThreads                            = 3                                         {product} {ergonomic}
     uint G1ConcRefinementThreads                  = 10                                        {product} {ergonomic}
   size_t G1HeapRegionSize                         = 2097152                                   {product} {ergonomic}
    uintx GCDrainStackTargetSize                   = 64                                        {product} {ergonomic}
   size_t InitialHeapSize                          = 266338304                                 {product} {ergonomic}
   size_t MarkStackSize                            = 4194304                                   {product} {ergonomic}
   size_t MaxHeapSize                              = 4234149888                                {product} {ergonomic}
   size_t MaxNewSize                               = 2539651072                                {product} {ergonomic}
   size_t MinHeapDeltaBytes                        = 2097152                                   {product} {ergonomic}
   size_t MinHeapSize                              = 8388608                                   {product} {ergonomic}
    uintx NonNMethodCodeHeapSize                   = 5839372                                {pd product} {ergonomic}
    uintx NonProfiledCodeHeapSize                  = 122909434                              {pd product} {ergonomic}
    uintx ProfiledCodeHeapSize                     = 122909434                              {pd product} {ergonomic}
    uintx ReservedCodeCacheSize                    = 251658240                              {pd product} {ergonomic}
     bool SegmentedCodeCache                       = true                                      {product} {ergonomic}
   size_t SoftMaxHeapSize                          = 4234149888                             {manageable} {ergonomic}
     bool UseCompressedClassPointers               = true                           {product lp64_product} {ergonomic}
     bool UseCompressedOops                        = true                           {product lp64_product} {ergonomic}
     bool UseG1GC                                  = true                                      {product} {ergonomic}
     bool UseLargePagesIndividualAllocation        = false                                  {pd product} {ergonomic}

Logging:
Log output configuration:
 #0: stdout all=warning uptime,level,tags foldmultilines=false
 #1: stderr all=off uptime,level,tags foldmultilines=false

Environment Variables:
PATH=C:\Program Files\Eclipse Adoptium\jdk-17.0.8.101-hotspot\bin;C:\Program Files\Common Files\Oracle\Java\javapath;C:\Program Files\Microsoft MPI\Bin\;C:\WINDOWS\system32;C:\WINDOWS;C:\WINDOWS\System32\Wbem;C:\WINDOWS\System32\WindowsPowerShell\v1.0\;C:\WINDOWS\System32\OpenSSH\;C:\Program Files (x86)\Microsoft SQL Server\160\Tools\Binn\;C:\Program Files\Microsoft SQL Server\160\Tools\Binn\;C:\Program Files\Microsoft SQL Server\Client SDK\ODBC\170\Tools\Binn\;C:\Program Files\Microsoft SQL Server\160\DTS\Binn\;C:\Program Files (x86)\Microsoft SQL Server\160\DTS\Binn\;C:\Program Files\Azure Data Studio\bin;E:\Git\cmd;C:\Program Files\Java\jdk-17\bin;C:\Program Files\nodejs\;C:\Program Files\PuTTY\;C:\Program Files\dotnet\;C:\Users\ADMIN\AppData\Local\Microsoft\WindowsApps;;C:\Program Files\Azure Data Studio\bin;D:\Microsoft VS Code\bin;C:\Users\ADMIN\AppData\Roaming\npm;C:\Program Files\heroku\bin
USERNAME=ADMIN
OS=Windows_NT
PROCESSOR_IDENTIFIER=Intel64 Family 6 Model 165 Stepping 2, GenuineIntel



---------------  S Y S T E M  ---------------

OS:
 Windows 11 , 64 bit Build 22621 (10.0.22621.3235)
OS uptime: 3 days 1:20 hours

CPU: total 12 (initial active 12) (6 cores per cpu, 2 threads per core) family 6 model 165 stepping 2 microcode 0xf8, cx8, cmov, fxsr, ht, mmx, 3dnowpref, sse, sse2, sse3, ssse3, sse4.1, sse4.2, popcnt, lzcnt, tsc, tscinvbit, avx, avx2, aes, erms, clmul, bmi1, bmi2, adx, fma, vzeroupper, clflush, clflushopt

Memory: 4k page, system-wide physical 16145M (1118M free)
TotalPageFile size 29932M (AvailPageFile size 4M)
current process WorkingSet (physical memory assigned to process): 53M, peak: 53M
current process commit charge ("private bytes"): 354M, peak: 354M

vm_info: Java HotSpot(TM) 64-Bit Server VM (18.0.2.1+1-1) for windows-amd64 JRE (18.0.2.1+1-1), built on Aug 16 2022 01:46:33 by "mach5one" with MS VC++ 16.8 / 16.9 (VS2019)

END.
